<?xml version="1.0" encoding="utf-8"?>
<CoverageSession xmlns:xsd="http://www.w3.org/2001/XMLSchema" xmlns:xsi="http://www.w3.org/2001/XMLSchema-instance" Version="4.6.0.0">
  <Summary numSequencePoints="308" visitedSequencePoints="308" numBranchPoints="82" visitedBranchPoints="81" sequenceCoverage="100" branchCoverage="98.78" maxCyclomaticComplexity="5" minCyclomaticComplexity="0" maxCrapScore="5" minCrapScore="0" visitedClasses="19" numClasses="19" visitedMethods="58" numMethods="58" />
  <Modules>
    <Module hash="75-B6-0B-6F-84-08-83-0A-66-1B-E5-A3-4A-B3-AF-12-8B-63-62-62">
      <Summary numSequencePoints="108" visitedSequencePoints="108" numBranchPoints="41" visitedBranchPoints="40" sequenceCoverage="100" branchCoverage="97.56" maxCyclomaticComplexity="5" minCyclomaticComplexity="1" maxCrapScore="5" minCrapScore="1" visitedClasses="12" numClasses="12" visitedMethods="19" numMethods="19" />
      <ModulePath>C:\Users\ndduser\Desktop\Academia 2018\Dupla 12\Projeto-Loterica\Loterica.Aplication.Tests\bin\Debug\Loterica.Domain.dll</ModulePath>
      <ModuleTime>2018-05-17T16:41:37.995674Z</ModuleTime>
      <ModuleName>Loterica.Domain</ModuleName>
      <Files>
        <File uid="1" fullPath="C:\Users\ndduser\Desktop\Academia 2018\Dupla 12\Projeto-Loterica\Loterica.Domain\Features\Concursos\Concurso.cs" />
        <File uid="2" fullPath="C:\Users\ndduser\Desktop\Academia 2018\Dupla 12\Projeto-Loterica\Loterica.Domain\Features\Concursos\InvalidDateTimeException.cs" />
        <File uid="3" fullPath="C:\Users\ndduser\Desktop\Academia 2018\Dupla 12\Projeto-Loterica\Loterica.Domain\Features\Concursos\ExcludeConcursoException.cs" />
        <File uid="4" fullPath="C:\Users\ndduser\Desktop\Academia 2018\Dupla 12\Projeto-Loterica\Loterica.Domain\Features\Boloes\Bolao.cs" />
        <File uid="5" fullPath="C:\Users\ndduser\Desktop\Academia 2018\Dupla 12\Projeto-Loterica\Loterica.Domain\Features\Boloes\InvalidBolaoConcursoException.cs" />
        <File uid="6" fullPath="C:\Users\ndduser\Desktop\Academia 2018\Dupla 12\Projeto-Loterica\Loterica.Domain\Features\Apostas\Aposta.cs" />
        <File uid="7" fullPath="C:\Users\ndduser\Desktop\Academia 2018\Dupla 12\Projeto-Loterica\Loterica.Domain\Features\Apostas\InvalidBetException.cs" />
        <File uid="8" fullPath="C:\Users\ndduser\Desktop\Academia 2018\Dupla 12\Projeto-Loterica\Loterica.Domain\Features\Apostas\InvalidApostaConcursoException.cs" />
        <File uid="9" fullPath="C:\Users\ndduser\Desktop\Academia 2018\Dupla 12\Projeto-Loterica\Loterica.Domain\Features\Apostas\InvalidListApostaException.cs" />
        <File uid="10" fullPath="C:\Users\ndduser\Desktop\Academia 2018\Dupla 12\Projeto-Loterica\Loterica.Domain\Features\Apostas\InvalidNumberException.cs" />
        <File uid="11" fullPath="C:\Users\ndduser\Desktop\Academia 2018\Dupla 12\Projeto-Loterica\Loterica.Domain\Exceptions\UnsupportedOperationException.cs" />
        <File uid="12" fullPath="C:\Users\ndduser\Desktop\Academia 2018\Dupla 12\Projeto-Loterica\Loterica.Domain\Exceptions\BusinessException.cs" />
      </Files>
      <Classes>
        <Class>
          <Summary numSequencePoints="4" visitedSequencePoints="4" numBranchPoints="3" visitedBranchPoints="3" sequenceCoverage="100" branchCoverage="100" maxCyclomaticComplexity="2" minCyclomaticComplexity="1" maxCrapScore="2" minCrapScore="2" visitedClasses="1" numClasses="1" visitedMethods="1" numMethods="1" />
          <FullName>Loterica.Domain.Concurso</FullName>
          <Methods>
            <Method visited="true" cyclomaticComplexity="2" nPathComplexity="2" sequenceCoverage="100" branchCoverage="100" crapScore="2" isConstructor="false" isStatic="false" isGetter="false" isSetter="false">
              <Summary numSequencePoints="4" visitedSequencePoints="4" numBranchPoints="3" visitedBranchPoints="3" sequenceCoverage="100" branchCoverage="100" maxCyclomaticComplexity="2" minCyclomaticComplexity="2" maxCrapScore="2" minCrapScore="2" visitedClasses="0" numClasses="0" visitedMethods="1" numMethods="1" />
              <MetadataToken>100663297</MetadataToken>
              <Name>System.Void Loterica.Domain.Concurso::Validar()</Name>
              <FileRef uid="1" />
              <SequencePoints>
                <SequencePoint vc="10" uspid="1" ordinal="0" offset="0" sl="18" sc="9" el="18" ec="10" bec="0" bev="0" fileid="1" />
                <SequencePoint vc="10" uspid="2" ordinal="1" offset="1" sl="19" sc="13" el="19" ec="47" bec="2" bev="2" fileid="1" />
                <SequencePoint vc="4" uspid="3" ordinal="2" offset="21" sl="20" sc="17" el="20" ec="54" bec="0" bev="0" fileid="1" />
                <SequencePoint vc="6" uspid="4" ordinal="3" offset="27" sl="21" sc="9" el="21" ec="10" bec="0" bev="0" fileid="1" />
              </SequencePoints>
              <BranchPoints>
                <BranchPoint vc="4" uspid="5" ordinal="0" offset="19" sl="19" path="0" offsetend="21" fileid="1" />
                <BranchPoint vc="6" uspid="6" ordinal="1" offset="19" sl="19" path="1" offsetend="27" fileid="1" />
              </BranchPoints>
              <MethodPoint xsi:type="SequencePoint" vc="10" uspid="1" ordinal="0" offset="0" sl="18" sc="9" el="18" ec="10" bec="0" bev="0" fileid="1" />
            </Method>
            <Method visited="false" cyclomaticComplexity="1" nPathComplexity="0" sequenceCoverage="0" branchCoverage="0" crapScore="2" isConstructor="true" isStatic="false" isGetter="false" isSetter="false">
              <Summary numSequencePoints="0" visitedSequencePoints="0" numBranchPoints="0" visitedBranchPoints="0" sequenceCoverage="0" branchCoverage="0" maxCyclomaticComplexity="1" minCyclomaticComplexity="1" maxCrapScore="2" minCrapScore="2" visitedClasses="0" numClasses="0" visitedMethods="0" numMethods="0" />
              <MetadataToken>100663298</MetadataToken>
              <Name>System.Void Loterica.Domain.Concurso::.ctor()</Name>
              <SequencePoints />
              <BranchPoints />
              <MethodPoint vc="0" uspid="7" ordinal="0" offset="0" />
            </Method>
          </Methods>
        </Class>
        <Class>
          <Summary numSequencePoints="3" visitedSequencePoints="3" numBranchPoints="1" visitedBranchPoints="1" sequenceCoverage="100" branchCoverage="100" maxCyclomaticComplexity="1" minCyclomaticComplexity="1" maxCrapScore="1" minCrapScore="1" visitedClasses="1" numClasses="1" visitedMethods="1" numMethods="1" />
          <FullName>Loterica.Domain.Concursos.InvalidDateTimeException</FullName>
          <Methods>
            <Method visited="true" cyclomaticComplexity="1" nPathComplexity="0" sequenceCoverage="100" branchCoverage="100" crapScore="1" isConstructor="true" isStatic="false" isGetter="false" isSetter="false">
              <Summary numSequencePoints="3" visitedSequencePoints="3" numBranchPoints="1" visitedBranchPoints="1" sequenceCoverage="100" branchCoverage="100" maxCyclomaticComplexity="1" minCyclomaticComplexity="1" maxCrapScore="1" minCrapScore="1" visitedClasses="0" numClasses="0" visitedMethods="1" numMethods="1" />
              <MetadataToken>100663299</MetadataToken>
              <Name>System.Void Loterica.Domain.Concursos.InvalidDateTimeException::.ctor()</Name>
              <FileRef uid="2" />
              <SequencePoints>
                <SequencePoint vc="4" uspid="8" ordinal="0" offset="0" sl="12" sc="45" el="12" ec="76" bec="0" bev="0" fileid="2" />
                <SequencePoint vc="4" uspid="9" ordinal="1" offset="12" sl="13" sc="9" el="13" ec="10" bec="0" bev="0" fileid="2" />
                <SequencePoint vc="4" uspid="10" ordinal="2" offset="13" sl="14" sc="9" el="14" ec="10" bec="0" bev="0" fileid="2" />
              </SequencePoints>
              <BranchPoints />
              <MethodPoint xsi:type="SequencePoint" vc="4" uspid="8" ordinal="0" offset="0" sl="12" sc="45" el="12" ec="76" bec="0" bev="0" fileid="2" />
            </Method>
          </Methods>
        </Class>
        <Class>
          <Summary numSequencePoints="3" visitedSequencePoints="3" numBranchPoints="1" visitedBranchPoints="1" sequenceCoverage="100" branchCoverage="100" maxCyclomaticComplexity="1" minCyclomaticComplexity="1" maxCrapScore="1" minCrapScore="1" visitedClasses="1" numClasses="1" visitedMethods="1" numMethods="1" />
          <FullName>Loterica.Domain.Features.Concursos.ExcludeConcursoException</FullName>
          <Methods>
            <Method visited="true" cyclomaticComplexity="1" nPathComplexity="0" sequenceCoverage="100" branchCoverage="100" crapScore="1" isConstructor="true" isStatic="false" isGetter="false" isSetter="false">
              <Summary numSequencePoints="3" visitedSequencePoints="3" numBranchPoints="1" visitedBranchPoints="1" sequenceCoverage="100" branchCoverage="100" maxCyclomaticComplexity="1" minCyclomaticComplexity="1" maxCrapScore="1" minCrapScore="1" visitedClasses="0" numClasses="0" visitedMethods="1" numMethods="1" />
              <MetadataToken>100663300</MetadataToken>
              <Name>System.Void Loterica.Domain.Features.Concursos.ExcludeConcursoException::.ctor()</Name>
              <FileRef uid="3" />
              <SequencePoints>
                <SequencePoint vc="1" uspid="11" ordinal="0" offset="0" sl="12" sc="45" el="12" ec="100" bec="0" bev="0" fileid="3" />
                <SequencePoint vc="1" uspid="12" ordinal="1" offset="12" sl="13" sc="9" el="13" ec="10" bec="0" bev="0" fileid="3" />
                <SequencePoint vc="1" uspid="13" ordinal="2" offset="13" sl="14" sc="9" el="14" ec="10" bec="0" bev="0" fileid="3" />
              </SequencePoints>
              <BranchPoints />
              <MethodPoint xsi:type="SequencePoint" vc="1" uspid="11" ordinal="0" offset="0" sl="12" sc="45" el="12" ec="100" bec="0" bev="0" fileid="3" />
            </Method>
          </Methods>
        </Class>
        <Class>
          <Summary numSequencePoints="25" visitedSequencePoints="25" numBranchPoints="10" visitedBranchPoints="10" sequenceCoverage="100" branchCoverage="100" maxCyclomaticComplexity="3" minCyclomaticComplexity="1" maxCrapScore="3" minCrapScore="1" visitedClasses="1" numClasses="1" visitedMethods="4" numMethods="4" />
          <FullName>Loterica.Domain.Features.Boloes.Bolao</FullName>
          <Methods>
            <Method visited="true" cyclomaticComplexity="1" nPathComplexity="0" sequenceCoverage="100" branchCoverage="100" crapScore="1" isConstructor="true" isStatic="false" isGetter="false" isSetter="false">
              <Summary numSequencePoints="5" visitedSequencePoints="5" numBranchPoints="1" visitedBranchPoints="1" sequenceCoverage="100" branchCoverage="100" maxCyclomaticComplexity="1" minCyclomaticComplexity="1" maxCrapScore="1" minCrapScore="1" visitedClasses="0" numClasses="0" visitedMethods="1" numMethods="1" />
              <MetadataToken>100663301</MetadataToken>
              <Name>System.Void Loterica.Domain.Features.Boloes.Bolao::.ctor()</Name>
              <FileRef uid="4" />
              <SequencePoints>
                <SequencePoint vc="23" uspid="14" ordinal="0" offset="0" sl="17" sc="9" el="17" ec="23" bec="0" bev="0" fileid="4" />
                <SequencePoint vc="23" uspid="15" ordinal="1" offset="7" sl="18" sc="9" el="18" ec="10" bec="0" bev="0" fileid="4" />
                <SequencePoint vc="23" uspid="16" ordinal="2" offset="8" sl="19" sc="13" el="19" ec="42" bec="0" bev="0" fileid="4" />
                <SequencePoint vc="23" uspid="17" ordinal="3" offset="19" sl="20" sc="13" el="20" ec="39" bec="0" bev="0" fileid="4" />
                <SequencePoint vc="23" uspid="18" ordinal="4" offset="30" sl="21" sc="9" el="21" ec="10" bec="0" bev="0" fileid="4" />
              </SequencePoints>
              <BranchPoints />
              <MethodPoint xsi:type="SequencePoint" vc="23" uspid="14" ordinal="0" offset="0" sl="17" sc="9" el="17" ec="23" bec="0" bev="0" fileid="4" />
            </Method>
            <Method visited="true" cyclomaticComplexity="3" nPathComplexity="4" sequenceCoverage="100" branchCoverage="100" crapScore="3" isConstructor="false" isStatic="false" isGetter="false" isSetter="false">
              <Summary numSequencePoints="6" visitedSequencePoints="6" numBranchPoints="5" visitedBranchPoints="5" sequenceCoverage="100" branchCoverage="100" maxCyclomaticComplexity="3" minCyclomaticComplexity="3" maxCrapScore="3" minCrapScore="3" visitedClasses="0" numClasses="0" visitedMethods="1" numMethods="1" />
              <MetadataToken>100663302</MetadataToken>
              <Name>System.Void Loterica.Domain.Features.Boloes.Bolao::Validar()</Name>
              <FileRef uid="4" />
              <SequencePoints>
                <SequencePoint vc="6" uspid="19" ordinal="0" offset="0" sl="24" sc="9" el="24" ec="10" bec="0" bev="0" fileid="4" />
                <SequencePoint vc="6" uspid="20" ordinal="1" offset="1" sl="25" sc="13" el="25" ec="34" bec="2" bev="2" fileid="4" />
                <SequencePoint vc="1" uspid="21" ordinal="2" offset="19" sl="26" sc="17" el="26" ec="59" bec="0" bev="0" fileid="4" />
                <SequencePoint vc="5" uspid="22" ordinal="3" offset="25" sl="28" sc="13" el="28" ec="36" bec="2" bev="2" fileid="4" />
                <SequencePoint vc="2" uspid="23" ordinal="4" offset="43" sl="29" sc="17" el="29" ec="56" bec="0" bev="0" fileid="4" />
                <SequencePoint vc="3" uspid="24" ordinal="5" offset="49" sl="30" sc="9" el="30" ec="10" bec="0" bev="0" fileid="4" />
              </SequencePoints>
              <BranchPoints>
                <BranchPoint vc="1" uspid="25" ordinal="0" offset="17" sl="25" path="0" offsetend="19" fileid="4" />
                <BranchPoint vc="5" uspid="26" ordinal="1" offset="17" sl="25" path="1" offsetend="25" fileid="4" />
                <BranchPoint vc="2" uspid="27" ordinal="2" offset="41" sl="28" path="0" offsetend="43" fileid="4" />
                <BranchPoint vc="3" uspid="28" ordinal="3" offset="41" sl="28" path="1" offsetend="49" fileid="4" />
              </BranchPoints>
              <MethodPoint xsi:type="SequencePoint" vc="6" uspid="19" ordinal="0" offset="0" sl="24" sc="9" el="24" ec="10" bec="0" bev="0" fileid="4" />
            </Method>
            <Method visited="true" cyclomaticComplexity="1" nPathComplexity="0" sequenceCoverage="100" branchCoverage="100" crapScore="1" isConstructor="false" isStatic="false" isGetter="false" isSetter="false">
              <Summary numSequencePoints="3" visitedSequencePoints="3" numBranchPoints="1" visitedBranchPoints="1" sequenceCoverage="100" branchCoverage="100" maxCyclomaticComplexity="1" minCyclomaticComplexity="1" maxCrapScore="1" minCrapScore="1" visitedClasses="0" numClasses="0" visitedMethods="1" numMethods="1" />
              <MetadataToken>100663303</MetadataToken>
              <Name>System.Void Loterica.Domain.Features.Boloes.Bolao::CalculaValorDoBolao()</Name>
              <FileRef uid="4" />
              <SequencePoints>
                <SequencePoint vc="4" uspid="29" ordinal="0" offset="0" sl="33" sc="9" el="33" ec="10" bec="0" bev="0" fileid="4" />
                <SequencePoint vc="4" uspid="30" ordinal="1" offset="1" sl="34" sc="13" el="34" ec="98" bec="0" bev="0" fileid="4" />
                <SequencePoint vc="4" uspid="31" ordinal="2" offset="45" sl="35" sc="9" el="35" ec="10" bec="0" bev="0" fileid="4" />
              </SequencePoints>
              <BranchPoints />
              <MethodPoint xsi:type="SequencePoint" vc="4" uspid="29" ordinal="0" offset="0" sl="33" sc="9" el="33" ec="10" bec="0" bev="0" fileid="4" />
            </Method>
            <Method visited="true" cyclomaticComplexity="2" nPathComplexity="2" sequenceCoverage="100" branchCoverage="100" crapScore="2" isConstructor="false" isStatic="false" isGetter="false" isSetter="false">
              <Summary numSequencePoints="11" visitedSequencePoints="11" numBranchPoints="3" visitedBranchPoints="3" sequenceCoverage="100" branchCoverage="100" maxCyclomaticComplexity="2" minCyclomaticComplexity="2" maxCrapScore="2" minCrapScore="2" visitedClasses="0" numClasses="0" visitedMethods="1" numMethods="1" />
              <MetadataToken>100663304</MetadataToken>
              <Name>System.Void Loterica.Domain.Features.Boloes.Bolao::GerarApostas(System.Int32)</Name>
              <FileRef uid="4" />
              <SequencePoints>
                <SequencePoint vc="4" uspid="32" ordinal="0" offset="0" sl="38" sc="9" el="38" ec="10" bec="0" bev="0" fileid="4" />
                <SequencePoint vc="4" uspid="33" ordinal="1" offset="1" sl="39" sc="18" el="39" ec="27" bec="0" bev="0" fileid="4" />
                <SequencePoint vc="45" uspid="34" ordinal="2" offset="5" sl="40" sc="13" el="40" ec="14" bec="0" bev="0" fileid="4" />
                <SequencePoint vc="45" uspid="35" ordinal="3" offset="6" sl="41" sc="17" el="41" ec="43" bec="0" bev="0" fileid="4" />
                <SequencePoint vc="45" uspid="36" ordinal="4" offset="12" sl="42" sc="17" el="42" ec="49" bec="0" bev="0" fileid="4" />
                <SequencePoint vc="45" uspid="37" ordinal="5" offset="24" sl="43" sc="17" el="43" ec="45" bec="0" bev="0" fileid="4" />
                <SequencePoint vc="45" uspid="38" ordinal="6" offset="31" sl="44" sc="17" el="44" ec="37" bec="0" bev="0" fileid="4" />
                <SequencePoint vc="45" uspid="39" ordinal="7" offset="44" sl="45" sc="13" el="45" ec="14" bec="0" bev="0" fileid="4" />
                <SequencePoint vc="45" uspid="40" ordinal="8" offset="45" sl="39" sc="48" el="39" ec="51" bec="0" bev="0" fileid="4" />
                <SequencePoint vc="49" uspid="41" ordinal="9" offset="49" sl="39" sc="29" el="39" ec="46" bec="2" bev="2" fileid="4" />
                <SequencePoint vc="4" uspid="42" ordinal="10" offset="57" sl="46" sc="9" el="46" ec="10" bec="0" bev="0" fileid="4" />
              </SequencePoints>
              <BranchPoints>
                <BranchPoint vc="4" uspid="43" ordinal="0" offset="55" sl="39" path="0" offsetend="57" fileid="4" />
                <BranchPoint vc="45" uspid="44" ordinal="1" offset="55" sl="39" path="1" offsetend="5" fileid="4" />
              </BranchPoints>
              <MethodPoint xsi:type="SequencePoint" vc="4" uspid="32" ordinal="0" offset="0" sl="38" sc="9" el="38" ec="10" bec="0" bev="0" fileid="4" />
            </Method>
          </Methods>
        </Class>
        <Class>
          <Summary numSequencePoints="3" visitedSequencePoints="3" numBranchPoints="1" visitedBranchPoints="1" sequenceCoverage="100" branchCoverage="100" maxCyclomaticComplexity="1" minCyclomaticComplexity="1" maxCrapScore="1" minCrapScore="1" visitedClasses="1" numClasses="1" visitedMethods="1" numMethods="1" />
          <FullName>Loterica.Domain.Features.Boloes.InvalidBolaoConcursoException</FullName>
          <Methods>
            <Method visited="true" cyclomaticComplexity="1" nPathComplexity="0" sequenceCoverage="100" branchCoverage="100" crapScore="1" isConstructor="true" isStatic="false" isGetter="false" isSetter="false">
              <Summary numSequencePoints="3" visitedSequencePoints="3" numBranchPoints="1" visitedBranchPoints="1" sequenceCoverage="100" branchCoverage="100" maxCyclomaticComplexity="1" minCyclomaticComplexity="1" maxCrapScore="1" minCrapScore="1" visitedClasses="0" numClasses="0" visitedMethods="1" numMethods="1" />
              <MetadataToken>100663305</MetadataToken>
              <Name>System.Void Loterica.Domain.Features.Boloes.InvalidBolaoConcursoException::.ctor()</Name>
              <FileRef uid="5" />
              <SequencePoints>
                <SequencePoint vc="1" uspid="45" ordinal="0" offset="0" sl="12" sc="50" el="12" ec="101" bec="0" bev="0" fileid="5" />
                <SequencePoint vc="1" uspid="46" ordinal="1" offset="12" sl="13" sc="9" el="13" ec="10" bec="0" bev="0" fileid="5" />
                <SequencePoint vc="1" uspid="47" ordinal="2" offset="13" sl="14" sc="9" el="14" ec="10" bec="0" bev="0" fileid="5" />
              </SequencePoints>
              <BranchPoints />
              <MethodPoint xsi:type="SequencePoint" vc="1" uspid="45" ordinal="0" offset="0" sl="12" sc="50" el="12" ec="101" bec="0" bev="0" fileid="5" />
            </Method>
          </Methods>
        </Class>
        <Class>
          <Summary numSequencePoints="52" visitedSequencePoints="52" numBranchPoints="19" visitedBranchPoints="18" sequenceCoverage="100" branchCoverage="94.74" maxCyclomaticComplexity="5" minCyclomaticComplexity="1" maxCrapScore="5" minCrapScore="1" visitedClasses="1" numClasses="1" visitedMethods="5" numMethods="5" />
          <FullName>Loterica.Domain.Features.Apostas.Aposta</FullName>
          <Methods>
            <Method visited="true" cyclomaticComplexity="1" nPathComplexity="0" sequenceCoverage="100" branchCoverage="100" crapScore="1" isConstructor="true" isStatic="false" isGetter="false" isSetter="false">
              <Summary numSequencePoints="5" visitedSequencePoints="5" numBranchPoints="1" visitedBranchPoints="1" sequenceCoverage="100" branchCoverage="100" maxCyclomaticComplexity="1" minCyclomaticComplexity="1" maxCrapScore="1" minCrapScore="1" visitedClasses="0" numClasses="0" visitedMethods="1" numMethods="1" />
              <MetadataToken>100663306</MetadataToken>
              <Name>System.Void Loterica.Domain.Features.Apostas.Aposta::.ctor()</Name>
              <FileRef uid="6" />
              <SequencePoints>
                <SequencePoint vc="141" uspid="48" ordinal="0" offset="0" sl="16" sc="9" el="16" ec="24" bec="0" bev="0" fileid="6" />
                <SequencePoint vc="141" uspid="49" ordinal="1" offset="7" sl="17" sc="9" el="17" ec="10" bec="0" bev="0" fileid="6" />
                <SequencePoint vc="141" uspid="50" ordinal="2" offset="8" sl="18" sc="13" el="18" ec="48" bec="0" bev="0" fileid="6" />
                <SequencePoint vc="141" uspid="51" ordinal="3" offset="19" sl="19" sc="13" el="19" ec="39" bec="0" bev="0" fileid="6" />
                <SequencePoint vc="141" uspid="52" ordinal="4" offset="30" sl="20" sc="9" el="20" ec="10" bec="0" bev="0" fileid="6" />
              </SequencePoints>
              <BranchPoints />
              <MethodPoint xsi:type="SequencePoint" vc="141" uspid="48" ordinal="0" offset="0" sl="16" sc="9" el="16" ec="24" bec="0" bev="0" fileid="6" />
            </Method>
            <Method visited="true" cyclomaticComplexity="5" nPathComplexity="8" sequenceCoverage="100" branchCoverage="100" crapScore="5" isConstructor="false" isStatic="false" isGetter="false" isSetter="false">
              <Summary numSequencePoints="8" visitedSequencePoints="8" numBranchPoints="7" visitedBranchPoints="7" sequenceCoverage="100" branchCoverage="100" maxCyclomaticComplexity="5" minCyclomaticComplexity="5" maxCrapScore="5" minCrapScore="5" visitedClasses="0" numClasses="0" visitedMethods="1" numMethods="1" />
              <MetadataToken>100663307</MetadataToken>
              <Name>System.Void Loterica.Domain.Features.Apostas.Aposta::Validar()</Name>
              <FileRef uid="6" />
              <SequencePoints>
                <SequencePoint vc="65" uspid="53" ordinal="0" offset="0" sl="23" sc="9" el="23" ec="10" bec="0" bev="0" fileid="6" />
                <SequencePoint vc="65" uspid="54" ordinal="1" offset="1" sl="24" sc="13" el="24" ec="78" bec="2" bev="2" fileid="6" />
                <SequencePoint vc="4" uspid="55" ordinal="2" offset="34" sl="25" sc="17" el="25" ec="49" bec="0" bev="0" fileid="6" />
                <SequencePoint vc="61" uspid="56" ordinal="3" offset="40" sl="27" sc="13" el="27" ec="33" bec="2" bev="2" fileid="6" />
                <SequencePoint vc="2" uspid="57" ordinal="4" offset="58" sl="28" sc="17" el="28" ec="60" bec="0" bev="0" fileid="6" />
                <SequencePoint vc="59" uspid="58" ordinal="5" offset="64" sl="30" sc="13" el="30" ec="42" bec="2" bev="2" fileid="6" />
                <SequencePoint vc="2" uspid="59" ordinal="6" offset="77" sl="31" sc="17" el="31" ec="52" bec="0" bev="0" fileid="6" />
                <SequencePoint vc="57" uspid="60" ordinal="7" offset="83" sl="32" sc="9" el="32" ec="10" bec="0" bev="0" fileid="6" />
              </SequencePoints>
              <BranchPoints>
                <BranchPoint vc="4" uspid="63" ordinal="2" offset="32" sl="24" path="0" offsetend="34" fileid="6" />
                <BranchPoint vc="61" uspid="64" ordinal="3" offset="32" sl="24" path="1" offsetend="40" fileid="6" />
                <BranchPoint vc="2" uspid="65" ordinal="4" offset="56" sl="27" path="0" offsetend="58" fileid="6" />
                <BranchPoint vc="59" uspid="66" ordinal="5" offset="56" sl="27" path="1" offsetend="64" fileid="6" />
                <BranchPoint vc="2" uspid="67" ordinal="6" offset="75" sl="30" path="0" offsetend="77" fileid="6" />
                <BranchPoint vc="57" uspid="68" ordinal="7" offset="75" sl="30" path="1" offsetend="83" fileid="6" />
              </BranchPoints>
              <MethodPoint xsi:type="SequencePoint" vc="65" uspid="53" ordinal="0" offset="0" sl="23" sc="9" el="23" ec="10" bec="0" bev="0" fileid="6" />
            </Method>
            <Method visited="true" cyclomaticComplexity="3" nPathComplexity="2" sequenceCoverage="100" branchCoverage="100" crapScore="3" isConstructor="false" isStatic="false" isGetter="false" isSetter="false">
              <Summary numSequencePoints="14" visitedSequencePoints="14" numBranchPoints="3" visitedBranchPoints="3" sequenceCoverage="100" branchCoverage="100" maxCyclomaticComplexity="3" minCyclomaticComplexity="3" maxCrapScore="3" minCrapScore="3" visitedClasses="0" numClasses="0" visitedMethods="1" numMethods="1" />
              <MetadataToken>100663308</MetadataToken>
              <Name>System.Int32 Loterica.Domain.Features.Apostas.Aposta::CalcularResultado(System.Collections.Generic.List`1&lt;System.Int32&gt;)</Name>
              <FileRef uid="6" />
              <SequencePoints>
                <SequencePoint vc="4" uspid="69" ordinal="0" offset="0" sl="35" sc="9" el="35" ec="10" bec="0" bev="0" fileid="6" />
                <SequencePoint vc="4" uspid="70" ordinal="1" offset="1" sl="36" sc="13" el="36" ec="39" bec="0" bev="0" fileid="6" />
                <SequencePoint vc="4" uspid="71" ordinal="2" offset="3" sl="37" sc="13" el="37" ec="20" bec="0" bev="0" fileid="6" />
                <SequencePoint vc="4" uspid="72" ordinal="3" offset="4" sl="37" sc="34" el="37" ec="50" bec="0" bev="0" fileid="6" />
                <SequencePoint vc="24" uspid="73" ordinal="4" offset="18" sl="37" sc="22" el="37" ec="30" bec="0" bev="0" fileid="6" />
                <SequencePoint vc="24" uspid="74" ordinal="5" offset="26" sl="38" sc="13" el="38" ec="14" bec="0" bev="0" fileid="6" />
                <SequencePoint vc="24" uspid="75" ordinal="6" offset="27" sl="39" sc="17" el="39" ec="53" bec="2" bev="2" fileid="6" />
                <SequencePoint vc="19" uspid="76" ordinal="7" offset="38" sl="40" sc="17" el="40" ec="18" bec="0" bev="0" fileid="6" />
                <SequencePoint vc="19" uspid="77" ordinal="8" offset="39" sl="41" sc="21" el="41" ec="44" bec="0" bev="0" fileid="6" />
                <SequencePoint vc="19" uspid="78" ordinal="9" offset="43" sl="42" sc="17" el="42" ec="18" bec="0" bev="0" fileid="6" />
                <SequencePoint vc="24" uspid="79" ordinal="10" offset="44" sl="43" sc="13" el="43" ec="14" bec="0" bev="0" fileid="6" />
                <SequencePoint vc="28" uspid="80" ordinal="11" offset="45" sl="37" sc="31" el="37" ec="33" bec="0" bev="0" fileid="6" />
                <SequencePoint vc="4" uspid="81" ordinal="12" offset="71" sl="45" sc="13" el="45" ec="38" bec="0" bev="0" fileid="6" />
                <SequencePoint vc="4" uspid="82" ordinal="13" offset="76" sl="46" sc="9" el="46" ec="10" bec="0" bev="0" fileid="6" />
              </SequencePoints>
              <BranchPoints>
                <BranchPoint vc="19" uspid="83" ordinal="0" offset="36" sl="39" path="0" offsetend="38" fileid="6" />
                <BranchPoint vc="5" uspid="84" ordinal="1" offset="36" sl="39" path="1" offsetend="44" fileid="6" />
              </BranchPoints>
              <MethodPoint xsi:type="SequencePoint" vc="4" uspid="69" ordinal="0" offset="0" sl="35" sc="9" el="35" ec="10" bec="0" bev="0" fileid="6" />
            </Method>
            <Method visited="true" cyclomaticComplexity="3" nPathComplexity="4" sequenceCoverage="100" branchCoverage="80" crapScore="3" isConstructor="false" isStatic="false" isGetter="false" isSetter="false">
              <Summary numSequencePoints="13" visitedSequencePoints="13" numBranchPoints="5" visitedBranchPoints="4" sequenceCoverage="100" branchCoverage="80" maxCyclomaticComplexity="3" minCyclomaticComplexity="3" maxCrapScore="3" minCrapScore="3" visitedClasses="0" numClasses="0" visitedMethods="1" numMethods="1" />
              <MetadataToken>100663309</MetadataToken>
              <Name>System.Void Loterica.Domain.Features.Apostas.Aposta::GerarNumerosAposta()</Name>
              <FileRef uid="6" />
              <SequencePoints>
                <SequencePoint vc="47" uspid="87" ordinal="0" offset="0" sl="49" sc="9" el="49" ec="10" bec="0" bev="0" fileid="6" />
                <SequencePoint vc="47" uspid="88" ordinal="1" offset="1" sl="50" sc="13" el="50" ec="42" bec="0" bev="0" fileid="6" />
                <SequencePoint vc="47" uspid="89" ordinal="2" offset="7" sl="52" sc="18" el="52" ec="27" bec="0" bev="0" fileid="6" />
                <SequencePoint vc="282" uspid="90" ordinal="3" offset="11" sl="53" sc="13" el="53" ec="14" bec="0" bev="0" fileid="6" />
                <SequencePoint vc="282" uspid="91" ordinal="4" offset="12" sl="54" sc="17" el="54" ec="52" bec="0" bev="0" fileid="6" />
                <SequencePoint vc="282" uspid="92" ordinal="5" offset="22" sl="55" sc="17" el="55" ec="59" bec="2" bev="1" fileid="6" />
                <SequencePoint vc="282" uspid="93" ordinal="6" offset="41" sl="56" sc="17" el="56" ec="18" bec="0" bev="0" fileid="6" />
                <SequencePoint vc="282" uspid="94" ordinal="7" offset="42" sl="57" sc="21" el="57" ec="53" bec="0" bev="0" fileid="6" />
                <SequencePoint vc="282" uspid="95" ordinal="8" offset="55" sl="58" sc="21" el="58" ec="25" bec="0" bev="0" fileid="6" />
                <SequencePoint vc="282" uspid="96" ordinal="9" offset="59" sl="59" sc="17" el="59" ec="18" bec="0" bev="0" fileid="6" />
                <SequencePoint vc="282" uspid="97" ordinal="10" offset="60" sl="60" sc="13" el="60" ec="14" bec="0" bev="0" fileid="6" />
                <SequencePoint vc="329" uspid="98" ordinal="11" offset="61" sl="52" sc="29" el="52" ec="35" bec="2" bev="2" fileid="6" />
                <SequencePoint vc="47" uspid="99" ordinal="12" offset="74" sl="61" sc="9" el="61" ec="10" bec="0" bev="0" fileid="6" />
              </SequencePoints>
              <BranchPoints>
                <BranchPoint vc="282" uspid="100" ordinal="0" offset="39" sl="55" path="0" offsetend="41" fileid="6" />
                <BranchPoint vc="0" uspid="101" ordinal="1" offset="39" sl="55" path="1" offsetend="60" fileid="6" />
                <BranchPoint vc="47" uspid="102" ordinal="2" offset="72" sl="52" path="0" offsetend="74" fileid="6" />
                <BranchPoint vc="282" uspid="103" ordinal="3" offset="72" sl="52" path="1" offsetend="11" fileid="6" />
              </BranchPoints>
              <MethodPoint xsi:type="SequencePoint" vc="47" uspid="87" ordinal="0" offset="0" sl="49" sc="9" el="49" ec="10" bec="0" bev="0" fileid="6" />
            </Method>
            <Method visited="true" cyclomaticComplexity="4" nPathComplexity="2" sequenceCoverage="100" branchCoverage="100" crapScore="4" isConstructor="false" isStatic="false" isGetter="false" isSetter="false">
              <Summary numSequencePoints="12" visitedSequencePoints="12" numBranchPoints="3" visitedBranchPoints="3" sequenceCoverage="100" branchCoverage="100" maxCyclomaticComplexity="4" minCyclomaticComplexity="4" maxCrapScore="4" minCrapScore="4" visitedClasses="0" numClasses="0" visitedMethods="1" numMethods="1" />
              <MetadataToken>100663310</MetadataToken>
              <Name>System.Boolean Loterica.Domain.Features.Apostas.Aposta::ValidaNumerosApostados()</Name>
              <FileRef uid="6" />
              <SequencePoints>
                <SequencePoint vc="59" uspid="104" ordinal="0" offset="0" sl="64" sc="9" el="64" ec="10" bec="0" bev="0" fileid="6" />
                <SequencePoint vc="59" uspid="105" ordinal="1" offset="1" sl="65" sc="13" el="65" ec="20" bec="0" bev="0" fileid="6" />
                <SequencePoint vc="59" uspid="106" ordinal="2" offset="2" sl="65" sc="34" el="65" ec="50" bec="0" bev="0" fileid="6" />
                <SequencePoint vc="354" uspid="107" ordinal="3" offset="16" sl="65" sc="22" el="65" ec="30" bec="0" bev="0" fileid="6" />
                <SequencePoint vc="354" uspid="108" ordinal="4" offset="24" sl="66" sc="13" el="66" ec="14" bec="0" bev="0" fileid="6" />
                <SequencePoint vc="354" uspid="109" ordinal="5" offset="25" sl="67" sc="17" el="67" ec="43" bec="2" bev="2" fileid="6" />
                <SequencePoint vc="2" uspid="110" ordinal="6" offset="41" sl="68" sc="17" el="68" ec="18" bec="0" bev="0" fileid="6" />
                <SequencePoint vc="2" uspid="111" ordinal="7" offset="42" sl="69" sc="21" el="69" ec="34" bec="0" bev="0" fileid="6" />
                <SequencePoint vc="352" uspid="112" ordinal="8" offset="46" sl="71" sc="13" el="71" ec="14" bec="0" bev="0" fileid="6" />
                <SequencePoint vc="411" uspid="113" ordinal="9" offset="47" sl="65" sc="31" el="65" ec="33" bec="0" bev="0" fileid="6" />
                <SequencePoint vc="57" uspid="114" ordinal="10" offset="73" sl="72" sc="13" el="72" ec="25" bec="0" bev="0" fileid="6" />
                <SequencePoint vc="59" uspid="115" ordinal="11" offset="77" sl="73" sc="9" el="73" ec="10" bec="0" bev="0" fileid="6" />
              </SequencePoints>
              <BranchPoints>
                <BranchPoint vc="2" uspid="118" ordinal="2" offset="39" sl="67" path="0" offsetend="41" fileid="6" />
                <BranchPoint vc="352" uspid="119" ordinal="3" offset="39" sl="67" path="1" offsetend="46" fileid="6" />
              </BranchPoints>
              <MethodPoint xsi:type="SequencePoint" vc="59" uspid="104" ordinal="0" offset="0" sl="64" sc="9" el="64" ec="10" bec="0" bev="0" fileid="6" />
            </Method>
          </Methods>
        </Class>
        <Class>
          <Summary numSequencePoints="3" visitedSequencePoints="3" numBranchPoints="1" visitedBranchPoints="1" sequenceCoverage="100" branchCoverage="100" maxCyclomaticComplexity="1" minCyclomaticComplexity="1" maxCrapScore="1" minCrapScore="1" visitedClasses="1" numClasses="1" visitedMethods="1" numMethods="1" />
          <FullName>Loterica.Domain.Features.Apostas.InvalidBetException</FullName>
          <Methods>
            <Method visited="true" cyclomaticComplexity="1" nPathComplexity="0" sequenceCoverage="100" branchCoverage="100" crapScore="1" isConstructor="true" isStatic="false" isGetter="false" isSetter="false">
              <Summary numSequencePoints="3" visitedSequencePoints="3" numBranchPoints="1" visitedBranchPoints="1" sequenceCoverage="100" branchCoverage="100" maxCyclomaticComplexity="1" minCyclomaticComplexity="1" maxCrapScore="1" minCrapScore="1" visitedClasses="0" numClasses="0" visitedMethods="1" numMethods="1" />
              <MetadataToken>100663312</MetadataToken>
              <Name>System.Void Loterica.Domain.Features.Apostas.InvalidBetException::.ctor()</Name>
              <FileRef uid="7" />
              <SequencePoints>
                <SequencePoint vc="4" uspid="122" ordinal="0" offset="0" sl="12" sc="40" el="12" ec="89" bec="0" bev="0" fileid="7" />
                <SequencePoint vc="4" uspid="123" ordinal="1" offset="12" sl="13" sc="9" el="13" ec="10" bec="0" bev="0" fileid="7" />
                <SequencePoint vc="4" uspid="124" ordinal="2" offset="13" sl="14" sc="9" el="14" ec="10" bec="0" bev="0" fileid="7" />
              </SequencePoints>
              <BranchPoints />
              <MethodPoint xsi:type="SequencePoint" vc="4" uspid="122" ordinal="0" offset="0" sl="12" sc="40" el="12" ec="89" bec="0" bev="0" fileid="7" />
            </Method>
          </Methods>
        </Class>
        <Class>
          <Summary numSequencePoints="3" visitedSequencePoints="3" numBranchPoints="1" visitedBranchPoints="1" sequenceCoverage="100" branchCoverage="100" maxCyclomaticComplexity="1" minCyclomaticComplexity="1" maxCrapScore="1" minCrapScore="1" visitedClasses="1" numClasses="1" visitedMethods="1" numMethods="1" />
          <FullName>Loterica.Domain.Features.Apostas.InvalidApostaConcursoException</FullName>
          <Methods>
            <Method visited="true" cyclomaticComplexity="1" nPathComplexity="0" sequenceCoverage="100" branchCoverage="100" crapScore="1" isConstructor="true" isStatic="false" isGetter="false" isSetter="false">
              <Summary numSequencePoints="3" visitedSequencePoints="3" numBranchPoints="1" visitedBranchPoints="1" sequenceCoverage="100" branchCoverage="100" maxCyclomaticComplexity="1" minCyclomaticComplexity="1" maxCrapScore="1" minCrapScore="1" visitedClasses="0" numClasses="0" visitedMethods="1" numMethods="1" />
              <MetadataToken>100663313</MetadataToken>
              <Name>System.Void Loterica.Domain.Features.Apostas.InvalidApostaConcursoException::.ctor()</Name>
              <FileRef uid="8" />
              <SequencePoints>
                <SequencePoint vc="2" uspid="125" ordinal="0" offset="0" sl="12" sc="51" el="12" ec="107" bec="0" bev="0" fileid="8" />
                <SequencePoint vc="2" uspid="126" ordinal="1" offset="12" sl="13" sc="9" el="13" ec="10" bec="0" bev="0" fileid="8" />
                <SequencePoint vc="2" uspid="127" ordinal="2" offset="13" sl="14" sc="9" el="14" ec="10" bec="0" bev="0" fileid="8" />
              </SequencePoints>
              <BranchPoints />
              <MethodPoint xsi:type="SequencePoint" vc="2" uspid="125" ordinal="0" offset="0" sl="12" sc="51" el="12" ec="107" bec="0" bev="0" fileid="8" />
            </Method>
          </Methods>
        </Class>
        <Class>
          <Summary numSequencePoints="3" visitedSequencePoints="3" numBranchPoints="1" visitedBranchPoints="1" sequenceCoverage="100" branchCoverage="100" maxCyclomaticComplexity="1" minCyclomaticComplexity="1" maxCrapScore="1" minCrapScore="1" visitedClasses="1" numClasses="1" visitedMethods="1" numMethods="1" />
          <FullName>Loterica.Domain.Features.Apostas.InvalidListApostaException</FullName>
          <Methods>
            <Method visited="true" cyclomaticComplexity="1" nPathComplexity="0" sequenceCoverage="100" branchCoverage="100" crapScore="1" isConstructor="true" isStatic="false" isGetter="false" isSetter="false">
              <Summary numSequencePoints="3" visitedSequencePoints="3" numBranchPoints="1" visitedBranchPoints="1" sequenceCoverage="100" branchCoverage="100" maxCyclomaticComplexity="1" minCyclomaticComplexity="1" maxCrapScore="1" minCrapScore="1" visitedClasses="0" numClasses="0" visitedMethods="1" numMethods="1" />
              <MetadataToken>100663314</MetadataToken>
              <Name>System.Void Loterica.Domain.Features.Apostas.InvalidListApostaException::.ctor()</Name>
              <FileRef uid="9" />
              <SequencePoints>
                <SequencePoint vc="2" uspid="128" ordinal="0" offset="0" sl="12" sc="47" el="12" ec="95" bec="0" bev="0" fileid="9" />
                <SequencePoint vc="2" uspid="129" ordinal="1" offset="12" sl="13" sc="9" el="13" ec="10" bec="0" bev="0" fileid="9" />
                <SequencePoint vc="2" uspid="130" ordinal="2" offset="13" sl="14" sc="9" el="14" ec="10" bec="0" bev="0" fileid="9" />
              </SequencePoints>
              <BranchPoints />
              <MethodPoint xsi:type="SequencePoint" vc="2" uspid="128" ordinal="0" offset="0" sl="12" sc="47" el="12" ec="95" bec="0" bev="0" fileid="9" />
            </Method>
          </Methods>
        </Class>
        <Class>
          <Summary numSequencePoints="3" visitedSequencePoints="3" numBranchPoints="1" visitedBranchPoints="1" sequenceCoverage="100" branchCoverage="100" maxCyclomaticComplexity="1" minCyclomaticComplexity="1" maxCrapScore="1" minCrapScore="1" visitedClasses="1" numClasses="1" visitedMethods="1" numMethods="1" />
          <FullName>Loterica.Domain.Features.Apostas.InvalidNumberException</FullName>
          <Methods>
            <Method visited="true" cyclomaticComplexity="1" nPathComplexity="0" sequenceCoverage="100" branchCoverage="100" crapScore="1" isConstructor="true" isStatic="false" isGetter="false" isSetter="false">
              <Summary numSequencePoints="3" visitedSequencePoints="3" numBranchPoints="1" visitedBranchPoints="1" sequenceCoverage="100" branchCoverage="100" maxCyclomaticComplexity="1" minCyclomaticComplexity="1" maxCrapScore="1" minCrapScore="1" visitedClasses="0" numClasses="0" visitedMethods="1" numMethods="1" />
              <MetadataToken>100663315</MetadataToken>
              <Name>System.Void Loterica.Domain.Features.Apostas.InvalidNumberException::.ctor()</Name>
              <FileRef uid="10" />
              <SequencePoints>
                <SequencePoint vc="2" uspid="131" ordinal="0" offset="0" sl="12" sc="43" el="12" ec="79" bec="0" bev="0" fileid="10" />
                <SequencePoint vc="2" uspid="132" ordinal="1" offset="12" sl="13" sc="9" el="13" ec="10" bec="0" bev="0" fileid="10" />
                <SequencePoint vc="2" uspid="133" ordinal="2" offset="13" sl="14" sc="9" el="14" ec="10" bec="0" bev="0" fileid="10" />
              </SequencePoints>
              <BranchPoints />
              <MethodPoint xsi:type="SequencePoint" vc="2" uspid="131" ordinal="0" offset="0" sl="12" sc="43" el="12" ec="79" bec="0" bev="0" fileid="10" />
            </Method>
          </Methods>
        </Class>
        <Class>
          <Summary numSequencePoints="3" visitedSequencePoints="3" numBranchPoints="1" visitedBranchPoints="1" sequenceCoverage="100" branchCoverage="100" maxCyclomaticComplexity="1" minCyclomaticComplexity="1" maxCrapScore="1" minCrapScore="1" visitedClasses="1" numClasses="1" visitedMethods="1" numMethods="1" />
          <FullName>Loterica.Domain.Exceptions.UnsupportedOperationException</FullName>
          <Methods>
            <Method visited="true" cyclomaticComplexity="1" nPathComplexity="0" sequenceCoverage="100" branchCoverage="100" crapScore="1" isConstructor="true" isStatic="false" isGetter="false" isSetter="false">
              <Summary numSequencePoints="3" visitedSequencePoints="3" numBranchPoints="1" visitedBranchPoints="1" sequenceCoverage="100" branchCoverage="100" maxCyclomaticComplexity="1" minCyclomaticComplexity="1" maxCrapScore="1" minCrapScore="1" visitedClasses="0" numClasses="0" visitedMethods="1" numMethods="1" />
              <MetadataToken>100663316</MetadataToken>
              <Name>System.Void Loterica.Domain.Exceptions.UnsupportedOperationException::.ctor()</Name>
              <FileRef uid="11" />
              <SequencePoints>
                <SequencePoint vc="4" uspid="134" ordinal="0" offset="0" sl="11" sc="50" el="11" ec="80" bec="0" bev="0" fileid="11" />
                <SequencePoint vc="4" uspid="135" ordinal="1" offset="12" sl="12" sc="9" el="12" ec="10" bec="0" bev="0" fileid="11" />
                <SequencePoint vc="4" uspid="136" ordinal="2" offset="13" sl="13" sc="9" el="13" ec="10" bec="0" bev="0" fileid="11" />
              </SequencePoints>
              <BranchPoints />
              <MethodPoint xsi:type="SequencePoint" vc="4" uspid="134" ordinal="0" offset="0" sl="11" sc="50" el="11" ec="80" bec="0" bev="0" fileid="11" />
            </Method>
          </Methods>
        </Class>
        <Class>
          <Summary numSequencePoints="3" visitedSequencePoints="3" numBranchPoints="1" visitedBranchPoints="1" sequenceCoverage="100" branchCoverage="100" maxCyclomaticComplexity="1" minCyclomaticComplexity="1" maxCrapScore="1" minCrapScore="1" visitedClasses="1" numClasses="1" visitedMethods="1" numMethods="1" />
          <FullName>Loterica.Domain.Exceptions.BusinessException</FullName>
          <Methods>
            <Method visited="true" cyclomaticComplexity="1" nPathComplexity="0" sequenceCoverage="100" branchCoverage="100" crapScore="1" isConstructor="true" isStatic="false" isGetter="false" isSetter="false">
              <Summary numSequencePoints="3" visitedSequencePoints="3" numBranchPoints="1" visitedBranchPoints="1" sequenceCoverage="100" branchCoverage="100" maxCyclomaticComplexity="1" minCyclomaticComplexity="1" maxCrapScore="1" minCrapScore="1" visitedClasses="0" numClasses="0" visitedMethods="1" numMethods="1" />
              <MetadataToken>100663317</MetadataToken>
              <Name>System.Void Loterica.Domain.Exceptions.BusinessException::.ctor(System.String)</Name>
              <FileRef uid="12" />
              <SequencePoints>
                <SequencePoint vc="16" uspid="137" ordinal="0" offset="0" sl="11" sc="52" el="11" ec="65" bec="0" bev="0" fileid="12" />
                <SequencePoint vc="16" uspid="138" ordinal="1" offset="8" sl="12" sc="9" el="12" ec="10" bec="0" bev="0" fileid="12" />
                <SequencePoint vc="16" uspid="139" ordinal="2" offset="9" sl="14" sc="9" el="14" ec="10" bec="0" bev="0" fileid="12" />
              </SequencePoints>
              <BranchPoints />
              <MethodPoint xsi:type="SequencePoint" vc="16" uspid="137" ordinal="0" offset="0" sl="11" sc="52" el="11" ec="65" bec="0" bev="0" fileid="12" />
            </Method>
          </Methods>
        </Class>
        <Class>
          <Summary numSequencePoints="0" visitedSequencePoints="0" numBranchPoints="0" visitedBranchPoints="0" sequenceCoverage="0" branchCoverage="0" maxCyclomaticComplexity="1" minCyclomaticComplexity="1" maxCrapScore="2" minCrapScore="2" visitedClasses="0" numClasses="0" visitedMethods="0" numMethods="0" />
          <FullName>Loterica.Domain.Abstract.Entidade</FullName>
          <Methods>
            <Method visited="false" cyclomaticComplexity="1" nPathComplexity="0" sequenceCoverage="0" branchCoverage="0" crapScore="2" isConstructor="true" isStatic="false" isGetter="false" isSetter="false">
              <Summary numSequencePoints="0" visitedSequencePoints="0" numBranchPoints="0" visitedBranchPoints="0" sequenceCoverage="0" branchCoverage="0" maxCyclomaticComplexity="1" minCyclomaticComplexity="1" maxCrapScore="2" minCrapScore="2" visitedClasses="0" numClasses="0" visitedMethods="0" numMethods="0" />
              <MetadataToken>100663319</MetadataToken>
              <Name>System.Void Loterica.Domain.Abstract.Entidade::.ctor()</Name>
              <SequencePoints />
              <BranchPoints />
              <MethodPoint vc="0" uspid="140" ordinal="0" offset="0" />
            </Method>
          </Methods>
        </Class>
      </Classes>
    </Module>
    <Module hash="C1-10-94-B6-5D-F2-D3-E6-87-04-4A-7B-9A-D8-29-7F-4B-D9-1E-99">
      <Summary numSequencePoints="39" visitedSequencePoints="39" numBranchPoints="11" visitedBranchPoints="11" sequenceCoverage="100" branchCoverage="100" maxCyclomaticComplexity="1" minCyclomaticComplexity="1" maxCrapScore="1" minCrapScore="1" visitedClasses="4" numClasses="4" visitedMethods="11" numMethods="11" />
      <ModulePath>C:\Users\ndduser\Desktop\Academia 2018\Dupla 12\Projeto-Loterica\Loterica.Aplication.Tests\bin\Debug\Loterica.Aplication.dll</ModulePath>
      <ModuleTime>2018-05-17T16:41:38.7648038Z</ModuleTime>
      <ModuleName>Loterica.Aplication</ModuleName>
      <Files>
        <File uid="25" fullPath="C:\Users\ndduser\Desktop\Academia 2018\Dupla 12\Projeto-Loterica\Loterica.Aplication\Features\Concursos\ConcursoService.cs" />
        <File uid="26" fullPath="C:\Users\ndduser\Desktop\Academia 2018\Dupla 12\Projeto-Loterica\Loterica.Aplication\Features\Boloes\BolaoService.cs" />
        <File uid="27" fullPath="C:\Users\ndduser\Desktop\Academia 2018\Dupla 12\Projeto-Loterica\Loterica.Aplication\Features\Apostas\ApostaService.cs" />
        <File uid="28" fullPath="C:\Users\ndduser\Desktop\Academia 2018\Dupla 12\Projeto-Loterica\Loterica.Aplication\Abstract\Service.cs" />
      </Files>
      <Classes>
        <Class>
          <Summary numSequencePoints="4" visitedSequencePoints="4" numBranchPoints="1" visitedBranchPoints="1" sequenceCoverage="100" branchCoverage="100" maxCyclomaticComplexity="1" minCyclomaticComplexity="1" maxCrapScore="1" minCrapScore="1" visitedClasses="1" numClasses="1" visitedMethods="1" numMethods="1" />
          <FullName>Loterica.Aplication.Features.Concursos.ConcursoService</FullName>
          <Methods>
            <Method visited="true" cyclomaticComplexity="1" nPathComplexity="0" sequenceCoverage="100" branchCoverage="100" crapScore="1" isConstructor="true" isStatic="false" isGetter="false" isSetter="false">
              <Summary numSequencePoints="4" visitedSequencePoints="4" numBranchPoints="1" visitedBranchPoints="1" sequenceCoverage="100" branchCoverage="100" maxCyclomaticComplexity="1" minCyclomaticComplexity="1" maxCrapScore="1" minCrapScore="1" visitedClasses="0" numClasses="0" visitedMethods="1" numMethods="1" />
              <MetadataToken>100663297</MetadataToken>
              <Name>System.Void Loterica.Aplication.Features.Concursos.ConcursoService::.ctor(Loterica.Domain.Features.Concursos.IConcursoRepository)</Name>
              <FileRef uid="25" />
              <SequencePoints>
                <SequencePoint vc="7" uspid="141" ordinal="0" offset="0" sl="16" sc="66" el="16" ec="82" bec="0" bev="0" fileid="25" />
                <SequencePoint vc="7" uspid="142" ordinal="1" offset="8" sl="17" sc="9" el="17" ec="10" bec="0" bev="0" fileid="25" />
                <SequencePoint vc="7" uspid="143" ordinal="2" offset="9" sl="18" sc="13" el="18" ec="38" bec="0" bev="0" fileid="25" />
                <SequencePoint vc="7" uspid="144" ordinal="3" offset="16" sl="19" sc="9" el="19" ec="10" bec="0" bev="0" fileid="25" />
              </SequencePoints>
              <BranchPoints />
              <MethodPoint xsi:type="SequencePoint" vc="7" uspid="141" ordinal="0" offset="0" sl="16" sc="66" el="16" ec="82" bec="0" bev="0" fileid="25" />
            </Method>
          </Methods>
        </Class>
        <Class>
          <Summary numSequencePoints="4" visitedSequencePoints="4" numBranchPoints="1" visitedBranchPoints="1" sequenceCoverage="100" branchCoverage="100" maxCyclomaticComplexity="1" minCyclomaticComplexity="1" maxCrapScore="1" minCrapScore="1" visitedClasses="1" numClasses="1" visitedMethods="1" numMethods="1" />
          <FullName>Loterica.Aplication.Features.Boloes.BolaoService</FullName>
          <Methods>
            <Method visited="true" cyclomaticComplexity="1" nPathComplexity="0" sequenceCoverage="100" branchCoverage="100" crapScore="1" isConstructor="true" isStatic="false" isGetter="false" isSetter="false">
              <Summary numSequencePoints="4" visitedSequencePoints="4" numBranchPoints="1" visitedBranchPoints="1" sequenceCoverage="100" branchCoverage="100" maxCyclomaticComplexity="1" minCyclomaticComplexity="1" maxCrapScore="1" minCrapScore="1" visitedClasses="0" numClasses="0" visitedMethods="1" numMethods="1" />
              <MetadataToken>100663298</MetadataToken>
              <Name>System.Void Loterica.Aplication.Features.Boloes.BolaoService::.ctor(Loterica.Domain.Features.Boloes.IBolaoRepository)</Name>
              <FileRef uid="26" />
              <SequencePoints>
                <SequencePoint vc="6" uspid="145" ordinal="0" offset="0" sl="15" sc="60" el="15" ec="76" bec="0" bev="0" fileid="26" />
                <SequencePoint vc="6" uspid="146" ordinal="1" offset="8" sl="16" sc="9" el="16" ec="10" bec="0" bev="0" fileid="26" />
                <SequencePoint vc="6" uspid="147" ordinal="2" offset="9" sl="17" sc="13" el="17" ec="38" bec="0" bev="0" fileid="26" />
                <SequencePoint vc="6" uspid="148" ordinal="3" offset="16" sl="18" sc="9" el="18" ec="10" bec="0" bev="0" fileid="26" />
              </SequencePoints>
              <BranchPoints />
              <MethodPoint xsi:type="SequencePoint" vc="6" uspid="145" ordinal="0" offset="0" sl="15" sc="60" el="15" ec="76" bec="0" bev="0" fileid="26" />
            </Method>
          </Methods>
        </Class>
        <Class>
          <Summary numSequencePoints="10" visitedSequencePoints="10" numBranchPoints="3" visitedBranchPoints="3" sequenceCoverage="100" branchCoverage="100" maxCyclomaticComplexity="1" minCyclomaticComplexity="1" maxCrapScore="1" minCrapScore="1" visitedClasses="1" numClasses="1" visitedMethods="3" numMethods="3" />
          <FullName>Loterica.Aplication.Features.Apostas.ApostaService</FullName>
          <Methods>
            <Method visited="true" cyclomaticComplexity="1" nPathComplexity="0" sequenceCoverage="100" branchCoverage="100" crapScore="1" isConstructor="true" isStatic="false" isGetter="false" isSetter="false">
              <Summary numSequencePoints="4" visitedSequencePoints="4" numBranchPoints="1" visitedBranchPoints="1" sequenceCoverage="100" branchCoverage="100" maxCyclomaticComplexity="1" minCyclomaticComplexity="1" maxCrapScore="1" minCrapScore="1" visitedClasses="0" numClasses="0" visitedMethods="1" numMethods="1" />
              <MetadataToken>100663299</MetadataToken>
              <Name>System.Void Loterica.Aplication.Features.Apostas.ApostaService::.ctor(Loterica.Domain.Features.Apostas.IApostaRepository)</Name>
              <FileRef uid="27" />
              <SequencePoints>
                <SequencePoint vc="9" uspid="149" ordinal="0" offset="0" sl="15" sc="62" el="15" ec="78" bec="0" bev="0" fileid="27" />
                <SequencePoint vc="9" uspid="150" ordinal="1" offset="8" sl="16" sc="9" el="16" ec="10" bec="0" bev="0" fileid="27" />
                <SequencePoint vc="9" uspid="151" ordinal="2" offset="9" sl="17" sc="13" el="17" ec="38" bec="0" bev="0" fileid="27" />
                <SequencePoint vc="9" uspid="152" ordinal="3" offset="16" sl="18" sc="9" el="18" ec="10" bec="0" bev="0" fileid="27" />
              </SequencePoints>
              <BranchPoints />
              <MethodPoint xsi:type="SequencePoint" vc="9" uspid="149" ordinal="0" offset="0" sl="15" sc="62" el="15" ec="78" bec="0" bev="0" fileid="27" />
            </Method>
            <Method visited="true" cyclomaticComplexity="1" nPathComplexity="0" sequenceCoverage="100" branchCoverage="100" crapScore="1" isConstructor="false" isStatic="false" isGetter="false" isSetter="false">
              <Summary numSequencePoints="3" visitedSequencePoints="3" numBranchPoints="1" visitedBranchPoints="1" sequenceCoverage="100" branchCoverage="100" maxCyclomaticComplexity="1" minCyclomaticComplexity="1" maxCrapScore="1" minCrapScore="1" visitedClasses="0" numClasses="0" visitedMethods="1" numMethods="1" />
              <MetadataToken>100663300</MetadataToken>
              <Name>System.Void Loterica.Aplication.Features.Apostas.ApostaService::GerarApostaAutomaticamente(Loterica.Domain.Features.Apostas.Aposta)</Name>
              <FileRef uid="27" />
              <SequencePoints>
                <SequencePoint vc="1" uspid="153" ordinal="0" offset="0" sl="21" sc="9" el="21" ec="10" bec="0" bev="0" fileid="27" />
                <SequencePoint vc="1" uspid="154" ordinal="1" offset="1" sl="22" sc="13" el="22" ec="41" bec="0" bev="0" fileid="27" />
                <SequencePoint vc="1" uspid="155" ordinal="2" offset="8" sl="23" sc="9" el="23" ec="10" bec="0" bev="0" fileid="27" />
              </SequencePoints>
              <BranchPoints />
              <MethodPoint xsi:type="SequencePoint" vc="1" uspid="153" ordinal="0" offset="0" sl="21" sc="9" el="21" ec="10" bec="0" bev="0" fileid="27" />
            </Method>
            <Method visited="true" cyclomaticComplexity="1" nPathComplexity="0" sequenceCoverage="100" branchCoverage="100" crapScore="1" isConstructor="false" isStatic="false" isGetter="false" isSetter="false">
              <Summary numSequencePoints="3" visitedSequencePoints="3" numBranchPoints="1" visitedBranchPoints="1" sequenceCoverage="100" branchCoverage="100" maxCyclomaticComplexity="1" minCyclomaticComplexity="1" maxCrapScore="1" minCrapScore="1" visitedClasses="0" numClasses="0" visitedMethods="1" numMethods="1" />
              <MetadataToken>100663301</MetadataToken>
              <Name>System.Int32 Loterica.Aplication.Features.Apostas.ApostaService::CalcularResultadoFinal(System.Collections.Generic.List`1&lt;System.Int32&gt;,Loterica.Domain.Features.Apostas.Aposta)</Name>
              <FileRef uid="27" />
              <SequencePoints>
                <SequencePoint vc="1" uspid="156" ordinal="0" offset="0" sl="26" sc="9" el="26" ec="10" bec="0" bev="0" fileid="27" />
                <SequencePoint vc="1" uspid="157" ordinal="1" offset="1" sl="27" sc="13" el="27" ec="63" bec="0" bev="0" fileid="27" />
                <SequencePoint vc="1" uspid="158" ordinal="2" offset="11" sl="28" sc="9" el="28" ec="10" bec="0" bev="0" fileid="27" />
              </SequencePoints>
              <BranchPoints />
              <MethodPoint xsi:type="SequencePoint" vc="1" uspid="156" ordinal="0" offset="0" sl="26" sc="9" el="26" ec="10" bec="0" bev="0" fileid="27" />
            </Method>
          </Methods>
        </Class>
        <Class>
          <Summary numSequencePoints="21" visitedSequencePoints="21" numBranchPoints="6" visitedBranchPoints="6" sequenceCoverage="100" branchCoverage="100" maxCyclomaticComplexity="1" minCyclomaticComplexity="1" maxCrapScore="1" minCrapScore="1" visitedClasses="1" numClasses="1" visitedMethods="6" numMethods="6" />
          <FullName>Loterica.Aplication.Abstract.Service`1</FullName>
          <Methods>
            <Method visited="true" cyclomaticComplexity="1" nPathComplexity="0" sequenceCoverage="100" branchCoverage="100" crapScore="1" isConstructor="true" isStatic="false" isGetter="false" isSetter="false">
              <Summary numSequencePoints="4" visitedSequencePoints="4" numBranchPoints="1" visitedBranchPoints="1" sequenceCoverage="100" branchCoverage="100" maxCyclomaticComplexity="1" minCyclomaticComplexity="1" maxCrapScore="1" minCrapScore="1" visitedClasses="0" numClasses="0" visitedMethods="1" numMethods="1" />
              <MetadataToken>100663302</MetadataToken>
              <Name>System.Void Loterica.Aplication.Abstract.Service`1::.ctor(Loterica.Domain.Abstract.IRepository`1&lt;T&gt;)</Name>
              <FileRef uid="28" />
              <SequencePoints>
                <SequencePoint vc="22" uspid="159" ordinal="0" offset="0" sl="14" sc="9" el="14" ec="50" bec="0" bev="0" fileid="28" />
                <SequencePoint vc="22" uspid="160" ordinal="1" offset="7" sl="15" sc="9" el="15" ec="10" bec="0" bev="0" fileid="28" />
                <SequencePoint vc="22" uspid="161" ordinal="2" offset="8" sl="16" sc="13" el="16" ec="38" bec="0" bev="0" fileid="28" />
                <SequencePoint vc="22" uspid="162" ordinal="3" offset="15" sl="17" sc="9" el="17" ec="10" bec="0" bev="0" fileid="28" />
              </SequencePoints>
              <BranchPoints />
              <MethodPoint xsi:type="SequencePoint" vc="22" uspid="159" ordinal="0" offset="0" sl="14" sc="9" el="14" ec="50" bec="0" bev="0" fileid="28" />
            </Method>
            <Method visited="true" cyclomaticComplexity="1" nPathComplexity="0" sequenceCoverage="100" branchCoverage="100" crapScore="1" isConstructor="false" isStatic="false" isGetter="false" isSetter="false">
              <Summary numSequencePoints="4" visitedSequencePoints="4" numBranchPoints="1" visitedBranchPoints="1" sequenceCoverage="100" branchCoverage="100" maxCyclomaticComplexity="1" minCyclomaticComplexity="1" maxCrapScore="1" minCrapScore="1" visitedClasses="0" numClasses="0" visitedMethods="1" numMethods="1" />
              <MetadataToken>100663303</MetadataToken>
              <Name>System.Void Loterica.Aplication.Abstract.Service`1::Adicionar(T)</Name>
              <FileRef uid="28" />
              <SequencePoints>
                <SequencePoint vc="6" uspid="163" ordinal="0" offset="0" sl="20" sc="9" el="20" ec="10" bec="0" bev="0" fileid="28" />
                <SequencePoint vc="6" uspid="164" ordinal="1" offset="1" sl="21" sc="13" el="21" ec="32" bec="0" bev="0" fileid="28" />
                <SequencePoint vc="3" uspid="165" ordinal="2" offset="13" sl="22" sc="13" el="22" ec="45" bec="0" bev="0" fileid="28" />
                <SequencePoint vc="3" uspid="166" ordinal="3" offset="26" sl="23" sc="9" el="23" ec="10" bec="0" bev="0" fileid="28" />
              </SequencePoints>
              <BranchPoints />
              <MethodPoint xsi:type="SequencePoint" vc="6" uspid="163" ordinal="0" offset="0" sl="20" sc="9" el="20" ec="10" bec="0" bev="0" fileid="28" />
            </Method>
            <Method visited="true" cyclomaticComplexity="1" nPathComplexity="0" sequenceCoverage="100" branchCoverage="100" crapScore="1" isConstructor="false" isStatic="false" isGetter="false" isSetter="false">
              <Summary numSequencePoints="4" visitedSequencePoints="4" numBranchPoints="1" visitedBranchPoints="1" sequenceCoverage="100" branchCoverage="100" maxCyclomaticComplexity="1" minCyclomaticComplexity="1" maxCrapScore="1" minCrapScore="1" visitedClasses="0" numClasses="0" visitedMethods="1" numMethods="1" />
              <MetadataToken>100663304</MetadataToken>
              <Name>System.Void Loterica.Aplication.Abstract.Service`1::Editar(T)</Name>
              <FileRef uid="28" />
              <SequencePoints>
                <SequencePoint vc="5" uspid="167" ordinal="0" offset="0" sl="26" sc="9" el="26" ec="10" bec="0" bev="0" fileid="28" />
                <SequencePoint vc="5" uspid="168" ordinal="1" offset="1" sl="27" sc="13" el="27" ec="32" bec="0" bev="0" fileid="28" />
                <SequencePoint vc="3" uspid="169" ordinal="2" offset="13" sl="28" sc="13" el="28" ec="42" bec="0" bev="0" fileid="28" />
                <SequencePoint vc="3" uspid="170" ordinal="3" offset="26" sl="29" sc="9" el="29" ec="10" bec="0" bev="0" fileid="28" />
              </SequencePoints>
              <BranchPoints />
              <MethodPoint xsi:type="SequencePoint" vc="5" uspid="167" ordinal="0" offset="0" sl="26" sc="9" el="26" ec="10" bec="0" bev="0" fileid="28" />
            </Method>
            <Method visited="true" cyclomaticComplexity="1" nPathComplexity="0" sequenceCoverage="100" branchCoverage="100" crapScore="1" isConstructor="false" isStatic="false" isGetter="false" isSetter="false">
              <Summary numSequencePoints="3" visitedSequencePoints="3" numBranchPoints="1" visitedBranchPoints="1" sequenceCoverage="100" branchCoverage="100" maxCyclomaticComplexity="1" minCyclomaticComplexity="1" maxCrapScore="1" minCrapScore="1" visitedClasses="0" numClasses="0" visitedMethods="1" numMethods="1" />
              <MetadataToken>100663305</MetadataToken>
              <Name>System.Void Loterica.Aplication.Abstract.Service`1::Excluir(T)</Name>
              <FileRef uid="28" />
              <SequencePoints>
                <SequencePoint vc="3" uspid="171" ordinal="0" offset="0" sl="32" sc="9" el="32" ec="10" bec="0" bev="0" fileid="28" />
                <SequencePoint vc="3" uspid="172" ordinal="1" offset="1" sl="33" sc="13" el="33" ec="46" bec="0" bev="0" fileid="28" />
                <SequencePoint vc="3" uspid="173" ordinal="2" offset="24" sl="34" sc="9" el="34" ec="10" bec="0" bev="0" fileid="28" />
              </SequencePoints>
              <BranchPoints />
              <MethodPoint xsi:type="SequencePoint" vc="3" uspid="171" ordinal="0" offset="0" sl="32" sc="9" el="32" ec="10" bec="0" bev="0" fileid="28" />
            </Method>
            <Method visited="true" cyclomaticComplexity="1" nPathComplexity="0" sequenceCoverage="100" branchCoverage="100" crapScore="1" isConstructor="false" isStatic="false" isGetter="false" isSetter="false">
              <Summary numSequencePoints="3" visitedSequencePoints="3" numBranchPoints="1" visitedBranchPoints="1" sequenceCoverage="100" branchCoverage="100" maxCyclomaticComplexity="1" minCyclomaticComplexity="1" maxCrapScore="1" minCrapScore="1" visitedClasses="0" numClasses="0" visitedMethods="1" numMethods="1" />
              <MetadataToken>100663306</MetadataToken>
              <Name>System.Collections.Generic.List`1&lt;T&gt; Loterica.Aplication.Abstract.Service`1::PegarTodos()</Name>
              <FileRef uid="28" />
              <SequencePoints>
                <SequencePoint vc="3" uspid="174" ordinal="0" offset="0" sl="37" sc="9" el="37" ec="10" bec="0" bev="0" fileid="28" />
                <SequencePoint vc="3" uspid="175" ordinal="1" offset="1" sl="38" sc="13" el="38" ec="41" bec="0" bev="0" fileid="28" />
                <SequencePoint vc="3" uspid="176" ordinal="2" offset="15" sl="39" sc="9" el="39" ec="10" bec="0" bev="0" fileid="28" />
              </SequencePoints>
              <BranchPoints />
              <MethodPoint xsi:type="SequencePoint" vc="3" uspid="174" ordinal="0" offset="0" sl="37" sc="9" el="37" ec="10" bec="0" bev="0" fileid="28" />
            </Method>
            <Method visited="true" cyclomaticComplexity="1" nPathComplexity="0" sequenceCoverage="100" branchCoverage="100" crapScore="1" isConstructor="false" isStatic="false" isGetter="false" isSetter="false">
              <Summary numSequencePoints="3" visitedSequencePoints="3" numBranchPoints="1" visitedBranchPoints="1" sequenceCoverage="100" branchCoverage="100" maxCyclomaticComplexity="1" minCyclomaticComplexity="1" maxCrapScore="1" minCrapScore="1" visitedClasses="0" numClasses="0" visitedMethods="1" numMethods="1" />
              <MetadataToken>100663307</MetadataToken>
              <Name>T Loterica.Aplication.Abstract.Service`1::Get(System.Int32)</Name>
              <FileRef uid="28" />
              <SequencePoints>
                <SequencePoint vc="3" uspid="177" ordinal="0" offset="0" sl="42" sc="9" el="42" ec="10" bec="0" bev="0" fileid="28" />
                <SequencePoint vc="3" uspid="178" ordinal="1" offset="1" sl="43" sc="13" el="43" ec="44" bec="0" bev="0" fileid="28" />
                <SequencePoint vc="3" uspid="179" ordinal="2" offset="16" sl="44" sc="9" el="44" ec="10" bec="0" bev="0" fileid="28" />
              </SequencePoints>
              <BranchPoints />
              <MethodPoint xsi:type="SequencePoint" vc="3" uspid="177" ordinal="0" offset="0" sl="42" sc="9" el="42" ec="10" bec="0" bev="0" fileid="28" />
            </Method>
          </Methods>
        </Class>
      </Classes>
    </Module>
    <Module hash="55-50-92-94-C4-99-11-CA-3C-AE-C8-A0-8B-7D-05-97-D0-31-E0-CE">
      <Summary numSequencePoints="0" visitedSequencePoints="0" numBranchPoints="0" visitedBranchPoints="0" sequenceCoverage="0" branchCoverage="0" maxCyclomaticComplexity="0" minCyclomaticComplexity="0" maxCrapScore="0" minCrapScore="0" visitedClasses="0" numClasses="0" visitedMethods="0" numMethods="0" />
      <ModulePath>C:\Users\ndduser\Desktop\Academia 2018\Dupla 12\Projeto-Loterica\Loterica.Aplication.Tests\bin\Debug\Loterica.Common.Tests.dll</ModulePath>
      <ModuleTime>2018-05-17T16:41:38.8911536Z</ModuleTime>
      <ModuleName>Loterica.Common.Tests</ModuleName>
      <Files />
      <Classes />
    </Module>
    <Module hash="36-7F-E1-48-4B-08-83-A0-51-15-C0-EE-20-4A-E5-9B-1F-0C-D0-BD">
      <Summary numSequencePoints="161" visitedSequencePoints="161" numBranchPoints="30" visitedBranchPoints="30" sequenceCoverage="100" branchCoverage="100" maxCyclomaticComplexity="3" minCyclomaticComplexity="1" maxCrapScore="3" minCrapScore="1" visitedClasses="3" numClasses="3" visitedMethods="28" numMethods="28" />
      <ModulePath>C:\Users\ndduser\Desktop\Academia 2018\Dupla 12\Projeto-Loterica\Loterica.Infra.Data.Tests\bin\Debug\Loterica.Infra.Data.dll</ModulePath>
      <ModuleTime>2018-05-17T16:41:39.1047441Z</ModuleTime>
      <ModuleName>Loterica.Infra.Data</ModuleName>
      <Files>
        <File uid="57" fullPath="C:\Users\ndduser\Desktop\Academia 2018\Dupla 12\Projeto-Loterica\Loterica.Infra.Data\Features\Concursos\ConcursoSQLRepository.cs" />
        <File uid="58" fullPath="C:\Users\ndduser\Desktop\Academia 2018\Dupla 12\Projeto-Loterica\Loterica.Infra.Data\Features\Boloes\BolaoSQLRepository.cs" />
        <File uid="59" fullPath="C:\Users\ndduser\Desktop\Academia 2018\Dupla 12\Projeto-Loterica\Loterica.Infra.Data\Features\Apostas\ApostaSQLRepository.cs" />
      </Files>
      <Classes>
        <Class>
          <Summary numSequencePoints="39" visitedSequencePoints="39" numBranchPoints="8" visitedBranchPoints="8" sequenceCoverage="100" branchCoverage="100" maxCyclomaticComplexity="1" minCyclomaticComplexity="1" maxCrapScore="1" minCrapScore="1" visitedClasses="1" numClasses="1" visitedMethods="8" numMethods="8" />
          <FullName>Loterica.Infra.Data.Features.Concursos.ConcursoSQLRepository</FullName>
          <Methods>
            <Method visited="true" cyclomaticComplexity="1" nPathComplexity="0" sequenceCoverage="100" branchCoverage="100" crapScore="1" isConstructor="false" isStatic="false" isGetter="false" isSetter="false">
              <Summary numSequencePoints="5" visitedSequencePoints="5" numBranchPoints="1" visitedBranchPoints="1" sequenceCoverage="100" branchCoverage="100" maxCyclomaticComplexity="1" minCyclomaticComplexity="1" maxCrapScore="1" minCrapScore="1" visitedClasses="0" numClasses="0" visitedMethods="1" numMethods="1" />
              <MetadataToken>100663297</MetadataToken>
              <Name>Loterica.Domain.Concurso Loterica.Infra.Data.Features.Concursos.ConcursoSQLRepository::Adicionar(Loterica.Domain.Concurso)</Name>
              <FileRef uid="57" />
              <SequencePoints>
                <SequencePoint vc="3" uspid="320" ordinal="0" offset="0" sl="22" sc="9" el="22" ec="10" bec="0" bev="0" fileid="57" />
                <SequencePoint vc="3" uspid="321" ordinal="1" offset="1" sl="23" sc="13" el="23" ec="32" bec="0" bev="0" fileid="57" />
                <SequencePoint vc="3" uspid="322" ordinal="2" offset="8" sl="24" sc="13" el="24" ec="62" bec="0" bev="0" fileid="57" />
                <SequencePoint vc="3" uspid="323" ordinal="3" offset="33" sl="25" sc="13" el="25" ec="29" bec="0" bev="0" fileid="57" />
                <SequencePoint vc="3" uspid="324" ordinal="4" offset="37" sl="26" sc="9" el="26" ec="10" bec="0" bev="0" fileid="57" />
              </SequencePoints>
              <BranchPoints />
              <MethodPoint xsi:type="SequencePoint" vc="3" uspid="320" ordinal="0" offset="0" sl="22" sc="9" el="22" ec="10" bec="0" bev="0" fileid="57" />
            </Method>
            <Method visited="true" cyclomaticComplexity="1" nPathComplexity="0" sequenceCoverage="100" branchCoverage="100" crapScore="1" isConstructor="false" isStatic="false" isGetter="false" isSetter="false">
              <Summary numSequencePoints="3" visitedSequencePoints="3" numBranchPoints="1" visitedBranchPoints="1" sequenceCoverage="100" branchCoverage="100" maxCyclomaticComplexity="1" minCyclomaticComplexity="1" maxCrapScore="1" minCrapScore="1" visitedClasses="0" numClasses="0" visitedMethods="1" numMethods="1" />
              <MetadataToken>100663298</MetadataToken>
              <Name>System.Void Loterica.Infra.Data.Features.Concursos.ConcursoSQLRepository::Editar(Loterica.Domain.Concurso)</Name>
              <FileRef uid="57" />
              <SequencePoints>
                <SequencePoint vc="1" uspid="325" ordinal="0" offset="0" sl="29" sc="9" el="29" ec="10" bec="0" bev="0" fileid="57" />
                <SequencePoint vc="1" uspid="326" ordinal="1" offset="1" sl="30" sc="13" el="30" ec="51" bec="0" bev="0" fileid="57" />
                <SequencePoint vc="1" uspid="327" ordinal="2" offset="20" sl="31" sc="9" el="31" ec="10" bec="0" bev="0" fileid="57" />
              </SequencePoints>
              <BranchPoints />
              <MethodPoint xsi:type="SequencePoint" vc="1" uspid="325" ordinal="0" offset="0" sl="29" sc="9" el="29" ec="10" bec="0" bev="0" fileid="57" />
            </Method>
            <Method visited="true" cyclomaticComplexity="1" nPathComplexity="0" sequenceCoverage="100" branchCoverage="100" crapScore="1" isConstructor="false" isStatic="false" isGetter="false" isSetter="false">
              <Summary numSequencePoints="9" visitedSequencePoints="9" numBranchPoints="1" visitedBranchPoints="1" sequenceCoverage="100" branchCoverage="100" maxCyclomaticComplexity="1" minCyclomaticComplexity="1" maxCrapScore="1" minCrapScore="1" visitedClasses="0" numClasses="0" visitedMethods="1" numMethods="1" />
              <MetadataToken>100663299</MetadataToken>
              <Name>System.Void Loterica.Infra.Data.Features.Concursos.ConcursoSQLRepository::Excluir(System.Int32)</Name>
              <FileRef uid="57" />
              <SequencePoints>
                <SequencePoint vc="2" uspid="328" ordinal="0" offset="0" sl="34" sc="9" el="34" ec="10" bec="0" bev="0" fileid="57" />
                <SequencePoint vc="2" uspid="329" ordinal="1" offset="1" sl="36" sc="13" el="36" ec="14" bec="0" bev="0" fileid="57" />
                <SequencePoint vc="2" uspid="330" ordinal="2" offset="2" sl="37" sc="17" el="37" ec="100" bec="0" bev="0" fileid="57" />
                <SequencePoint vc="2" uspid="331" ordinal="3" offset="26" sl="38" sc="17" el="38" ec="46" bec="0" bev="0" fileid="57" />
                <SequencePoint vc="1" uspid="332" ordinal="4" offset="39" sl="39" sc="13" el="39" ec="14" bec="0" bev="0" fileid="57" />
                <SequencePoint vc="1" uspid="333" ordinal="5" offset="42" sl="40" sc="13" el="40" ec="30" bec="0" bev="0" fileid="57" />
                <SequencePoint vc="1" uspid="334" ordinal="6" offset="43" sl="41" sc="13" el="41" ec="14" bec="0" bev="0" fileid="57" />
                <SequencePoint vc="1" uspid="335" ordinal="7" offset="44" sl="43" sc="17" el="43" ec="54" bec="0" bev="0" fileid="57" />
                <SequencePoint vc="1" uspid="336" ordinal="8" offset="50" sl="46" sc="9" el="46" ec="10" bec="0" bev="0" fileid="57" />
              </SequencePoints>
              <BranchPoints />
              <MethodPoint xsi:type="SequencePoint" vc="2" uspid="328" ordinal="0" offset="0" sl="34" sc="9" el="34" ec="10" bec="0" bev="0" fileid="57" />
            </Method>
            <Method visited="true" cyclomaticComplexity="1" nPathComplexity="0" sequenceCoverage="100" branchCoverage="100" crapScore="1" isConstructor="false" isStatic="false" isGetter="false" isSetter="false">
              <Summary numSequencePoints="4" visitedSequencePoints="4" numBranchPoints="1" visitedBranchPoints="1" sequenceCoverage="100" branchCoverage="100" maxCyclomaticComplexity="1" minCyclomaticComplexity="1" maxCrapScore="1" minCrapScore="1" visitedClasses="0" numClasses="0" visitedMethods="1" numMethods="1" />
              <MetadataToken>100663300</MetadataToken>
              <Name>Loterica.Domain.Concurso Loterica.Infra.Data.Features.Concursos.ConcursoSQLRepository::GetById(System.Int32)</Name>
              <FileRef uid="57" />
              <SequencePoints>
                <SequencePoint vc="3" uspid="337" ordinal="0" offset="0" sl="49" sc="9" el="49" ec="10" bec="0" bev="0" fileid="57" />
                <SequencePoint vc="3" uspid="338" ordinal="1" offset="1" sl="50" sc="13" el="50" ec="96" bec="0" bev="0" fileid="57" />
                <SequencePoint vc="3" uspid="339" ordinal="2" offset="25" sl="51" sc="13" el="51" ec="53" bec="0" bev="0" fileid="57" />
                <SequencePoint vc="3" uspid="340" ordinal="3" offset="52" sl="52" sc="9" el="52" ec="10" bec="0" bev="0" fileid="57" />
              </SequencePoints>
              <BranchPoints />
              <MethodPoint xsi:type="SequencePoint" vc="3" uspid="337" ordinal="0" offset="0" sl="49" sc="9" el="49" ec="10" bec="0" bev="0" fileid="57" />
            </Method>
            <Method visited="true" cyclomaticComplexity="1" nPathComplexity="0" sequenceCoverage="100" branchCoverage="100" crapScore="1" isConstructor="false" isStatic="false" isGetter="false" isSetter="false">
              <Summary numSequencePoints="3" visitedSequencePoints="3" numBranchPoints="1" visitedBranchPoints="1" sequenceCoverage="100" branchCoverage="100" maxCyclomaticComplexity="1" minCyclomaticComplexity="1" maxCrapScore="1" minCrapScore="1" visitedClasses="0" numClasses="0" visitedMethods="1" numMethods="1" />
              <MetadataToken>100663301</MetadataToken>
              <Name>System.Collections.Generic.List`1&lt;Loterica.Domain.Concurso&gt; Loterica.Infra.Data.Features.Concursos.ConcursoSQLRepository::GetAll()</Name>
              <FileRef uid="57" />
              <SequencePoints>
                <SequencePoint vc="1" uspid="341" ordinal="0" offset="0" sl="55" sc="9" el="55" ec="10" bec="0" bev="0" fileid="57" />
                <SequencePoint vc="1" uspid="342" ordinal="1" offset="1" sl="56" sc="13" el="56" ec="48" bec="0" bev="0" fileid="57" />
                <SequencePoint vc="1" uspid="343" ordinal="2" offset="28" sl="57" sc="9" el="57" ec="10" bec="0" bev="0" fileid="57" />
              </SequencePoints>
              <BranchPoints />
              <MethodPoint xsi:type="SequencePoint" vc="1" uspid="341" ordinal="0" offset="0" sl="55" sc="9" el="55" ec="10" bec="0" bev="0" fileid="57" />
            </Method>
            <Method visited="true" cyclomaticComplexity="1" nPathComplexity="0" sequenceCoverage="100" branchCoverage="100" crapScore="1" isConstructor="false" isStatic="false" isGetter="false" isSetter="false">
              <Summary numSequencePoints="3" visitedSequencePoints="3" numBranchPoints="1" visitedBranchPoints="1" sequenceCoverage="100" branchCoverage="100" maxCyclomaticComplexity="1" minCyclomaticComplexity="1" maxCrapScore="1" minCrapScore="1" visitedClasses="0" numClasses="0" visitedMethods="1" numMethods="1" />
              <MetadataToken>100663302</MetadataToken>
              <Name>System.Collections.Generic.Dictionary`2&lt;System.String,System.Object&gt; Loterica.Infra.Data.Features.Concursos.ConcursoSQLRepository::Take(Loterica.Domain.Concurso)</Name>
              <FileRef uid="57" />
              <SequencePoints>
                <SequencePoint vc="4" uspid="344" ordinal="0" offset="0" sl="60" sc="9" el="60" ec="10" bec="0" bev="0" fileid="57" />
                <SequencePoint vc="4" uspid="345" ordinal="1" offset="1" sl="61" sc="13" el="66" ec="15" bec="0" bev="0" fileid="57" />
                <SequencePoint vc="4" uspid="346" ordinal="2" offset="78" sl="67" sc="9" el="67" ec="10" bec="0" bev="0" fileid="57" />
              </SequencePoints>
              <BranchPoints />
              <MethodPoint xsi:type="SequencePoint" vc="4" uspid="344" ordinal="0" offset="0" sl="60" sc="9" el="60" ec="10" bec="0" bev="0" fileid="57" />
            </Method>
            <Method visited="true" cyclomaticComplexity="1" nPathComplexity="0" sequenceCoverage="100" branchCoverage="100" crapScore="1" isConstructor="false" isStatic="false" isGetter="false" isSetter="false">
              <Summary numSequencePoints="7" visitedSequencePoints="7" numBranchPoints="1" visitedBranchPoints="1" sequenceCoverage="100" branchCoverage="100" maxCyclomaticComplexity="1" minCyclomaticComplexity="1" maxCrapScore="1" minCrapScore="1" visitedClasses="0" numClasses="0" visitedMethods="1" numMethods="1" />
              <MetadataToken>100663303</MetadataToken>
[...]
              <Summary numSequencePoints="2" visitedSequencePoints="2" numBranchPoints="1" visitedBranchPoints="1" sequenceCoverage="100" branchCoverage="100" maxCyclomaticComplexity="1" minCyclomaticComplexity="1" maxCrapScore="1" minCrapScore="1" visitedClasses="0" numClasses="0" visitedMethods="1" numMethods="1" />
              <MetadataToken>100663315</MetadataToken>
              <Name>System.Void Loterica.Infra.Data.Features.Apostas.ApostaSQLRepository::Excluir(System.Int32)</Name>
              <FileRef uid="59" />
              <SequencePoints>
                <SequencePoint vc="1" uspid="425" ordinal="0" offset="0" sl="68" sc="9" el="68" ec="10" bec="0" bev="0" fileid="59" />
                <SequencePoint vc="1" uspid="426" ordinal="1" offset="1" sl="69" sc="13" el="69" ec="55" bec="0" bev="0" fileid="59" />
              </SequencePoints>
              <BranchPoints />
              <MethodPoint xsi:type="SequencePoint" vc="1" uspid="425" ordinal="0" offset="0" sl="68" sc="9" el="68" ec="10" bec="0" bev="0" fileid="59" />
            </Method>
            <Method visited="true" cyclomaticComplexity="1" nPathComplexity="0" sequenceCoverage="100" branchCoverage="100" crapScore="1" isConstructor="false" isStatic="false" isGetter="false" isSetter="false">
              <Summary numSequencePoints="3" visitedSequencePoints="3" numBranchPoints="1" visitedBranchPoints="1" sequenceCoverage="100" branchCoverage="100" maxCyclomaticComplexity="1" minCyclomaticComplexity="1" maxCrapScore="1" minCrapScore="1" visitedClasses="0" numClasses="0" visitedMethods="1" numMethods="1" />
              <MetadataToken>100663316</MetadataToken>
              <Name>System.Collections.Generic.List`1&lt;Loterica.Domain.Features.Apostas.Aposta&gt; Loterica.Infra.Data.Features.Apostas.ApostaSQLRepository::GetAll()</Name>
              <FileRef uid="59" />
              <SequencePoints>
                <SequencePoint vc="1" uspid="427" ordinal="0" offset="0" sl="73" sc="9" el="73" ec="10" bec="0" bev="0" fileid="59" />
                <SequencePoint vc="1" uspid="428" ordinal="1" offset="1" sl="74" sc="13" el="74" ec="48" bec="0" bev="0" fileid="59" />
                <SequencePoint vc="1" uspid="429" ordinal="2" offset="28" sl="75" sc="9" el="75" ec="10" bec="0" bev="0" fileid="59" />
              </SequencePoints>
              <BranchPoints />
              <MethodPoint xsi:type="SequencePoint" vc="1" uspid="427" ordinal="0" offset="0" sl="73" sc="9" el="73" ec="10" bec="0" bev="0" fileid="59" />
            </Method>
            <Method visited="true" cyclomaticComplexity="1" nPathComplexity="0" sequenceCoverage="100" branchCoverage="100" crapScore="1" isConstructor="false" isStatic="false" isGetter="false" isSetter="false">
              <Summary numSequencePoints="4" visitedSequencePoints="4" numBranchPoints="1" visitedBranchPoints="1" sequenceCoverage="100" branchCoverage="100" maxCyclomaticComplexity="1" minCyclomaticComplexity="1" maxCrapScore="1" minCrapScore="1" visitedClasses="0" numClasses="0" visitedMethods="1" numMethods="1" />
              <MetadataToken>100663317</MetadataToken>
              <Name>Loterica.Domain.Features.Apostas.Aposta Loterica.Infra.Data.Features.Apostas.ApostaSQLRepository::GetById(System.Int32)</Name>
              <FileRef uid="59" />
              <SequencePoints>
                <SequencePoint vc="1" uspid="430" ordinal="0" offset="0" sl="78" sc="9" el="78" ec="10" bec="0" bev="0" fileid="59" />
                <SequencePoint vc="1" uspid="431" ordinal="1" offset="1" sl="79" sc="13" el="79" ec="96" bec="0" bev="0" fileid="59" />
                <SequencePoint vc="1" uspid="432" ordinal="2" offset="25" sl="80" sc="13" el="80" ec="53" bec="0" bev="0" fileid="59" />
                <SequencePoint vc="1" uspid="433" ordinal="3" offset="52" sl="81" sc="9" el="81" ec="10" bec="0" bev="0" fileid="59" />
              </SequencePoints>
              <BranchPoints />
              <MethodPoint xsi:type="SequencePoint" vc="1" uspid="430" ordinal="0" offset="0" sl="78" sc="9" el="78" ec="10" bec="0" bev="0" fileid="59" />
            </Method>
            <Method visited="true" cyclomaticComplexity="1" nPathComplexity="0" sequenceCoverage="100" branchCoverage="100" crapScore="1" isConstructor="false" isStatic="false" isGetter="false" isSetter="false">
              <Summary numSequencePoints="4" visitedSequencePoints="4" numBranchPoints="1" visitedBranchPoints="1" sequenceCoverage="100" branchCoverage="100" maxCyclomaticComplexity="1" minCyclomaticComplexity="1" maxCrapScore="1" minCrapScore="1" visitedClasses="0" numClasses="0" visitedMethods="1" numMethods="1" />
              <MetadataToken>100663318</MetadataToken>
              <Name>System.Collections.Generic.List`1&lt;Loterica.Domain.Features.Apostas.Aposta&gt; Loterica.Infra.Data.Features.Apostas.ApostaSQLRepository::GetByConcursoId(System.Int32)</Name>
              <FileRef uid="59" />
              <SequencePoints>
                <SequencePoint vc="1" uspid="434" ordinal="0" offset="0" sl="84" sc="9" el="84" ec="10" bec="0" bev="0" fileid="59" />
                <SequencePoint vc="1" uspid="435" ordinal="1" offset="1" sl="85" sc="13" el="85" ec="96" bec="0" bev="0" fileid="59" />
                <SequencePoint vc="1" uspid="436" ordinal="2" offset="25" sl="86" sc="13" el="86" ec="64" bec="0" bev="0" fileid="59" />
                <SequencePoint vc="1" uspid="437" ordinal="3" offset="52" sl="87" sc="9" el="87" ec="10" bec="0" bev="0" fileid="59" />
              </SequencePoints>
              <BranchPoints />
              <MethodPoint xsi:type="SequencePoint" vc="1" uspid="434" ordinal="0" offset="0" sl="84" sc="9" el="84" ec="10" bec="0" bev="0" fileid="59" />
            </Method>
            <Method visited="true" cyclomaticComplexity="1" nPathComplexity="0" sequenceCoverage="100" branchCoverage="100" crapScore="1" isConstructor="false" isStatic="false" isGetter="false" isSetter="false">
              <Summary numSequencePoints="4" visitedSequencePoints="4" numBranchPoints="1" visitedBranchPoints="1" sequenceCoverage="100" branchCoverage="100" maxCyclomaticComplexity="1" minCyclomaticComplexity="1" maxCrapScore="1" minCrapScore="1" visitedClasses="0" numClasses="0" visitedMethods="1" numMethods="1" />
              <MetadataToken>100663319</MetadataToken>
              <Name>System.Collections.Generic.List`1&lt;Loterica.Domain.Features.Apostas.Aposta&gt; Loterica.Infra.Data.Features.Apostas.ApostaSQLRepository::GetByBolaoId(System.Int32)</Name>
              <FileRef uid="59" />
              <SequencePoints>
                <SequencePoint vc="6" uspid="438" ordinal="0" offset="0" sl="90" sc="9" el="90" ec="10" bec="0" bev="0" fileid="59" />
                <SequencePoint vc="6" uspid="439" ordinal="1" offset="1" sl="91" sc="13" el="91" ec="96" bec="0" bev="0" fileid="59" />
                <SequencePoint vc="6" uspid="440" ordinal="2" offset="25" sl="92" sc="13" el="92" ec="61" bec="0" bev="0" fileid="59" />
                <SequencePoint vc="6" uspid="441" ordinal="3" offset="52" sl="93" sc="9" el="93" ec="10" bec="0" bev="0" fileid="59" />
              </SequencePoints>
              <BranchPoints />
              <MethodPoint xsi:type="SequencePoint" vc="6" uspid="438" ordinal="0" offset="0" sl="90" sc="9" el="90" ec="10" bec="0" bev="0" fileid="59" />
            </Method>
            <Method visited="true" cyclomaticComplexity="1" nPathComplexity="0" sequenceCoverage="100" branchCoverage="100" crapScore="1" isConstructor="false" isStatic="false" isGetter="false" isSetter="false">
              <Summary numSequencePoints="3" visitedSequencePoints="3" numBranchPoints="1" visitedBranchPoints="1" sequenceCoverage="100" branchCoverage="100" maxCyclomaticComplexity="1" minCyclomaticComplexity="1" maxCrapScore="1" minCrapScore="1" visitedClasses="0" numClasses="0" visitedMethods="1" numMethods="1" />
              <MetadataToken>100663320</MetadataToken>
              <Name>System.Collections.Generic.Dictionary`2&lt;System.String,System.Object&gt; Loterica.Infra.Data.Features.Apostas.ApostaSQLRepository::Take(Loterica.Domain.Features.Apostas.Aposta)</Name>
              <FileRef uid="59" />
              <SequencePoints>
                <SequencePoint vc="54" uspid="442" ordinal="0" offset="0" sl="97" sc="9" el="97" ec="10" bec="0" bev="0" fileid="59" />
                <SequencePoint vc="54" uspid="443" ordinal="1" offset="1" sl="98" sc="13" el="103" ec="15" bec="0" bev="0" fileid="59" />
                <SequencePoint vc="54" uspid="444" ordinal="2" offset="84" sl="104" sc="9" el="104" ec="10" bec="0" bev="0" fileid="59" />
              </SequencePoints>
              <BranchPoints />
              <MethodPoint xsi:type="SequencePoint" vc="54" uspid="442" ordinal="0" offset="0" sl="97" sc="9" el="97" ec="10" bec="0" bev="0" fileid="59" />
            </Method>
            <Method visited="true" cyclomaticComplexity="1" nPathComplexity="0" sequenceCoverage="100" branchCoverage="100" crapScore="1" isConstructor="false" isStatic="false" isGetter="false" isSetter="false">
              <Summary numSequencePoints="10" visitedSequencePoints="10" numBranchPoints="1" visitedBranchPoints="1" sequenceCoverage="100" branchCoverage="100" maxCyclomaticComplexity="1" minCyclomaticComplexity="1" maxCrapScore="1" minCrapScore="1" visitedClasses="0" numClasses="0" visitedMethods="1" numMethods="1" />
              <MetadataToken>100663321</MetadataToken>
              <Name>Loterica.Domain.Features.Apostas.Aposta Loterica.Infra.Data.Features.Apostas.ApostaSQLRepository::Make(System.Data.IDataReader)</Name>
              <FileRef uid="59" />
              <SequencePoints>
                <SequencePoint vc="48" uspid="445" ordinal="0" offset="0" sl="107" sc="9" el="107" ec="10" bec="0" bev="0" fileid="59" />
                <SequencePoint vc="48" uspid="446" ordinal="1" offset="1" sl="108" sc="13" el="108" ec="42" bec="0" bev="0" fileid="59" />
                <SequencePoint vc="48" uspid="447" ordinal="2" offset="7" sl="109" sc="13" el="109" ec="46" bec="0" bev="0" fileid="59" />
                <SequencePoint vc="48" uspid="448" ordinal="3" offset="18" sl="110" sc="13" el="110" ec="55" bec="0" bev="0" fileid="59" />
                <SequencePoint vc="48" uspid="449" ordinal="4" offset="40" sl="111" sc="13" el="111" ec="121" bec="0" bev="0" fileid="59" />
                <SequencePoint vc="48" uspid="450" ordinal="5" offset="68" sl="112" sc="13" el="112" ec="72" bec="0" bev="0" fileid="59" />
                <SequencePoint vc="48" uspid="451" ordinal="6" offset="95" sl="113" sc="13" el="113" ec="91" bec="0" bev="0" fileid="59" />
                <SequencePoint vc="48" uspid="452" ordinal="7" offset="122" sl="114" sc="13" el="114" ec="95" bec="0" bev="0" fileid="59" />
                <SequencePoint vc="48" uspid="453" ordinal="8" offset="149" sl="115" sc="13" el="115" ec="27" bec="0" bev="0" fileid="59" />
                <SequencePoint vc="48" uspid="454" ordinal="9" offset="153" sl="116" sc="9" el="116" ec="10" bec="0" bev="0" fileid="59" />
              </SequencePoints>
              <BranchPoints />
              <MethodPoint xsi:type="SequencePoint" vc="48" uspid="445" ordinal="0" offset="0" sl="107" sc="9" el="107" ec="10" bec="0" bev="0" fileid="59" />
            </Method>
            <Method visited="true" cyclomaticComplexity="3" nPathComplexity="2" sequenceCoverage="100" branchCoverage="100" crapScore="3" isConstructor="false" isStatic="false" isGetter="false" isSetter="false">
              <Summary numSequencePoints="13" visitedSequencePoints="13" numBranchPoints="3" visitedBranchPoints="3" sequenceCoverage="100" branchCoverage="100" maxCyclomaticComplexity="3" minCyclomaticComplexity="3" maxCrapScore="3" minCrapScore="3" visitedClasses="0" numClasses="0" visitedMethods="1" numMethods="1" />
              <MetadataToken>100663322</MetadataToken>
              <Name>System.String Loterica.Infra.Data.Features.Apostas.ApostaSQLRepository::ConverterNumerosApostadosParaString(System.Collections.Generic.List`1&lt;System.Int32&gt;)</Name>
              <FileRef uid="59" />
              <SequencePoints>
                <SequencePoint vc="54" uspid="455" ordinal="0" offset="0" sl="119" sc="9" el="119" ec="10" bec="0" bev="0" fileid="59" />
                <SequencePoint vc="54" uspid="456" ordinal="1" offset="1" sl="120" sc="13" el="120" ec="43" bec="0" bev="0" fileid="59" />
                <SequencePoint vc="54" uspid="457" ordinal="2" offset="7" sl="121" sc="13" el="121" ec="20" bec="0" bev="0" fileid="59" />
                <SequencePoint vc="54" uspid="458" ordinal="3" offset="8" sl="121" sc="34" el="121" ec="47" bec="0" bev="0" fileid="59" />
                <SequencePoint vc="324" uspid="459" ordinal="4" offset="17" sl="121" sc="22" el="121" ec="30" bec="0" bev="0" fileid="59" />
                <SequencePoint vc="324" uspid="460" ordinal="5" offset="25" sl="122" sc="13" el="122" ec="14" bec="0" bev="0" fileid="59" />
                <SequencePoint vc="324" uspid="461" ordinal="6" offset="26" sl="123" sc="17" el="123" ec="45" bec="2" bev="2" fileid="59" />
                <SequencePoint vc="54" uspid="462" ordinal="7" offset="41" sl="124" sc="21" el="124" ec="47" bec="0" bev="0" fileid="59" />
                <SequencePoint vc="270" uspid="463" ordinal="8" offset="51" sl="126" sc="21" el="126" ec="63" bec="0" bev="0" fileid="59" />
                <SequencePoint vc="324" uspid="464" ordinal="9" offset="70" sl="127" sc="13" el="127" ec="14" bec="0" bev="0" fileid="59" />
                <SequencePoint vc="378" uspid="465" ordinal="10" offset="71" sl="121" sc="31" el="121" ec="33" bec="0" bev="0" fileid="59" />
                <SequencePoint vc="54" uspid="466" ordinal="11" offset="97" sl="128" sc="13" el="128" ec="28" bec="0" bev="0" fileid="59" />
                <SequencePoint vc="54" uspid="467" ordinal="12" offset="102" sl="129" sc="9" el="129" ec="10" bec="0" bev="0" fileid="59" />
              </SequencePoints>
              <BranchPoints>
                <BranchPoint vc="54" uspid="468" ordinal="0" offset="39" sl="123" path="0" offsetend="41" fileid="59" />
                <BranchPoint vc="270" uspid="469" ordinal="1" offset="39" sl="123" path="1" offsetend="51" fileid="59" />
              </BranchPoints>
              <MethodPoint xsi:type="SequencePoint" vc="54" uspid="455" ordinal="0" offset="0" sl="119" sc="9" el="119" ec="10" bec="0" bev="0" fileid="59" />
            </Method>
            <Method visited="true" cyclomaticComplexity="2" nPathComplexity="0" sequenceCoverage="100" branchCoverage="100" crapScore="2" isConstructor="false" isStatic="false" isGetter="false" isSetter="false">
              <Summary numSequencePoints="12" visitedSequencePoints="12" numBranchPoints="1" visitedBranchPoints="1" sequenceCoverage="100" branchCoverage="100" maxCyclomaticComplexity="2" minCyclomaticComplexity="2" maxCrapScore="2" minCrapScore="2" visitedClasses="0" numClasses="0" visitedMethods="1" numMethods="1" />
              <MetadataToken>100663323</MetadataToken>
              <Name>System.Collections.Generic.List`1&lt;System.Int32&gt; Loterica.Infra.Data.Features.Apostas.ApostaSQLRepository::ConverterStringParaNumerosApostados(System.String)</Name>
              <FileRef uid="59" />
              <SequencePoints>
                <SequencePoint vc="48" uspid="472" ordinal="0" offset="0" sl="132" sc="9" el="132" ec="10" bec="0" bev="0" fileid="59" />
                <SequencePoint vc="48" uspid="473" ordinal="1" offset="1" sl="133" sc="13" el="133" ec="44" bec="0" bev="0" fileid="59" />
                <SequencePoint vc="48" uspid="474" ordinal="2" offset="19" sl="134" sc="13" el="134" ec="55" bec="0" bev="0" fileid="59" />
                <SequencePoint vc="48" uspid="475" ordinal="3" offset="25" sl="135" sc="13" el="135" ec="20" bec="0" bev="0" fileid="59" />
                <SequencePoint vc="48" uspid="476" ordinal="4" offset="26" sl="135" sc="34" el="135" ec="41" bec="0" bev="0" fileid="59" />
                <SequencePoint vc="288" uspid="477" ordinal="5" offset="32" sl="135" sc="22" el="135" ec="30" bec="0" bev="0" fileid="59" />
                <SequencePoint vc="288" uspid="478" ordinal="6" offset="37" sl="136" sc="13" el="136" ec="14" bec="0" bev="0" fileid="59" />
                <SequencePoint vc="288" uspid="479" ordinal="7" offset="38" sl="137" sc="17" el="137" ec="58" bec="0" bev="0" fileid="59" />
                <SequencePoint vc="288" uspid="480" ordinal="8" offset="52" sl="138" sc="13" el="138" ec="14" bec="0" bev="0" fileid="59" />
                <SequencePoint vc="336" uspid="481" ordinal="9" offset="57" sl="135" sc="31" el="135" ec="33" bec="0" bev="0" fileid="59" />
                <SequencePoint vc="48" uspid="482" ordinal="10" offset="63" sl="139" sc="13" el="139" ec="34" bec="0" bev="0" fileid="59" />
                <SequencePoint vc="48" uspid="483" ordinal="11" offset="68" sl="140" sc="9" el="140" ec="10" bec="0" bev="0" fileid="59" />
              </SequencePoints>
              <BranchPoints />
              <MethodPoint xsi:type="SequencePoint" vc="48" uspid="472" ordinal="0" offset="0" sl="132" sc="9" el="132" ec="10" bec="0" bev="0" fileid="59" />
            </Method>
            <Method visited="true" cyclomaticComplexity="1" nPathComplexity="0" sequenceCoverage="100" branchCoverage="100" crapScore="1" isConstructor="true" isStatic="false" isGetter="false" isSetter="false">
              <Summary numSequencePoints="5" visitedSequencePoints="5" numBranchPoints="1" visitedBranchPoints="1" sequenceCoverage="100" branchCoverage="100" maxCyclomaticComplexity="1" minCyclomaticComplexity="1" maxCrapScore="1" minCrapScore="1" visitedClasses="0" numClasses="0" visitedMethods="1" numMethods="1" />
              <MetadataToken>100663324</MetadataToken>
              <Name>System.Void Loterica.Infra.Data.Features.Apostas.ApostaSQLRepository::.ctor()</Name>
              <FileRef uid="59" />
              <SequencePoints>
                <SequencePoint vc="11" uspid="486" ordinal="0" offset="0" sl="16" sc="9" el="16" ec="128" bec="0" bev="0" fileid="59" />
                <SequencePoint vc="11" uspid="487" ordinal="1" offset="11" sl="18" sc="9" el="25" ec="66" bec="0" bev="0" fileid="59" />
                <SequencePoint vc="11" uspid="488" ordinal="2" offset="22" sl="27" sc="9" el="33" ec="98" bec="0" bev="0" fileid="59" />
                <SequencePoint vc="11" uspid="489" ordinal="3" offset="33" sl="34" sc="9" el="41" ec="74" bec="0" bev="0" fileid="59" />
                <SequencePoint vc="11" uspid="490" ordinal="4" offset="44" sl="43" sc="9" el="51" ec="71" bec="0" bev="0" fileid="59" />
              </SequencePoints>
              <BranchPoints />
              <MethodPoint xsi:type="SequencePoint" vc="11" uspid="486" ordinal="0" offset="0" sl="16" sc="9" el="16" ec="128" bec="0" bev="0" fileid="59" />
            </Method>
          </Methods>
        </Class>
      </Classes>
    </Module>
    <Module hash="5B-EE-9C-1D-8F-5A-6C-83-65-9E-72-E0-2B-F8-A2-C6-1F-DD-6D-66">
      <Summary numSequencePoints="0" visitedSequencePoints="0" numBranchPoints="0" visitedBranchPoints="0" sequenceCoverage="0" branchCoverage="0" maxCyclomaticComplexity="0" minCyclomaticComplexity="0" maxCrapScore="0" minCrapScore="0" visitedClasses="0" numClasses="0" visitedMethods="0" numMethods="0" />
      <ModulePath>C:\Users\ndduser\Desktop\Academia 2018\Dupla 12\Projeto-Loterica\Loterica.Infra.Data.Tests\bin\Debug\Loterica.Infra.dll</ModulePath>
      <ModuleTime>2018-05-17T16:41:38.5010732Z</ModuleTime>
      <ModuleName>Loterica.Infra</ModuleName>
      <Files />
      <Classes />
    </Module>
  </Modules>
</CoverageSession>