<?xml version="1.0" encoding="utf-8"?>
<CoverageSession xmlns:xsd="http://www.w3.org/2001/XMLSchema" xmlns:xsi="http://www.w3.org/2001/XMLSchema-instance" Version="4.6.0.0">
  <Summary numSequencePoints="736" visitedSequencePoints="736" numBranchPoints="178" visitedBranchPoints="178" sequenceCoverage="100" branchCoverage="100" maxCyclomaticComplexity="10" minCyclomaticComplexity="1" maxCrapScore="10" minCrapScore="1" visitedClasses="34" numClasses="34" visitedMethods="110" numMethods="110" />
  <Modules>
    <Module hash="6E-8F-72-BE-F0-D6-4A-7F-FF-F6-27-FA-FE-DC-D8-9F-64-18-AF-99">
      <Summary numSequencePoints="220" visitedSequencePoints="220" numBranchPoints="88" visitedBranchPoints="88" sequenceCoverage="100" branchCoverage="100" maxCyclomaticComplexity="10" minCyclomaticComplexity="1" maxCrapScore="10" minCrapScore="1" visitedClasses="15" numClasses="15" visitedMethods="32" numMethods="32" />
      <ModulePath>C:\Users\ndduser\Desktop\Academia 2018\Dupla 12\Projeto-Loterica\Loterica.Aplication.Tests\bin\Debug\Loterica.Domain.dll</ModulePath>
      <ModuleTime>2018-05-24T16:33:06.610879Z</ModuleTime>
      <ModuleName>Loterica.Domain</ModuleName>
      <Files>
        <File uid="1" fullPath="C:\Users\ndduser\Desktop\Academia 2018\Dupla 12\Projeto-Loterica\Loterica.Domain\Features\Concursos\Concurso.cs" />
        <File uid="2" fullPath="C:\Users\ndduser\Desktop\Academia 2018\Dupla 12\Projeto-Loterica\Loterica.Domain\Features\Concursos\InvalidDateTimeException.cs" />
        <File uid="3" fullPath="C:\Users\ndduser\Desktop\Academia 2018\Dupla 12\Projeto-Loterica\Loterica.Domain\Features\ResultadoConcursos\InvalidConcursoException.cs" />
        <File uid="4" fullPath="C:\Users\ndduser\Desktop\Academia 2018\Dupla 12\Projeto-Loterica\Loterica.Domain\Features\ResultadoConcursos\ResultadoConcurso.cs" />
        <File uid="5" fullPath="C:\Users\ndduser\Desktop\Academia 2018\Dupla 12\Projeto-Loterica\Loterica.Domain\Features\Lotericas\FaturamentoLoterica.cs" />
        <File uid="6" fullPath="C:\Users\ndduser\Desktop\Academia 2018\Dupla 12\Projeto-Loterica\Loterica.Domain\Features\Lotericas\InvalidFaturamentoException.cs" />
        <File uid="7" fullPath="C:\Users\ndduser\Desktop\Academia 2018\Dupla 12\Projeto-Loterica\Loterica.Domain\Features\Concursos\ExcludeConcursoException.cs" />
        <File uid="8" fullPath="C:\Users\ndduser\Desktop\Academia 2018\Dupla 12\Projeto-Loterica\Loterica.Domain\Features\Boloes\Bolao.cs" />
        <File uid="9" fullPath="C:\Users\ndduser\Desktop\Academia 2018\Dupla 12\Projeto-Loterica\Loterica.Domain\Features\Boloes\InvalidBolaoConcursoException.cs" />
        <File uid="10" fullPath="C:\Users\ndduser\Desktop\Academia 2018\Dupla 12\Projeto-Loterica\Loterica.Domain\Features\Apostas\Aposta.cs" />
        <File uid="11" fullPath="C:\Users\ndduser\Desktop\Academia 2018\Dupla 12\Projeto-Loterica\Loterica.Domain\Features\Apostas\InvalidBetException.cs" />
        <File uid="12" fullPath="C:\Users\ndduser\Desktop\Academia 2018\Dupla 12\Projeto-Loterica\Loterica.Domain\Features\Apostas\InvalidListApostaException.cs" />
        <File uid="13" fullPath="C:\Users\ndduser\Desktop\Academia 2018\Dupla 12\Projeto-Loterica\Loterica.Domain\Features\Apostas\InvalidNumberException.cs" />
        <File uid="14" fullPath="C:\Users\ndduser\Desktop\Academia 2018\Dupla 12\Projeto-Loterica\Loterica.Domain\Exceptions\UnsupportedOperationException.cs" />
        <File uid="15" fullPath="C:\Users\ndduser\Desktop\Academia 2018\Dupla 12\Projeto-Loterica\Loterica.Domain\Exceptions\BusinessException.cs" />
      </Files>
      <Classes>
        <Class>
          <Summary numSequencePoints="4" visitedSequencePoints="4" numBranchPoints="3" visitedBranchPoints="3" sequenceCoverage="100" branchCoverage="100" maxCyclomaticComplexity="2" minCyclomaticComplexity="1" maxCrapScore="2" minCrapScore="2" visitedClasses="1" numClasses="1" visitedMethods="1" numMethods="1" />
          <FullName>Loterica.Domain.Concurso</FullName>
          <Methods>
            <Method visited="true" cyclomaticComplexity="2" nPathComplexity="2" sequenceCoverage="100" branchCoverage="100" crapScore="2" isConstructor="false" isStatic="false" isGetter="false" isSetter="false">
              <Summary numSequencePoints="4" visitedSequencePoints="4" numBranchPoints="3" visitedBranchPoints="3" sequenceCoverage="100" branchCoverage="100" maxCyclomaticComplexity="2" minCyclomaticComplexity="2" maxCrapScore="2" minCrapScore="2" visitedClasses="0" numClasses="0" visitedMethods="1" numMethods="1" />
              <MetadataToken>100663297</MetadataToken>
              <Name>System.Void Loterica.Domain.Concurso::Validar()</Name>
              <FileRef uid="1" />
              <SequencePoints>
                <SequencePoint vc="16" uspid="1" ordinal="0" offset="0" sl="18" sc="9" el="18" ec="10" bec="0" bev="0" fileid="1" />
                <SequencePoint vc="16" uspid="2" ordinal="1" offset="1" sl="19" sc="13" el="19" ec="47" bec="2" bev="2" fileid="1" />
                <SequencePoint vc="6" uspid="3" ordinal="2" offset="21" sl="20" sc="17" el="20" ec="54" bec="0" bev="0" fileid="1" />
                <SequencePoint vc="10" uspid="4" ordinal="3" offset="27" sl="21" sc="9" el="21" ec="10" bec="0" bev="0" fileid="1" />
              </SequencePoints>
              <BranchPoints>
                <BranchPoint vc="6" uspid="5" ordinal="0" offset="19" sl="19" path="0" offsetend="21" fileid="1" />
                <BranchPoint vc="10" uspid="6" ordinal="1" offset="19" sl="19" path="1" offsetend="27" fileid="1" />
              </BranchPoints>
              <MethodPoint xsi:type="SequencePoint" vc="16" uspid="1" ordinal="0" offset="0" sl="18" sc="9" el="18" ec="10" bec="0" bev="0" fileid="1" />
            </Method>
            <Method visited="false" cyclomaticComplexity="1" nPathComplexity="0" sequenceCoverage="0" branchCoverage="0" crapScore="2" isConstructor="true" isStatic="false" isGetter="false" isSetter="false">
              <Summary numSequencePoints="0" visitedSequencePoints="0" numBranchPoints="0" visitedBranchPoints="0" sequenceCoverage="0" branchCoverage="0" maxCyclomaticComplexity="1" minCyclomaticComplexity="1" maxCrapScore="2" minCrapScore="2" visitedClasses="0" numClasses="0" visitedMethods="0" numMethods="0" />
              <MetadataToken>100663298</MetadataToken>
              <Name>System.Void Loterica.Domain.Concurso::.ctor()</Name>
              <SequencePoints />
              <BranchPoints />
              <MethodPoint vc="0" uspid="7" ordinal="0" offset="0" />
            </Method>
          </Methods>
        </Class>
        <Class>
          <Summary numSequencePoints="3" visitedSequencePoints="3" numBranchPoints="1" visitedBranchPoints="1" sequenceCoverage="100" branchCoverage="100" maxCyclomaticComplexity="1" minCyclomaticComplexity="1" maxCrapScore="1" minCrapScore="1" visitedClasses="1" numClasses="1" visitedMethods="1" numMethods="1" />
          <FullName>Loterica.Domain.Concursos.InvalidDateTimeException</FullName>
          <Methods>
            <Method visited="true" cyclomaticComplexity="1" nPathComplexity="0" sequenceCoverage="100" branchCoverage="100" crapScore="1" isConstructor="true" isStatic="false" isGetter="false" isSetter="false">
              <Summary numSequencePoints="3" visitedSequencePoints="3" numBranchPoints="1" visitedBranchPoints="1" sequenceCoverage="100" branchCoverage="100" maxCyclomaticComplexity="1" minCyclomaticComplexity="1" maxCrapScore="1" minCrapScore="1" visitedClasses="0" numClasses="0" visitedMethods="1" numMethods="1" />
              <MetadataToken>100663299</MetadataToken>
              <Name>System.Void Loterica.Domain.Concursos.InvalidDateTimeException::.ctor()</Name>
              <FileRef uid="2" />
              <SequencePoints>
                <SequencePoint vc="6" uspid="8" ordinal="0" offset="0" sl="12" sc="45" el="12" ec="76" bec="0" bev="0" fileid="2" />
                <SequencePoint vc="6" uspid="9" ordinal="1" offset="12" sl="13" sc="9" el="13" ec="10" bec="0" bev="0" fileid="2" />
                <SequencePoint vc="6" uspid="10" ordinal="2" offset="13" sl="14" sc="9" el="14" ec="10" bec="0" bev="0" fileid="2" />
              </SequencePoints>
              <BranchPoints />
              <MethodPoint xsi:type="SequencePoint" vc="6" uspid="8" ordinal="0" offset="0" sl="12" sc="45" el="12" ec="76" bec="0" bev="0" fileid="2" />
            </Method>
          </Methods>
        </Class>
        <Class>
          <Summary numSequencePoints="3" visitedSequencePoints="3" numBranchPoints="1" visitedBranchPoints="1" sequenceCoverage="100" branchCoverage="100" maxCyclomaticComplexity="1" minCyclomaticComplexity="1" maxCrapScore="1" minCrapScore="1" visitedClasses="1" numClasses="1" visitedMethods="1" numMethods="1" />
          <FullName>Loterica.Domain.Features.ResultadoConcursos.InvalidConcursoException</FullName>
          <Methods>
            <Method visited="true" cyclomaticComplexity="1" nPathComplexity="0" sequenceCoverage="100" branchCoverage="100" crapScore="1" isConstructor="true" isStatic="false" isGetter="false" isSetter="false">
              <Summary numSequencePoints="3" visitedSequencePoints="3" numBranchPoints="1" visitedBranchPoints="1" sequenceCoverage="100" branchCoverage="100" maxCyclomaticComplexity="1" minCyclomaticComplexity="1" maxCrapScore="1" minCrapScore="1" visitedClasses="0" numClasses="0" visitedMethods="1" numMethods="1" />
              <MetadataToken>100663300</MetadataToken>
              <Name>System.Void Loterica.Domain.Features.ResultadoConcursos.InvalidConcursoException::.ctor()</Name>
              <FileRef uid="3" />
              <SequencePoints>
                <SequencePoint vc="2" uspid="11" ordinal="0" offset="0" sl="12" sc="45" el="12" ec="78" bec="0" bev="0" fileid="3" />
                <SequencePoint vc="2" uspid="12" ordinal="1" offset="12" sl="13" sc="9" el="13" ec="10" bec="0" bev="0" fileid="3" />
                <SequencePoint vc="2" uspid="13" ordinal="2" offset="13" sl="14" sc="9" el="14" ec="10" bec="0" bev="0" fileid="3" />
              </SequencePoints>
              <BranchPoints />
              <MethodPoint xsi:type="SequencePoint" vc="2" uspid="11" ordinal="0" offset="0" sl="12" sc="45" el="12" ec="78" bec="0" bev="0" fileid="3" />
            </Method>
          </Methods>
        </Class>
        <Class>
          <Summary numSequencePoints="92" visitedSequencePoints="92" numBranchPoints="39" visitedBranchPoints="39" sequenceCoverage="100" branchCoverage="100" maxCyclomaticComplexity="10" minCyclomaticComplexity="1" maxCrapScore="10" minCrapScore="1" visitedClasses="1" numClasses="1" visitedMethods="9" numMethods="9" />
          <FullName>Loterica.Domain.Features.ResultadoConcursos.ResultadoConcurso</FullName>
          <Methods>
            <Method visited="true" cyclomaticComplexity="1" nPathComplexity="0" sequenceCoverage="100" branchCoverage="100" crapScore="1" isConstructor="true" isStatic="false" isGetter="false" isSetter="false">
              <Summary numSequencePoints="3" visitedSequencePoints="3" numBranchPoints="1" visitedBranchPoints="1" sequenceCoverage="100" branchCoverage="100" maxCyclomaticComplexity="1" minCyclomaticComplexity="1" maxCrapScore="1" minCrapScore="1" visitedClasses="0" numClasses="0" visitedMethods="1" numMethods="1" />
              <MetadataToken>100663302</MetadataToken>
              <Name>System.Void Loterica.Domain.Features.ResultadoConcursos.ResultadoConcurso::.ctor()</Name>
              <FileRef uid="4" />
              <SequencePoints>
                <SequencePoint vc="10" uspid="14" ordinal="0" offset="0" sl="27" sc="9" el="27" ec="35" bec="0" bev="0" fileid="4" />
                <SequencePoint vc="10" uspid="15" ordinal="1" offset="7" sl="28" sc="9" el="28" ec="10" bec="0" bev="0" fileid="4" />
                <SequencePoint vc="10" uspid="16" ordinal="2" offset="8" sl="30" sc="9" el="30" ec="10" bec="0" bev="0" fileid="4" />
              </SequencePoints>
              <BranchPoints />
              <MethodPoint xsi:type="SequencePoint" vc="10" uspid="14" ordinal="0" offset="0" sl="27" sc="9" el="27" ec="35" bec="0" bev="0" fileid="4" />
            </Method>
            <Method visited="true" cyclomaticComplexity="1" nPathComplexity="0" sequenceCoverage="100" branchCoverage="100" crapScore="1" isConstructor="true" isStatic="false" isGetter="false" isSetter="false">
              <Summary numSequencePoints="9" visitedSequencePoints="9" numBranchPoints="1" visitedBranchPoints="1" sequenceCoverage="100" branchCoverage="100" maxCyclomaticComplexity="1" minCyclomaticComplexity="1" maxCrapScore="1" minCrapScore="1" visitedClasses="0" numClasses="0" visitedMethods="1" numMethods="1" />
              <MetadataToken>100663303</MetadataToken>
              <Name>System.Void Loterica.Domain.Features.ResultadoConcursos.ResultadoConcurso::.ctor(Loterica.Domain.Concurso)</Name>
              <FileRef uid="4" />
              <SequencePoints>
                <SequencePoint vc="27" uspid="17" ordinal="0" offset="0" sl="32" sc="9" el="32" ec="52" bec="0" bev="0" fileid="4" />
                <SequencePoint vc="27" uspid="18" ordinal="1" offset="7" sl="33" sc="9" el="33" ec="10" bec="0" bev="0" fileid="4" />
                <SequencePoint vc="27" uspid="19" ordinal="2" offset="8" sl="34" sc="13" el="34" ec="38" bec="0" bev="0" fileid="4" />
                <SequencePoint vc="27" uspid="20" ordinal="3" offset="15" sl="35" sc="13" el="35" ec="61" bec="0" bev="0" fileid="4" />
                <SequencePoint vc="27" uspid="21" ordinal="4" offset="27" sl="36" sc="13" el="36" ec="47" bec="0" bev="0" fileid="4" />
                <SequencePoint vc="27" uspid="22" ordinal="5" offset="38" sl="37" sc="13" el="37" ec="48" bec="0" bev="0" fileid="4" />
                <SequencePoint vc="27" uspid="23" ordinal="6" offset="49" sl="38" sc="13" el="38" ec="50" bec="0" bev="0" fileid="4" />
                <SequencePoint vc="27" uspid="24" ordinal="7" offset="61" sl="39" sc="13" el="39" ec="35" bec="0" bev="0" fileid="4" />
                <SequencePoint vc="27" uspid="25" ordinal="8" offset="68" sl="40" sc="9" el="40" ec="10" bec="0" bev="0" fileid="4" />
              </SequencePoints>
              <BranchPoints />
              <MethodPoint xsi:type="SequencePoint" vc="27" uspid="17" ordinal="0" offset="0" sl="32" sc="9" el="32" ec="52" bec="0" bev="0" fileid="4" />
            </Method>
            <Method visited="true" cyclomaticComplexity="2" nPathComplexity="2" sequenceCoverage="100" branchCoverage="100" crapScore="2" isConstructor="false" isStatic="false" isGetter="false" isSetter="false">
              <Summary numSequencePoints="4" visitedSequencePoints="4" numBranchPoints="3" visitedBranchPoints="3" sequenceCoverage="100" branchCoverage="100" maxCyclomaticComplexity="2" minCyclomaticComplexity="2" maxCrapScore="2" minCrapScore="2" visitedClasses="0" numClasses="0" visitedMethods="1" numMethods="1" />
              <MetadataToken>100663304</MetadataToken>
              <Name>System.Void Loterica.Domain.Features.ResultadoConcursos.ResultadoConcurso::Validar()</Name>
              <FileRef uid="4" />
              <SequencePoints>
                <SequencePoint vc="10" uspid="26" ordinal="0" offset="0" sl="43" sc="9" el="43" ec="10" bec="0" bev="0" fileid="4" />
                <SequencePoint vc="10" uspid="27" ordinal="1" offset="1" sl="44" sc="13" el="44" ec="34" bec="2" bev="2" fileid="4" />
                <SequencePoint vc="2" uspid="28" ordinal="2" offset="19" sl="45" sc="17" el="45" ec="54" bec="0" bev="0" fileid="4" />
                <SequencePoint vc="8" uspid="29" ordinal="3" offset="25" sl="46" sc="9" el="46" ec="10" bec="0" bev="0" fileid="4" />
              </SequencePoints>
              <BranchPoints>
                <BranchPoint vc="2" uspid="30" ordinal="0" offset="17" sl="44" path="0" offsetend="19" fileid="4" />
                <BranchPoint vc="8" uspid="31" ordinal="1" offset="17" sl="44" path="1" offsetend="25" fileid="4" />
              </BranchPoints>
              <MethodPoint xsi:type="SequencePoint" vc="10" uspid="26" ordinal="0" offset="0" sl="43" sc="9" el="43" ec="10" bec="0" bev="0" fileid="4" />
            </Method>
            <Method visited="true" cyclomaticComplexity="3" nPathComplexity="4" sequenceCoverage="100" branchCoverage="100" crapScore="3" isConstructor="false" isStatic="false" isGetter="false" isSetter="false">
              <Summary numSequencePoints="13" visitedSequencePoints="13" numBranchPoints="5" visitedBranchPoints="5" sequenceCoverage="100" branchCoverage="100" maxCyclomaticComplexity="3" minCyclomaticComplexity="3" maxCrapScore="3" minCrapScore="3" visitedClasses="0" numClasses="0" visitedMethods="1" numMethods="1" />
              <MetadataToken>100663305</MetadataToken>
              <Name>System.Void Loterica.Domain.Features.ResultadoConcursos.ResultadoConcurso::CalculaNumeroResultado(System.Random)</Name>
              <FileRef uid="4" />
              <SequencePoints>
                <SequencePoint vc="51" uspid="32" ordinal="0" offset="0" sl="49" sc="9" el="49" ec="10" bec="0" bev="0" fileid="4" />
                <SequencePoint vc="51" uspid="33" ordinal="1" offset="1" sl="50" sc="13" el="50" ec="38" bec="0" bev="0" fileid="4" />
                <SequencePoint vc="51" uspid="34" ordinal="2" offset="13" sl="52" sc="18" el="52" ec="27" bec="0" bev="0" fileid="4" />
                <SequencePoint vc="313" uspid="35" ordinal="3" offset="17" sl="53" sc="13" el="53" ec="14" bec="0" bev="0" fileid="4" />
                <SequencePoint vc="313" uspid="36" ordinal="4" offset="18" sl="54" sc="17" el="54" ec="52" bec="0" bev="0" fileid="4" />
                <SequencePoint vc="313" uspid="37" ordinal="5" offset="28" sl="55" sc="17" el="55" ec="59" bec="2" bev="2" fileid="4" />
                <SequencePoint vc="306" uspid="38" ordinal="6" offset="47" sl="56" sc="17" el="56" ec="18" bec="0" bev="0" fileid="4" />
                <SequencePoint vc="306" uspid="39" ordinal="7" offset="48" sl="57" sc="21" el="57" ec="53" bec="0" bev="0" fileid="4" />
                <SequencePoint vc="306" uspid="40" ordinal="8" offset="61" sl="58" sc="21" el="58" ec="25" bec="0" bev="0" fileid="4" />
                <SequencePoint vc="306" uspid="41" ordinal="9" offset="65" sl="59" sc="17" el="59" ec="18" bec="0" bev="0" fileid="4" />
                <SequencePoint vc="313" uspid="42" ordinal="10" offset="66" sl="60" sc="13" el="60" ec="14" bec="0" bev="0" fileid="4" />
                <SequencePoint vc="364" uspid="43" ordinal="11" offset="67" sl="52" sc="29" el="52" ec="35" bec="2" bev="2" fileid="4" />
                <SequencePoint vc="51" uspid="44" ordinal="12" offset="78" sl="61" sc="9" el="61" ec="10" bec="0" bev="0" fileid="4" />
              </SequencePoints>
              <BranchPoints>
                <BranchPoint vc="306" uspid="45" ordinal="0" offset="45" sl="55" path="0" offsetend="47" fileid="4" />
                <BranchPoint vc="7" uspid="46" ordinal="1" offset="45" sl="55" path="1" offsetend="66" fileid="4" />
                <BranchPoint vc="51" uspid="47" ordinal="2" offset="76" sl="52" path="0" offsetend="78" fileid="4" />
                <BranchPoint vc="313" uspid="48" ordinal="3" offset="76" sl="52" path="1" offsetend="17" fileid="4" />
              </BranchPoints>
              <MethodPoint xsi:type="SequencePoint" vc="51" uspid="32" ordinal="0" offset="0" sl="49" sc="9" el="49" ec="10" bec="0" bev="0" fileid="4" />
            </Method>
            <Method visited="true" cyclomaticComplexity="1" nPathComplexity="0" sequenceCoverage="100" branchCoverage="100" crapScore="1" isConstructor="false" isStatic="false" isGetter="false" isSetter="false">
              <Summary numSequencePoints="3" visitedSequencePoints="3" numBranchPoints="1" visitedBranchPoints="1" sequenceCoverage="100" branchCoverage="100" maxCyclomaticComplexity="1" minCyclomaticComplexity="1" maxCrapScore="1" minCrapScore="1" visitedClasses="0" numClasses="0" visitedMethods="1" numMethods="1" />
              <MetadataToken>100663306</MetadataToken>
              <Name>System.Void Loterica.Domain.Features.ResultadoConcursos.ResultadoConcurso::CalcularPremioTotal()</Name>
              <FileRef uid="4" />
              <SequencePoints>
                <SequencePoint vc="45" uspid="49" ordinal="0" offset="0" sl="64" sc="9" el="64" ec="10" bec="0" bev="0" fileid="4" />
                <SequencePoint vc="45" uspid="50" ordinal="1" offset="1" sl="65" sc="13" el="65" ec="80" bec="0" bev="0" fileid="4" />
                <SequencePoint vc="45" uspid="51" ordinal="2" offset="34" sl="66" sc="9" el="66" ec="10" bec="0" bev="0" fileid="4" />
              </SequencePoints>
              <BranchPoints />
              <MethodPoint xsi:type="SequencePoint" vc="45" uspid="49" ordinal="0" offset="0" sl="64" sc="9" el="64" ec="10" bec="0" bev="0" fileid="4" />
            </Method>
            <Method visited="true" cyclomaticComplexity="7" nPathComplexity="8" sequenceCoverage="100" branchCoverage="100" crapScore="7" isConstructor="false" isStatic="false" isGetter="false" isSetter="false">
              <Summary numSequencePoints="17" visitedSequencePoints="17" numBranchPoints="7" visitedBranchPoints="7" sequenceCoverage="100" branchCoverage="100" maxCyclomaticComplexity="7" minCyclomaticComplexity="7" maxCrapScore="7" minCrapScore="7" visitedClasses="0" numClasses="0" visitedMethods="1" numMethods="1" />
              <MetadataToken>100663307</MetadataToken>
              <Name>System.Void Loterica.Domain.Features.ResultadoConcursos.ResultadoConcurso::AdicionarGanhador(Loterica.Domain.Features.Apostas.Aposta,System.Int32)</Name>
              <FileRef uid="4" />
              <SequencePoints>
                <SequencePoint vc="20" uspid="52" ordinal="0" offset="0" sl="69" sc="9" el="69" ec="10" bec="0" bev="0" fileid="4" />
                <SequencePoint vc="20" uspid="53" ordinal="1" offset="1" sl="70" sc="13" el="70" ec="52" bec="2" bev="2" fileid="4" />
                <SequencePoint vc="19" uspid="54" ordinal="2" offset="19" sl="71" sc="13" el="71" ec="14" bec="0" bev="0" fileid="4" />
                <SequencePoint vc="19" uspid="55" ordinal="3" offset="20" sl="72" sc="17" el="72" ec="52" bec="0" bev="0" fileid="4" />
                <SequencePoint vc="19" uspid="56" ordinal="4" offset="26" sl="73" sc="17" el="73" ec="42" bec="0" bev="0" fileid="4" />
                <SequencePoint vc="19" uspid="57" ordinal="5" offset="33" sl="74" sc="17" el="74" ec="50" bec="0" bev="0" fileid="4" />
                <SequencePoint vc="19" uspid="58" ordinal="6" offset="40" sl="75" sc="17" el="75" ec="42" bec="0" bev="0" fileid="4" />
                <SequencePoint vc="19" uspid="59" ordinal="7" offset="53" sl="76" sc="13" el="76" ec="14" bec="0" bev="0" fileid="4" />
                <SequencePoint vc="20" uspid="60" ordinal="8" offset="54" sl="78" sc="13" el="78" ec="32" bec="4" bev="4" fileid="4" />
                <SequencePoint vc="9" uspid="61" ordinal="9" offset="78" sl="81" sc="21" el="81" ec="47" bec="0" bev="0" fileid="4" />
                <SequencePoint vc="9" uspid="62" ordinal="10" offset="92" sl="82" sc="21" el="82" ec="27" bec="0" bev="0" fileid="4" />
                <SequencePoint vc="7" uspid="63" ordinal="11" offset="94" sl="84" sc="21" el="84" ec="46" bec="0" bev="0" fileid="4" />
                <SequencePoint vc="7" uspid="64" ordinal="12" offset="108" sl="85" sc="21" el="85" ec="27" bec="0" bev="0" fileid="4" />
                <SequencePoint vc="3" uspid="65" ordinal="13" offset="110" sl="87" sc="21" el="87" ec="45" bec="0" bev="0" fileid="4" />
                <SequencePoint vc="3" uspid="66" ordinal="14" offset="124" sl="88" sc="21" el="88" ec="27" bec="0" bev="0" fileid="4" />
                <SequencePoint vc="1" uspid="67" ordinal="15" offset="126" sl="90" sc="21" el="90" ec="27" bec="0" bev="0" fileid="4" />
                <SequencePoint vc="20" uspid="68" ordinal="16" offset="128" sl="92" sc="9" el="92" ec="10" bec="0" bev="0" fileid="4" />
              </SequencePoints>
              <BranchPoints>
                <BranchPoint vc="19" uspid="71" ordinal="2" offset="17" sl="70" path="0" offsetend="19" fileid="4" />
                <BranchPoint vc="1" uspid="72" ordinal="3" offset="17" sl="70" path="1" offsetend="54" fileid="4" />
                <BranchPoint vc="1" uspid="73" ordinal="4" offset="59" sl="78" path="0" offsetchain="76 126" offsetend="128" fileid="4" />
                <BranchPoint vc="9" uspid="74" ordinal="5" offset="59" sl="78" path="1" offsetend="78" fileid="4" />
                <BranchPoint vc="7" uspid="75" ordinal="6" offset="59" sl="78" path="2" offsetend="94" fileid="4" />
                <BranchPoint vc="3" uspid="76" ordinal="7" offset="59" sl="78" path="3" offsetend="110" fileid="4" />
              </BranchPoints>
              <MethodPoint xsi:type="SequencePoint" vc="20" uspid="52" ordinal="0" offset="0" sl="69" sc="9" el="69" ec="10" bec="0" bev="0" fileid="4" />
            </Method>
            <Method visited="true" cyclomaticComplexity="10" nPathComplexity="64" sequenceCoverage="100" branchCoverage="100" crapScore="10" isConstructor="false" isStatic="false" isGetter="false" isSetter="false">
              <Summary numSequencePoints="23" visitedSequencePoints="23" numBranchPoints="13" visitedBranchPoints="13" sequenceCoverage="100" branchCoverage="100" maxCyclomaticComplexity="10" minCyclomaticComplexity="10" maxCrapScore="10" minCrapScore="10" visitedClasses="0" numClasses="0" visitedMethods="1" numMethods="1" />
              <MetadataToken>100663308</MetadataToken>
              <Name>System.Void Loterica.Domain.Features.ResultadoConcursos.ResultadoConcurso::CalcularPremioPorAposta()</Name>
              <FileRef uid="4" />
              <SequencePoints>
                <SequencePoint vc="8" uspid="77" ordinal="0" offset="0" sl="95" sc="9" el="95" ec="10" bec="0" bev="0" fileid="4" />
                <SequencePoint vc="8" uspid="78" ordinal="1" offset="1" sl="96" sc="13" el="96" ec="38" bec="0" bev="0" fileid="4" />
                <SequencePoint vc="8" uspid="79" ordinal="2" offset="11" sl="97" sc="13" el="97" ec="37" bec="0" bev="0" fileid="4" />
                <SequencePoint vc="8" uspid="80" ordinal="3" offset="21" sl="98" sc="13" el="98" ec="36" bec="0" bev="0" fileid="4" />
                <SequencePoint vc="8" uspid="81" ordinal="4" offset="31" sl="100" sc="13" el="100" ec="43" bec="2" bev="2" fileid="4" />
                <SequencePoint vc="2" uspid="82" ordinal="5" offset="47" sl="101" sc="13" el="101" ec="14" bec="0" bev="0" fileid="4" />
                <SequencePoint vc="2" uspid="83" ordinal="6" offset="48" sl="102" sc="17" el="102" ec="38" bec="0" bev="0" fileid="4" />
                <SequencePoint vc="2" uspid="84" ordinal="7" offset="60" sl="103" sc="17" el="103" ec="37" bec="0" bev="0" fileid="4" />
                <SequencePoint vc="2" uspid="85" ordinal="8" offset="72" sl="104" sc="17" el="104" ec="35" bec="0" bev="0" fileid="4" />
                <SequencePoint vc="2" uspid="86" ordinal="9" offset="82" sl="105" sc="13" el="105" ec="14" bec="0" bev="0" fileid="4" />
                <SequencePoint vc="8" uspid="87" ordinal="10" offset="83" sl="106" sc="13" el="106" ec="42" bec="2" bev="2" fileid="4" />
                <SequencePoint vc="4" uspid="88" ordinal="11" offset="101" sl="107" sc="13" el="107" ec="14" bec="0" bev="0" fileid="4" />
                <SequencePoint vc="4" uspid="89" ordinal="12" offset="102" sl="108" sc="17" el="108" ec="45" bec="0" bev="0" fileid="4" />
                <SequencePoint vc="4" uspid="90" ordinal="13" offset="106" sl="109" sc="17" el="109" ec="34" bec="0" bev="0" fileid="4" />
                <SequencePoint vc="4" uspid="91" ordinal="14" offset="116" sl="110" sc="13" el="110" ec="14" bec="0" bev="0" fileid="4" />
                <SequencePoint vc="8" uspid="92" ordinal="15" offset="117" sl="111" sc="13" el="111" ec="41" bec="2" bev="2" fileid="4" />
                <SequencePoint vc="3" uspid="93" ordinal="16" offset="135" sl="112" sc="13" el="112" ec="14" bec="0" bev="0" fileid="4" />
                <SequencePoint vc="3" uspid="94" ordinal="17" offset="136" sl="113" sc="17" el="113" ec="33" bec="0" bev="0" fileid="4" />
                <SequencePoint vc="3" uspid="95" ordinal="18" offset="146" sl="114" sc="13" el="114" ec="14" bec="0" bev="0" fileid="4" />
                <SequencePoint vc="8" uspid="96" ordinal="19" offset="147" sl="116" sc="13" el="116" ec="135" bec="2" bev="2" fileid="4" />
                <SequencePoint vc="8" uspid="97" ordinal="20" offset="195" sl="117" sc="13" el="117" ec="139" bec="2" bev="2" fileid="4" />
                <SequencePoint vc="8" uspid="98" ordinal="21" offset="243" sl="118" sc="13" el="118" ec="131" bec="2" bev="2" fileid="4" />
                <SequencePoint vc="8" uspid="99" ordinal="22" offset="291" sl="119" sc="9" el="119" ec="10" bec="0" bev="0" fileid="4" />
              </SequencePoints>
              <BranchPoints>
                <BranchPoint vc="2" uspid="100" ordinal="0" offset="45" sl="100" path="0" offsetend="47" fileid="4" />
                <BranchPoint vc="6" uspid="101" ordinal="1" offset="45" sl="100" path="1" offsetend="83" fileid="4" />
                <BranchPoint vc="4" uspid="102" ordinal="2" offset="99" sl="106" path="0" offsetend="101" fileid="4" />
                <BranchPoint vc="4" uspid="103" ordinal="3" offset="99" sl="106" path="1" offsetend="117" fileid="4" />
                <BranchPoint vc="3" uspid="104" ordinal="4" offset="133" sl="111" path="0" offsetend="135" fileid="4" />
                <BranchPoint vc="5" uspid="105" ordinal="5" offset="133" sl="111" path="1" offsetend="147" fileid="4" />
                <BranchPoint vc="4" uspid="106" ordinal="6" offset="155" sl="116" path="0" offsetend="157" fileid="4" />
                <BranchPoint vc="4" uspid="107" ordinal="7" offset="155" sl="116" path="1" offsetend="168" fileid="4" />
                <BranchPoint vc="2" uspid="108" ordinal="8" offset="203" sl="117" path="0" offsetend="205" fileid="4" />
                <BranchPoint vc="6" uspid="109" ordinal="9" offset="203" sl="117" path="1" offsetend="216" fileid="4" />
                <BranchPoint vc="3" uspid="110" ordinal="10" offset="251" sl="118" path="0" offsetend="253" fileid="4" />
                <BranchPoint vc="5" uspid="111" ordinal="11" offset="251" sl="118" path="1" offsetend="264" fileid="4" />
              </BranchPoints>
              <MethodPoint xsi:type="SequencePoint" vc="8" uspid="77" ordinal="0" offset="0" sl="95" sc="9" el="95" ec="10" bec="0" bev="0" fileid="4" />
            </Method>
            <Method visited="true" cyclomaticComplexity="5" nPathComplexity="8" sequenceCoverage="100" branchCoverage="100" crapScore="5" isConstructor="false" isStatic="false" isGetter="false" isSetter="false">
              <Summary numSequencePoints="14" visitedSequencePoints="14" numBranchPoints="7" visitedBranchPoints="7" sequenceCoverage="100" branchCoverage="100" maxCyclomaticComplexity="5" minCyclomaticComplexity="5" maxCrapScore="5" minCrapScore="5" visitedClasses="0" numClasses="0" visitedMethods="1" numMethods="1" />
              <MetadataToken>100663309</MetadataToken>
              <Name>System.Void Loterica.Domain.Features.ResultadoConcursos.ResultadoConcurso::AdicionarPremioPorGanhador()</Name>
              <FileRef uid="4" />
              <SequencePoints>
                <SequencePoint vc="8" uspid="112" ordinal="0" offset="0" sl="122" sc="9" el="122" ec="10" bec="0" bev="0" fileid="4" />
                <SequencePoint vc="8" uspid="113" ordinal="1" offset="1" sl="123" sc="13" el="123" ec="20" bec="0" bev="0" fileid="4" />
                <SequencePoint vc="8" uspid="114" ordinal="2" offset="2" sl="123" sc="34" el="123" ec="44" bec="0" bev="0" fileid="4" />
                <SequencePoint vc="7" uspid="115" ordinal="3" offset="16" sl="123" sc="22" el="123" ec="30" bec="0" bev="0" fileid="4" />
                <SequencePoint vc="7" uspid="116" ordinal="4" offset="24" sl="124" sc="13" el="124" ec="14" bec="0" bev="0" fileid="4" />
                <SequencePoint vc="7" uspid="117" ordinal="5" offset="25" sl="125" sc="17" el="125" ec="42" bec="2" bev="2" fileid="4" />
                <SequencePoint vc="1" uspid="118" ordinal="6" offset="38" sl="126" sc="21" el="126" ec="63" bec="0" bev="0" fileid="4" />
                <SequencePoint vc="7" uspid="119" ordinal="7" offset="50" sl="128" sc="17" el="128" ec="42" bec="2" bev="2" fileid="4" />
                <SequencePoint vc="5" uspid="120" ordinal="8" offset="63" sl="129" sc="21" el="129" ec="62" bec="0" bev="0" fileid="4" />
                <SequencePoint vc="7" uspid="121" ordinal="9" offset="75" sl="131" sc="17" el="131" ec="42" bec="2" bev="2" fileid="4" />
                <SequencePoint vc="1" uspid="122" ordinal="10" offset="90" sl="132" sc="21" el="132" ec="61" bec="0" bev="0" fileid="4" />
                <SequencePoint vc="7" uspid="123" ordinal="11" offset="102" sl="133" sc="13" el="133" ec="14" bec="0" bev="0" fileid="4" />
                <SequencePoint vc="15" uspid="124" ordinal="12" offset="103" sl="123" sc="31" el="123" ec="33" bec="0" bev="0" fileid="4" />
                <SequencePoint vc="8" uspid="125" ordinal="13" offset="129" sl="134" sc="9" el="134" ec="10" bec="0" bev="0" fileid="4" />
              </SequencePoints>
              <BranchPoints>
                <BranchPoint vc="1" uspid="126" ordinal="0" offset="36" sl="125" path="0" offsetend="38" fileid="4" />
                <BranchPoint vc="6" uspid="127" ordinal="1" offset="36" sl="125" path="1" offsetend="50" fileid="4" />
                <BranchPoint vc="5" uspid="128" ordinal="2" offset="61" sl="128" path="0" offsetend="63" fileid="4" />
                <BranchPoint vc="2" uspid="129" ordinal="3" offset="61" sl="128" path="1" offsetend="75" fileid="4" />
                <BranchPoint vc="1" uspid="130" ordinal="4" offset="88" sl="131" path="0" offsetend="90" fileid="4" />
                <BranchPoint vc="6" uspid="131" ordinal="5" offset="88" sl="131" path="1" offsetend="102" fileid="4" />
              </BranchPoints>
              <MethodPoint xsi:type="SequencePoint" vc="8" uspid="112" ordinal="0" offset="0" sl="122" sc="9" el="122" ec="10" bec="0" bev="0" fileid="4" />
            </Method>
            <Method visited="true" cyclomaticComplexity="1" nPathComplexity="0" sequenceCoverage="100" branchCoverage="100" crapScore="1" isConstructor="false" isStatic="false" isGetter="false" isSetter="false">
              <Summary numSequencePoints="6" visitedSequencePoints="6" numBranchPoints="1" visitedBranchPoints="1" sequenceCoverage="100" branchCoverage="100" maxCyclomaticComplexity="1" minCyclomaticComplexity="1" maxCrapScore="1" minCrapScore="1" visitedClasses="0" numClasses="0" visitedMethods="1" numMethods="1" />
              <MetadataToken>100663310</MetadataToken>
              <Name>System.Void Loterica.Domain.Features.ResultadoConcursos.ResultadoConcurso::LimparCamposGanhadores()</Name>
              <FileRef uid="4" />
              <SequencePoints>
                <SequencePoint vc="8" uspid="134" ordinal="0" offset="0" sl="137" sc="9" el="137" ec="10" bec="0" bev="0" fileid="4" />
                <SequencePoint vc="8" uspid="135" ordinal="1" offset="1" sl="138" sc="13" el="138" ec="32" bec="0" bev="0" fileid="4" />
                <SequencePoint vc="8" uspid="136" ordinal="2" offset="13" sl="139" sc="13" el="139" ec="38" bec="0" bev="0" fileid="4" />
                <SequencePoint vc="8" uspid="137" ordinal="3" offset="20" sl="140" sc="13" el="140" ec="37" bec="0" bev="0" fileid="4" />
                <SequencePoint vc="8" uspid="138" ordinal="4" offset="27" sl="141" sc="13" el="141" ec="36" bec="0" bev="0" fileid="4" />
                <SequencePoint vc="8" uspid="139" ordinal="5" offset="34" sl="142" sc="9" el="142" ec="10" bec="0" bev="0" fileid="4" />
              </SequencePoints>
              <BranchPoints />
              <MethodPoint xsi:type="SequencePoint" vc="8" uspid="134" ordinal="0" offset="0" sl="137" sc="9" el="137" ec="10" bec="0" bev="0" fileid="4" />
            </Method>
          </Methods>
        </Class>
        <Class>
          <Summary numSequencePoints="19" visitedSequencePoints="19" numBranchPoints="9" visitedBranchPoints="9" sequenceCoverage="100" branchCoverage="100" maxCyclomaticComplexity="4" minCyclomaticComplexity="1" maxCrapScore="4" minCrapScore="1" visitedClasses="1" numClasses="1" visitedMethods="3" numMethods="3" />
          <FullName>Loterica.Domain.Features.Lotericas.FaturamentoLoterica</FullName>
          <Methods>
            <Method visited="true" cyclomaticComplexity="1" nPathComplexity="0" sequenceCoverage="100" branchCoverage="100" crapScore="1" isConstructor="true" isStatic="false" isGetter="false" isSetter="false">
              <Summary numSequencePoints="4" visitedSequencePoints="4" numBranchPoints="1" visitedBranchPoints="1" sequenceCoverage="100" branchCoverage="100" maxCyclomaticComplexity="1" minCyclomaticComplexity="1" maxCrapScore="1" minCrapScore="1" visitedClasses="0" numClasses="0" visitedMethods="1" numMethods="1" />
              <MetadataToken>100663311</MetadataToken>
              <Name>System.Void Loterica.Domain.Features.Lotericas.FaturamentoLoterica::.ctor(Loterica.Domain.Concurso)</Name>
              <FileRef uid="5" />
              <SequencePoints>
                <SequencePoint vc="71" uspid="140" ordinal="0" offset="0" sl="17" sc="9" el="17" ec="62" bec="0" bev="0" fileid="5" />
                <SequencePoint vc="71" uspid="141" ordinal="1" offset="7" sl="18" sc="9" el="18" ec="10" bec="0" bev="0" fileid="5" />
                <SequencePoint vc="71" uspid="142" ordinal="2" offset="8" sl="19" sc="13" el="19" ec="41" bec="0" bev="0" fileid="5" />
                <SequencePoint vc="71" uspid="143" ordinal="3" offset="15" sl="20" sc="9" el="20" ec="10" bec="0" bev="0" fileid="5" />
              </SequencePoints>
              <BranchPoints />
              <MethodPoint xsi:type="SequencePoint" vc="71" uspid="140" ordinal="0" offset="0" sl="17" sc="9" el="17" ec="62" bec="0" bev="0" fileid="5" />
            </Method>
            <Method visited="true" cyclomaticComplexity="4" nPathComplexity="8" sequenceCoverage="100" branchCoverage="100" crapScore="4" isConstructor="false" isStatic="false" isGetter="false" isSetter="false">
              <Summary numSequencePoints="8" visitedSequencePoints="8" numBranchPoints="7" visitedBranchPoints="7" sequenceCoverage="100" branchCoverage="100" maxCyclomaticComplexity="4" minCyclomaticComplexity="4" maxCrapScore="4" minCrapScore="4" visitedClasses="0" numClasses="0" visitedMethods="1" numMethods="1" />
              <MetadataToken>100663312</MetadataToken>
              <Name>System.Void Loterica.Domain.Features.Lotericas.FaturamentoLoterica::Validar()</Name>
              <FileRef uid="5" />
              <SequencePoints>
                <SequencePoint vc="20" uspid="144" ordinal="0" offset="0" sl="23" sc="9" el="23" ec="10" bec="0" bev="0" fileid="5" />
                <SequencePoint vc="20" uspid="145" ordinal="1" offset="1" sl="24" sc="13" el="24" ec="27" bec="2" bev="2" fileid="5" />
                <SequencePoint vc="1" uspid="146" ordinal="2" offset="22" sl="25" sc="17" el="25" ec="57" bec="0" bev="0" fileid="5" />
                <SequencePoint vc="19" uspid="147" ordinal="3" offset="28" sl="27" sc="13" el="27" ec="32" bec="2" bev="2" fileid="5" />
                <SequencePoint vc="1" uspid="148" ordinal="4" offset="49" sl="28" sc="17" el="28" ec="57" bec="0" bev="0" fileid="5" />
                <SequencePoint vc="18" uspid="149" ordinal="5" offset="55" sl="30" sc="13" el="30" ec="36" bec="2" bev="2" fileid="5" />
                <SequencePoint vc="5" uspid="150" ordinal="6" offset="73" sl="31" sc="17" el="31" ec="57" bec="0" bev="0" fileid="5" />
                <SequencePoint vc="13" uspid="151" ordinal="7" offset="79" sl="32" sc="9" el="32" ec="10" bec="0" bev="0" fileid="5" />
              </SequencePoints>
              <BranchPoints>
                <BranchPoint vc="1" uspid="152" ordinal="0" offset="20" sl="24" path="0" offsetend="22" fileid="5" />
                <BranchPoint vc="19" uspid="153" ordinal="1" offset="20" sl="24" path="1" offsetend="28" fileid="5" />
                <BranchPoint vc="1" uspid="154" ordinal="2" offset="47" sl="27" path="0" offsetend="49" fileid="5" />
                <BranchPoint vc="18" uspid="155" ordinal="3" offset="47" sl="27" path="1" offsetend="55" fileid="5" />
                <BranchPoint vc="5" uspid="156" ordinal="4" offset="71" sl="30" path="0" offsetend="73" fileid="5" />
                <BranchPoint vc="13" uspid="157" ordinal="5" offset="71" sl="30" path="1" offsetend="79" fileid="5" />
              </BranchPoints>
              <MethodPoint xsi:type="SequencePoint" vc="20" uspid="144" ordinal="0" offset="0" sl="23" sc="9" el="23" ec="10" bec="0" bev="0" fileid="5" />
            </Method>
            <Method visited="true" cyclomaticComplexity="1" nPathComplexity="0" sequenceCoverage="100" branchCoverage="100" crapScore="1" isConstructor="false" isStatic="false" isGetter="false" isSetter="false">
              <Summary numSequencePoints="7" visitedSequencePoints="7" numBranchPoints="1" visitedBranchPoints="1" sequenceCoverage="100" branchCoverage="100" maxCyclomaticComplexity="1" minCyclomaticComplexity="1" maxCrapScore="1" minCrapScore="1" visitedClasses="0" numClasses="0" visitedMethods="1" numMethods="1" />
              <MetadataToken>100663313</MetadataToken>
              <Name>System.Void Loterica.Domain.Features.Lotericas.FaturamentoLoterica::CalcularFaturamentoELucro(System.Int32,System.Int32)</Name>
              <FileRef uid="5" />
              <SequencePoints>
                <SequencePoint vc="17" uspid="158" ordinal="0" offset="0" sl="35" sc="9" el="35" ec="10" bec="0" bev="0" fileid="5" />
                <SequencePoint vc="17" uspid="159" ordinal="1" offset="1" sl="36" sc="13" el="36" ec="50" bec="0" bev="0" fileid="5" />
                <SequencePoint vc="17" uspid="160" ordinal="2" offset="5" sl="37" sc="13" el="37" ec="50" bec="0" bev="0" fileid="5" />
                <SequencePoint vc="17" uspid="161" ordinal="3" offset="18" sl="38" sc="13" el="38" ec="57" bec="0" bev="0" fileid="5" />
                <SequencePoint vc="17" uspid="162" ordinal="4" offset="33" sl="39" sc="13" el="39" ec="70" bec="0" bev="0" fileid="5" />
                <SequencePoint vc="17" uspid="163" ordinal="5" offset="49" sl="40" sc="13" el="40" ec="63" bec="0" bev="0" fileid="5" />
                <SequencePoint vc="17" uspid="164" ordinal="6" offset="64" sl="41" sc="9" el="41" ec="10" bec="0" bev="0" fileid="5" />
              </SequencePoints>
              <BranchPoints />
              <MethodPoint xsi:type="SequencePoint" vc="17" uspid="158" ordinal="0" offset="0" sl="35" sc="9" el="35" ec="10" bec="0" bev="0" fileid="5" />
            </Method>
          </Methods>
        </Class>
        <Class>
          <Summary numSequencePoints="3" visitedSequencePoints="3" numBranchPoints="1" visitedBranchPoints="1" sequenceCoverage="100" branchCoverage="100" maxCyclomaticComplexity="1" minCyclomaticComplexity="1" maxCrapScore="1" minCrapScore="1" visitedClasses="1" numClasses="1" visitedMethods="1" numMethods="1" />
          <FullName>Loterica.Domain.Features.Lotericas.InvalidFaturamentoException</FullName>
          <Methods>
            <Method visited="true" cyclomaticComplexity="1" nPathComplexity="0" sequenceCoverage="100" branchCoverage="100" crapScore="1" isConstructor="true" isStatic="false" isGetter="false" isSetter="false">
              <Summary numSequencePoints="3" visitedSequencePoints="3" numBranchPoints="1" visitedBranchPoints="1" sequenceCoverage="100" branchCoverage="100" maxCyclomaticComplexity="1" minCyclomaticComplexity="1" maxCrapScore="1" minCrapScore="1" visitedClasses="0" numClasses="0" visitedMethods="1" numMethods="1" />
              <MetadataToken>100663315</MetadataToken>
              <Name>System.Void Loterica.Domain.Features.Lotericas.InvalidFaturamentoException::.ctor()</Name>
              <FileRef uid="6" />
              <SequencePoints>
                <SequencePoint vc="7" uspid="165" ordinal="0" offset="0" sl="12" sc="48" el="12" ec="87" bec="0" bev="0" fileid="6" />
                <SequencePoint vc="7" uspid="166" ordinal="1" offset="12" sl="13" sc="9" el="13" ec="10" bec="0" bev="0" fileid="6" />
                <SequencePoint vc="7" uspid="167" ordinal="2" offset="13" sl="14" sc="9" el="14" ec="10" bec="0" bev="0" fileid="6" />
              </SequencePoints>
              <BranchPoints />
              <MethodPoint xsi:type="SequencePoint" vc="7" uspid="165" ordinal="0" offset="0" sl="12" sc="48" el="12" ec="87" bec="0" bev="0" fileid="6" />
            </Method>
          </Methods>
        </Class>
        <Class>
          <Summary numSequencePoints="0" visitedSequencePoints="0" numBranchPoints="0" visitedBranchPoints="0" sequenceCoverage="0" branchCoverage="0" maxCyclomaticComplexity="1" minCyclomaticComplexity="1" maxCrapScore="2" minCrapScore="2" visitedClasses="0" numClasses="0" visitedMethods="0" numMethods="0" />
          <FullName>Loterica.Domain.Features.Ganhadores.Ganhador</FullName>
          <Methods>
            <Method visited="false" cyclomaticComplexity="1" nPathComplexity="0" sequenceCoverage="0" branchCoverage="0" crapScore="2" isConstructor="true" isStatic="false" isGetter="false" isSetter="false">
              <Summary numSequencePoints="0" visitedSequencePoints="0" numBranchPoints="0" visitedBranchPoints="0" sequenceCoverage="0" branchCoverage="0" maxCyclomaticComplexity="1" minCyclomaticComplexity="1" maxCrapScore="2" minCrapScore="2" visitedClasses="0" numClasses="0" visitedMethods="0" numMethods="0" />
              <MetadataToken>100663316</MetadataToken>
              <Name>System.Void Loterica.Domain.Features.Ganhadores.Ganhador::.ctor()</Name>
              <SequencePoints />
              <BranchPoints />
              <MethodPoint vc="0" uspid="168" ordinal="0" offset="0" />
            </Method>
          </Methods>
        </Class>
        <Class>
          <Summary numSequencePoints="3" visitedSequencePoints="3" numBranchPoints="1" visitedBranchPoints="1" sequenceCoverage="100" branchCoverage="100" maxCyclomaticComplexity="1" minCyclomaticComplexity="1" maxCrapScore="1" minCrapScore="1" visitedClasses="1" numClasses="1" visitedMethods="1" numMethods="1" />
          <FullName>Loterica.Domain.Features.Concursos.ExcludeConcursoException</FullName>
          <Methods>
            <Method visited="true" cyclomaticComplexity="1" nPathComplexity="0" sequenceCoverage="100" branchCoverage="100" crapScore="1" isConstructor="true" isStatic="false" isGetter="false" isSetter="false">
              <Summary numSequencePoints="3" visitedSequencePoints="3" numBranchPoints="1" visitedBranchPoints="1" sequenceCoverage="100" branchCoverage="100" maxCyclomaticComplexity="1" minCyclomaticComplexity="1" maxCrapScore="1" minCrapScore="1" visitedClasses="0" numClasses="0" visitedMethods="1" numMethods="1" />
              <MetadataToken>100663317</MetadataToken>
              <Name>System.Void Loterica.Domain.Features.Concursos.ExcludeConcursoException::.ctor()</Name>
              <FileRef uid="7" />
              <SequencePoints>
                <SequencePoint vc="1" uspid="169" ordinal="0" offset="0" sl="12" sc="45" el="12" ec="100" bec="0" bev="0" fileid="7" />
                <SequencePoint vc="1" uspid="170" ordinal="1" offset="12" sl="13" sc="9" el="13" ec="10" bec="0" bev="0" fileid="7" />
                <SequencePoint vc="1" uspid="171" ordinal="2" offset="13" sl="14" sc="9" el="14" ec="10" bec="0" bev="0" fileid="7" />
              </SequencePoints>
              <BranchPoints />
              <MethodPoint xsi:type="SequencePoint" vc="1" uspid="169" ordinal="0" offset="0" sl="12" sc="45" el="12" ec="100" bec="0" bev="0" fileid="7" />
            </Method>
          </Methods>
        </Class>
        <Class>
          <Summary numSequencePoints="24" visitedSequencePoints="24" numBranchPoints="10" visitedBranchPoints="10" sequenceCoverage="100" branchCoverage="100" maxCyclomaticComplexity="3" minCyclomaticComplexity="1" maxCrapScore="3" minCrapScore="1" visitedClasses="1" numClasses="1" visitedMethods="4" numMethods="4" />
          <FullName>Loterica.Domain.Features.Boloes.Bolao</FullName>
          <Methods>
            <Method visited="true" cyclomaticComplexity="1" nPathComplexity="0" sequenceCoverage="100" branchCoverage="100" crapScore="1" isConstructor="true" isStatic="false" isGetter="false" isSetter="false">
              <Summary numSequencePoints="5" visitedSequencePoints="5" numBranchPoints="1" visitedBranchPoints="1" sequenceCoverage="100" branchCoverage="100" maxCyclomaticComplexity="1" minCyclomaticComplexity="1" maxCrapScore="1" minCrapScore="1" visitedClasses="0" numClasses="0" visitedMethods="1" numMethods="1" />
              <MetadataToken>100663318</MetadataToken>
              <Name>System.Void Loterica.Domain.Features.Boloes.Bolao::.ctor()</Name>
              <FileRef uid="8" />
              <SequencePoints>
                <SequencePoint vc="31" uspid="172" ordinal="0" offset="0" sl="17" sc="9" el="17" ec="23" bec="0" bev="0" fileid="8" />
                <SequencePoint vc="31" uspid="173" ordinal="1" offset="7" sl="18" sc="9" el="18" ec="10" bec="0" bev="0" fileid="8" />
                <SequencePoint vc="31" uspid="174" ordinal="2" offset="8" sl="19" sc="13" el="19" ec="42" bec="0" bev="0" fileid="8" />
                <SequencePoint vc="31" uspid="175" ordinal="3" offset="19" sl="20" sc="13" el="20" ec="39" bec="0" bev="0" fileid="8" />
                <SequencePoint vc="31" uspid="176" ordinal="4" offset="30" sl="21" sc="9" el="21" ec="10" bec="0" bev="0" fileid="8" />
              </SequencePoints>
              <BranchPoints />
              <MethodPoint xsi:type="SequencePoint" vc="31" uspid="172" ordinal="0" offset="0" sl="17" sc="9" el="17" ec="23" bec="0" bev="0" fileid="8" />
            </Method>
            <Method visited="true" cyclomaticComplexity="3" nPathComplexity="4" sequenceCoverage="100" branchCoverage="100" crapScore="3" isConstructor="false" isStatic="false" isGetter="false" isSetter="false">
              <Summary numSequencePoints="6" visitedSequencePoints="6" numBranchPoints="5" visitedBranchPoints="5" sequenceCoverage="100" branchCoverage="100" maxCyclomaticComplexity="3" minCyclomaticComplexity="3" maxCrapScore="3" minCrapScore="3" visitedClasses="0" numClasses="0" visitedMethods="1" numMethods="1" />
              <MetadataToken>100663319</MetadataToken>
              <Name>System.Void Loterica.Domain.Features.Boloes.Bolao::Validar()</Name>
              <FileRef uid="8" />
              <SequencePoints>
                <SequencePoint vc="9" uspid="177" ordinal="0" offset="0" sl="24" sc="9" el="24" ec="10" bec="0" bev="0" fileid="8" />
                <SequencePoint vc="9" uspid="178" ordinal="1" offset="1" sl="25" sc="13" el="25" ec="34" bec="2" bev="2" fileid="8" />
                <SequencePoint vc="1" uspid="179" ordinal="2" offset="19" sl="26" sc="17" el="26" ec="59" bec="0" bev="0" fileid="8" />
                <SequencePoint vc="8" uspid="180" ordinal="3" offset="25" sl="28" sc="13" el="28" ec="36" bec="2" bev="2" fileid="8" />
                <SequencePoint vc="3" uspid="181" ordinal="4" offset="43" sl="29" sc="17" el="29" ec="56" bec="0" bev="0" fileid="8" />
                <SequencePoint vc="5" uspid="182" ordinal="5" offset="49" sl="30" sc="9" el="30" ec="10" bec="0" bev="0" fileid="8" />
              </SequencePoints>
              <BranchPoints>
                <BranchPoint vc="1" uspid="183" ordinal="0" offset="17" sl="25" path="0" offsetend="19" fileid="8" />
                <BranchPoint vc="8" uspid="184" ordinal="1" offset="17" sl="25" path="1" offsetend="25" fileid="8" />
                <BranchPoint vc="3" uspid="185" ordinal="2" offset="41" sl="28" path="0" offsetend="43" fileid="8" />
                <BranchPoint vc="5" uspid="186" ordinal="3" offset="41" sl="28" path="1" offsetend="49" fileid="8" />
              </BranchPoints>
              <MethodPoint xsi:type="SequencePoint" vc="9" uspid="177" ordinal="0" offset="0" sl="24" sc="9" el="24" ec="10" bec="0" bev="0" fileid="8" />
            </Method>
            <Method visited="true" cyclomaticComplexity="1" nPathComplexity="0" sequenceCoverage="100" branchCoverage="100" crapScore="1" isConstructor="false" isStatic="false" isGetter="false" isSetter="false">
              <Summary numSequencePoints="3" visitedSequencePoints="3" numBranchPoints="1" visitedBranchPoints="1" sequenceCoverage="100" branchCoverage="100" maxCyclomaticComplexity="1" minCyclomaticComplexity="1" maxCrapScore="1" minCrapScore="1" visitedClasses="0" numClasses="0" visitedMethods="1" numMethods="1" />
              <MetadataToken>100663320</MetadataToken>
              <Name>System.Void Loterica.Domain.Features.Boloes.Bolao::CalculaValorDoBolao()</Name>
              <FileRef uid="8" />
              <SequencePoints>
                <SequencePoint vc="5" uspid="187" ordinal="0" offset="0" sl="33" sc="9" el="33" ec="10" bec="0" bev="0" fileid="8" />
                <SequencePoint vc="5" uspid="188" ordinal="1" offset="1" sl="34" sc="13" el="34" ec="98" bec="0" bev="0" fileid="8" />
                <SequencePoint vc="5" uspid="189" ordinal="2" offset="45" sl="35" sc="9" el="35" ec="10" bec="0" bev="0" fileid="8" />
              </SequencePoints>
              <BranchPoints />
              <MethodPoint xsi:type="SequencePoint" vc="5" uspid="187" ordinal="0" offset="0" sl="33" sc="9" el="33" ec="10" bec="0" bev="0" fileid="8" />
            </Method>
            <Method visited="true" cyclomaticComplexity="2" nPathComplexity="2" sequenceCoverage="100" branchCoverage="100" crapScore="2" isConstructor="false" isStatic="false" isGetter="false" isSetter="false">
              <Summary numSequencePoints="10" visitedSequencePoints="10" numBranchPoints="3" visitedBranchPoints="3" sequenceCoverage="100" branchCoverage="100" maxCyclomaticComplexity="2" minCyclomaticComplexity="2" maxCrapScore="2" minCrapScore="2" visitedClasses="0" numClasses="0" visitedMethods="1" numMethods="1" />
              <MetadataToken>100663321</MetadataToken>
              <Name>System.Void Loterica.Domain.Features.Boloes.Bolao::GerarApostas(System.Int32)</Name>
              <FileRef uid="8" />
              <SequencePoints>
                <SequencePoint vc="5" uspid="190" ordinal="0" offset="0" sl="38" sc="9" el="38" ec="10" bec="0" bev="0" fileid="8" />
                <SequencePoint vc="5" uspid="191" ordinal="1" offset="1" sl="39" sc="18" el="39" ec="27" bec="0" bev="0" fileid="8" />
                <SequencePoint vc="55" uspid="192" ordinal="2" offset="5" sl="40" sc="13" el="40" ec="14" bec="0" bev="0" fileid="8" />
                <SequencePoint vc="55" uspid="193" ordinal="3" offset="6" sl="41" sc="17" el="41" ec="56" bec="0" bev="0" fileid="8" />
                <SequencePoint vc="55" uspid="194" ordinal="4" offset="18" sl="42" sc="17" el="42" ec="45" bec="0" bev="0" fileid="8" />
                <SequencePoint vc="55" uspid="195" ordinal="5" offset="25" sl="43" sc="17" el="43" ec="37" bec="0" bev="0" fileid="8" />
                <SequencePoint vc="55" uspid="196" ordinal="6" offset="38" sl="44" sc="13" el="44" ec="14" bec="0" bev="0" fileid="8" />
                <SequencePoint vc="55" uspid="197" ordinal="7" offset="39" sl="39" sc="48" el="39" ec="51" bec="0" bev="0" fileid="8" />
                <SequencePoint vc="60" uspid="198" ordinal="8" offset="43" sl="39" sc="29" el="39" ec="46" bec="2" bev="2" fileid="8" />
                <SequencePoint vc="5" uspid="199" ordinal="9" offset="51" sl="45" sc="9" el="45" ec="10" bec="0" bev="0" fileid="8" />
              </SequencePoints>
              <BranchPoints>
                <BranchPoint vc="5" uspid="200" ordinal="0" offset="49" sl="39" path="0" offsetend="51" fileid="8" />
                <BranchPoint vc="55" uspid="201" ordinal="1" offset="49" sl="39" path="1" offsetend="5" fileid="8" />
              </BranchPoints>
              <MethodPoint xsi:type="SequencePoint" vc="5" uspid="190" ordinal="0" offset="0" sl="38" sc="9" el="38" ec="10" bec="0" bev="0" fileid="8" />
            </Method>
          </Methods>
        </Class>
        <Class>
          <Summary numSequencePoints="3" visitedSequencePoints="3" numBranchPoints="1" visitedBranchPoints="1" sequenceCoverage="100" branchCoverage="100" maxCyclomaticComplexity="1" minCyclomaticComplexity="1" maxCrapScore="1" minCrapScore="1" visitedClasses="1" numClasses="1" visitedMethods="1" numMethods="1" />
          <FullName>Loterica.Domain.Features.Boloes.InvalidBolaoConcursoException</FullName>
          <Methods>
            <Method visited="true" cyclomaticComplexity="1" nPathComplexity="0" sequenceCoverage="100" branchCoverage="100" crapScore="1" isConstructor="true" isStatic="false" isGetter="false" isSetter="false">
              <Summary numSequencePoints="3" visitedSequencePoints="3" numBranchPoints="1" visitedBranchPoints="1" sequenceCoverage="100" branchCoverage="100" maxCyclomaticComplexity="1" minCyclomaticComplexity="1" maxCrapScore="1" minCrapScore="1" visitedClasses="0" numClasses="0" visitedMethods="1" numMethods="1" />
              <MetadataToken>100663322</MetadataToken>
              <Name>System.Void Loterica.Domain.Features.Boloes.InvalidBolaoConcursoException::.ctor()</Name>
              <FileRef uid="9" />
              <SequencePoints>
                <SequencePoint vc="1" uspid="202" ordinal="0" offset="0" sl="12" sc="50" el="12" ec="101" bec="0" bev="0" fileid="9" />
                <SequencePoint vc="1" uspid="203" ordinal="1" offset="12" sl="13" sc="9" el="13" ec="10" bec="0" bev="0" fileid="9" />
                <SequencePoint vc="1" uspid="204" ordinal="2" offset="13" sl="14" sc="9" el="14" ec="10" bec="0" bev="0" fileid="9" />
              </SequencePoints>
              <BranchPoints />
              <MethodPoint xsi:type="SequencePoint" vc="1" uspid="202" ordinal="0" offset="0" sl="12" sc="50" el="12" ec="101" bec="0" bev="0" fileid="9" />
            </Method>
          </Methods>
        </Class>
        <Class>
          <Summary numSequencePoints="51" visitedSequencePoints="51" numBranchPoints="17" visitedBranchPoints="17" sequenceCoverage="100" branchCoverage="100" maxCyclomaticComplexity="4" minCyclomaticComplexity="1" maxCrapScore="4" minCrapScore="1" visitedClasses="1" numClasses="1" visitedMethods="5" numMethods="5" />
          <FullName>Loterica.Domain.Features.Apostas.Aposta</FullName>
          <Methods>
            <Method visited="true" cyclomaticComplexity="1" nPathComplexity="0" sequenceCoverage="100" branchCoverage="100" crapScore="1" isConstructor="true" isStatic="false" isGetter="false" isSetter="false">
              <Summary numSequencePoints="6" visitedSequencePoints="6" numBranchPoints="1" visitedBranchPoints="1" sequenceCoverage="100" branchCoverage="100" maxCyclomaticComplexity="1" minCyclomaticComplexity="1" maxCrapScore="1" minCrapScore="1" visitedClasses="0" numClasses="0" visitedMethods="1" numMethods="1" />
              <MetadataToken>100663323</MetadataToken>
              <Name>System.Void Loterica.Domain.Features.Apostas.Aposta::.ctor(Loterica.Domain.Concurso)</Name>
              <FileRef uid="10" />
              <SequencePoints>
                <SequencePoint vc="225" uspid="205" ordinal="0" offset="0" sl="16" sc="9" el="16" ec="49" bec="0" bev="0" fileid="10" />
                <SequencePoint vc="225" uspid="206" ordinal="1" offset="7" sl="17" sc="9" el="17" ec="10" bec="0" bev="0" fileid="10" />
                <SequencePoint vc="225" uspid="207" ordinal="2" offset="8" sl="18" sc="13" el="18" ec="48" bec="0" bev="0" fileid="10" />
                <SequencePoint vc="225" uspid="208" ordinal="3" offset="19" sl="19" sc="13" el="19" ec="41" bec="0" bev="0" fileid="10" />
                <SequencePoint vc="225" uspid="209" ordinal="4" offset="26" sl="20" sc="13" el="20" ec="55" bec="0" bev="0" fileid="10" />
                <SequencePoint vc="225" uspid="210" ordinal="5" offset="53" sl="21" sc="9" el="21" ec="10" bec="0" bev="0" fileid="10" />
              </SequencePoints>
              <BranchPoints />
              <MethodPoint xsi:type="SequencePoint" vc="225" uspid="205" ordinal="0" offset="0" sl="16" sc="9" el="16" ec="49" bec="0" bev="0" fileid="10" />
            </Method>
            <Method visited="true" cyclomaticComplexity="4" nPathComplexity="4" sequenceCoverage="100" branchCoverage="100" crapScore="4" isConstructor="false" isStatic="false" isGetter="false" isSetter="false">
              <Summary numSequencePoints="6" visitedSequencePoints="6" numBranchPoints="5" visitedBranchPoints="5" sequenceCoverage="100" branchCoverage="100" maxCyclomaticComplexity="4" minCyclomaticComplexity="4" maxCrapScore="4" minCrapScore="4" visitedClasses="0" numClasses="0" visitedMethods="1" numMethods="1" />
              <MetadataToken>100663324</MetadataToken>
              <Name>System.Void Loterica.Domain.Features.Apostas.Aposta::Validar()</Name>
              <FileRef uid="10" />
              <SequencePoints>
                <SequencePoint vc="90" uspid="211" ordinal="0" offset="0" sl="24" sc="9" el="24" ec="10" bec="0" bev="0" fileid="10" />
                <SequencePoint vc="90" uspid="212" ordinal="1" offset="1" sl="25" sc="13" el="25" ec="78" bec="2" bev="2" fileid="10" />
                <SequencePoint vc="5" uspid="213" ordinal="2" offset="34" sl="26" sc="17" el="26" ec="49" bec="0" bev="0" fileid="10" />
                <SequencePoint vc="85" uspid="214" ordinal="3" offset="40" sl="28" sc="11" el="28" ec="40" bec="2" bev="2" fileid="10" />
                <SequencePoint vc="2" uspid="215" ordinal="4" offset="53" sl="29" sc="17" el="29" ec="52" bec="0" bev="0" fileid="10" />
                <SequencePoint vc="83" uspid="216" ordinal="5" offset="59" sl="30" sc="9" el="30" ec="10" bec="0" bev="0" fileid="10" />
              </SequencePoints>
              <BranchPoints>
                <BranchPoint vc="5" uspid="219" ordinal="2" offset="32" sl="25" path="0" offsetend="34" fileid="10" />
                <BranchPoint vc="85" uspid="220" ordinal="3" offset="32" sl="25" path="1" offsetend="40" fileid="10" />
                <BranchPoint vc="2" uspid="221" ordinal="4" offset="51" sl="28" path="0" offsetend="53" fileid="10" />
                <BranchPoint vc="83" uspid="222" ordinal="5" offset="51" sl="28" path="1" offsetend="59" fileid="10" />
              </BranchPoints>
              <MethodPoint xsi:type="SequencePoint" vc="90" uspid="211" ordinal="0" offset="0" sl="24" sc="9" el="24" ec="10" bec="0" bev="0" fileid="10" />
            </Method>
            <Method visited="true" cyclomaticComplexity="3" nPathComplexity="2" sequenceCoverage="100" branchCoverage="100" crapScore="3" isConstructor="false" isStatic="false" isGetter="false" isSetter="false">
              <Summary numSequencePoints="14" visitedSequencePoints="14" numBranchPoints="3" visitedBranchPoints="3" sequenceCoverage="100" branchCoverage="100" maxCyclomaticComplexity="3" minCyclomaticComplexity="3" maxCrapScore="3" minCrapScore="3" visitedClasses="0" numClasses="0" visitedMethods="1" numMethods="1" />
              <MetadataToken>100663325</MetadataToken>
              <Name>System.Int32 Loterica.Domain.Features.Apostas.Aposta::CalcularResultadoBilhete(System.Collections.Generic.List`1&lt;System.Int32&gt;)</Name>
              <FileRef uid="10" />
              <SequencePoints>
                <SequencePoint vc="12" uspid="223" ordinal="0" offset="0" sl="33" sc="9" el="33" ec="10" bec="0" bev="0" fileid="10" />
                <SequencePoint vc="12" uspid="224" ordinal="1" offset="1" sl="34" sc="13" el="34" ec="39" bec="0" bev="0" fileid="10" />
                <SequencePoint vc="12" uspid="225" ordinal="2" offset="3" sl="35" sc="13" el="35" ec="20" bec="0" bev="0" fileid="10" />
                <SequencePoint vc="12" uspid="226" ordinal="3" offset="4" sl="35" sc="34" el="35" ec="50" bec="0" bev="0" fileid="10" />
                <SequencePoint vc="72" uspid="227" ordinal="4" offset="18" sl="35" sc="22" el="35" ec="30" bec="0" bev="0" fileid="10" />
                <SequencePoint vc="72" uspid="228" ordinal="5" offset="26" sl="36" sc="13" el="36" ec="14" bec="0" bev="0" fileid="10" />
                <SequencePoint vc="72" uspid="229" ordinal="6" offset="27" sl="37" sc="17" el="37" ec="53" bec="2" bev="2" fileid="10" />
                <SequencePoint vc="43" uspid="230" ordinal="7" offset="38" sl="38" sc="17" el="38" ec="18" bec="0" bev="0" fileid="10" />
                <SequencePoint vc="43" uspid="231" ordinal="8" offset="39" sl="39" sc="21" el="39" ec="44" bec="0" bev="0" fileid="10" />
                <SequencePoint vc="43" uspid="232" ordinal="9" offset="43" sl="40" sc="17" el="40" ec="18" bec="0" bev="0" fileid="10" />
                <SequencePoint vc="72" uspid="233" ordinal="10" offset="44" sl="41" sc="13" el="41" ec="14" bec="0" bev="0" fileid="10" />
                <SequencePoint vc="84" uspid="234" ordinal="11" offset="45" sl="35" sc="31" el="35" ec="33" bec="0" bev="0" fileid="10" />
                <SequencePoint vc="12" uspid="235" ordinal="12" offset="71" sl="43" sc="13" el="43" ec="38" bec="0" bev="0" fileid="10" />
                <SequencePoint vc="12" uspid="236" ordinal="13" offset="76" sl="44" sc="9" el="44" ec="10" bec="0" bev="0" fileid="10" />
              </SequencePoints>
              <BranchPoints>
                <BranchPoint vc="43" uspid="237" ordinal="0" offset="36" sl="37" path="0" offsetend="38" fileid="10" />
                <BranchPoint vc="29" uspid="238" ordinal="1" offset="36" sl="37" path="1" offsetend="44" fileid="10" />
              </BranchPoints>
              <MethodPoint xsi:type="SequencePoint" vc="12" uspid="223" ordinal="0" offset="0" sl="33" sc="9" el="33" ec="10" bec="0" bev="0" fileid="10" />
            </Method>
            <Method visited="true" cyclomaticComplexity="3" nPathComplexity="4" sequenceCoverage="100" branchCoverage="100" crapScore="3" isConstructor="false" isStatic="false" isGetter="false" isSetter="false">
              <Summary numSequencePoints="13" visitedSequencePoints="13" numBranchPoints="5" visitedBranchPoints="5" sequenceCoverage="100" branchCoverage="100" maxCyclomaticComplexity="3" minCyclomaticComplexity="3" maxCrapScore="3" minCrapScore="3" visitedClasses="0" numClasses="0" visitedMethods="1" numMethods="1" />
              <MetadataToken>100663326</MetadataToken>
              <Name>System.Void Loterica.Domain.Features.Apostas.Aposta::GerarNumerosAposta()</Name>
              <FileRef uid="10" />
              <SequencePoints>
                <SequencePoint vc="58" uspid="241" ordinal="0" offset="0" sl="47" sc="9" el="47" ec="10" bec="0" bev="0" fileid="10" />
                <SequencePoint vc="58" uspid="242" ordinal="1" offset="1" sl="48" sc="13" el="48" ec="42" bec="0" bev="0" fileid="10" />
                <SequencePoint vc="58" uspid="243" ordinal="2" offset="7" sl="50" sc="18" el="50" ec="27" bec="0" bev="0" fileid="10" />
                <SequencePoint vc="378" uspid="244" ordinal="3" offset="11" sl="51" sc="13" el="51" ec="14" bec="0" bev="0" fileid="10" />
                <SequencePoint vc="378" uspid="245" ordinal="4" offset="12" sl="52" sc="17" el="52" ec="52" bec="0" bev="0" fileid="10" />
                <SequencePoint vc="378" uspid="246" ordinal="5" offset="22" sl="53" sc="17" el="53" ec="59" bec="2" bev="2" fileid="10" />
                <SequencePoint vc="348" uspid="247" ordinal="6" offset="41" sl="54" sc="17" el="54" ec="18" bec="0" bev="0" fileid="10" />
                <SequencePoint vc="348" uspid="248" ordinal="7" offset="42" sl="55" sc="21" el="55" ec="53" bec="0" bev="0" fileid="10" />
                <SequencePoint vc="348" uspid="249" ordinal="8" offset="55" sl="56" sc="21" el="56" ec="25" bec="0" bev="0" fileid="10" />
                <SequencePoint vc="348" uspid="250" ordinal="9" offset="59" sl="57" sc="17" el="57" ec="18" bec="0" bev="0" fileid="10" />
                <SequencePoint vc="378" uspid="251" ordinal="10" offset="60" sl="58" sc="13" el="58" ec="14" bec="0" bev="0" fileid="10" />
                <SequencePoint vc="436" uspid="252" ordinal="11" offset="61" sl="50" sc="29" el="50" ec="35" bec="2" bev="2" fileid="10" />
                <SequencePoint vc="58" uspid="253" ordinal="12" offset="74" sl="59" sc="9" el="59" ec="10" bec="0" bev="0" fileid="10" />
              </SequencePoints>
              <BranchPoints>
                <BranchPoint vc="348" uspid="254" ordinal="0" offset="39" sl="53" path="0" offsetend="41" fileid="10" />
                <BranchPoint vc="30" uspid="255" ordinal="1" offset="39" sl="53" path="1" offsetend="60" fileid="10" />
                <BranchPoint vc="58" uspid="256" ordinal="2" offset="72" sl="50" path="0" offsetend="74" fileid="10" />
                <BranchPoint vc="378" uspid="257" ordinal="3" offset="72" sl="50" path="1" offsetend="11" fileid="10" />
              </BranchPoints>
              <MethodPoint xsi:type="SequencePoint" vc="58" uspid="241" ordinal="0" offset="0" sl="47" sc="9" el="47" ec="10" bec="0" bev="0" fileid="10" />
            </Method>
            <Method visited="true" cyclomaticComplexity="4" nPathComplexity="2" sequenceCoverage="100" branchCoverage="100" crapScore="4" isConstructor="false" isStatic="false" isGetter="false" isSetter="false">
              <Summary numSequencePoints="12" visitedSequencePoints="12" numBranchPoints="3" visitedBranchPoints="3" sequenceCoverage="100" branchCoverage="100" maxCyclomaticComplexity="4" minCyclomaticComplexity="4" maxCrapScore="4" minCrapScore="4" visitedClasses="0" numClasses="0" visitedMethods="1" numMethods="1" />
              <MetadataToken>100663327</MetadataToken>
              <Name>System.Boolean Loterica.Domain.Features.Apostas.Aposta::ValidaNumerosApostados()</Name>
              <FileRef uid="10" />
              <SequencePoints>
                <SequencePoint vc="85" uspid="258" ordinal="0" offset="0" sl="62" sc="9" el="62" ec="10" bec="0" bev="0" fileid="10" />
                <SequencePoint vc="85" uspid="259" ordinal="1" offset="1" sl="63" sc="13" el="63" ec="20" bec="0" bev="0" fileid="10" />
                <SequencePoint vc="85" uspid="260" ordinal="2" offset="2" sl="63" sc="34" el="63" ec="50" bec="0" bev="0" fileid="10" />
                <SequencePoint vc="510" uspid="261" ordinal="3" offset="16" sl="63" sc="22" el="63" ec="30" bec="0" bev="0" fileid="10" />
                <SequencePoint vc="510" uspid="262" ordinal="4" offset="24" sl="64" sc="13" el="64" ec="14" bec="0" bev="0" fileid="10" />
                <SequencePoint vc="510" uspid="263" ordinal="5" offset="25" sl="65" sc="17" el="65" ec="43" bec="2" bev="2" fileid="10" />
                <SequencePoint vc="2" uspid="264" ordinal="6" offset="41" sl="66" sc="17" el="66" ec="18" bec="0" bev="0" fileid="10" />
                <SequencePoint vc="2" uspid="265" ordinal="7" offset="42" sl="67" sc="21" el="67" ec="34" bec="0" bev="0" fileid="10" />
                <SequencePoint vc="508" uspid="266" ordinal="8" offset="46" sl="69" sc="13" el="69" ec="14" bec="0" bev="0" fileid="10" />
                <SequencePoint vc="593" uspid="267" ordinal="9" offset="47" sl="63" sc="31" el="63" ec="33" bec="0" bev="0" fileid="10" />
                <SequencePoint vc="83" uspid="268" ordinal="10" offset="73" sl="70" sc="13" el="70" ec="25" bec="0" bev="0" fileid="10" />
                <SequencePoint vc="85" uspid="269" ordinal="11" offset="77" sl="71" sc="9" el="71" ec="10" bec="0" bev="0" fileid="10" />
              </SequencePoints>
              <BranchPoints>
                <BranchPoint vc="2" uspid="272" ordinal="2" offset="39" sl="65" path="0" offsetend="41" fileid="10" />
                <BranchPoint vc="508" uspid="273" ordinal="3" offset="39" sl="65" path="1" offsetend="46" fileid="10" />
              </BranchPoints>
              <MethodPoint xsi:type="SequencePoint" vc="85" uspid="258" ordinal="0" offset="0" sl="62" sc="9" el="62" ec="10" bec="0" bev="0" fileid="10" />
            </Method>
          </Methods>
        </Class>
        <Class>
          <Summary numSequencePoints="3" visitedSequencePoints="3" numBranchPoints="1" visitedBranchPoints="1" sequenceCoverage="100" branchCoverage="100" maxCyclomaticComplexity="1" minCyclomaticComplexity="1" maxCrapScore="1" minCrapScore="1" visitedClasses="1" numClasses="1" visitedMethods="1" numMethods="1" />
          <FullName>Loterica.Domain.Features.Apostas.InvalidBetException</FullName>
          <Methods>
            <Method visited="true" cyclomaticComplexity="1" nPathComplexity="0" sequenceCoverage="100" branchCoverage="100" crapScore="1" isConstructor="true" isStatic="false" isGetter="false" isSetter="false">
              <Summary numSequencePoints="3" visitedSequencePoints="3" numBranchPoints="1" visitedBranchPoints="1" sequenceCoverage="100" branchCoverage="100" maxCyclomaticComplexity="1" minCyclomaticComplexity="1" maxCrapScore="1" minCrapScore="1" visitedClasses="0" numClasses="0" visitedMethods="1" numMethods="1" />
              <MetadataToken>100663330</MetadataToken>
              <Name>System.Void Loterica.Domain.Features.Apostas.InvalidBetException::.ctor()</Name>
              <FileRef uid="11" />
              <SequencePoints>
                <SequencePoint vc="5" uspid="276" ordinal="0" offset="0" sl="12" sc="40" el="12" ec="89" bec="0" bev="0" fileid="11" />
                <SequencePoint vc="5" uspid="277" ordinal="1" offset="12" sl="13" sc="9" el="13" ec="10" bec="0" bev="0" fileid="11" />
                <SequencePoint vc="5" uspid="278" ordinal="2" offset="13" sl="14" sc="9" el="14" ec="10" bec="0" bev="0" fileid="11" />
              </SequencePoints>
              <BranchPoints />
              <MethodPoint xsi:type="SequencePoint" vc="5" uspid="276" ordinal="0" offset="0" sl="12" sc="40" el="12" ec="89" bec="0" bev="0" fileid="11" />
            </Method>
          </Methods>
        </Class>
        <Class>
          <Summary numSequencePoints="3" visitedSequencePoints="3" numBranchPoints="1" visitedBranchPoints="1" sequenceCoverage="100" branchCoverage="100" maxCyclomaticComplexity="1" minCyclomaticComplexity="1" maxCrapScore="1" minCrapScore="1" visitedClasses="1" numClasses="1" visitedMethods="1" numMethods="1" />
          <FullName>Loterica.Domain.Features.Apostas.InvalidListApostaException</FullName>
          <Methods>
            <Method visited="true" cyclomaticComplexity="1" nPathComplexity="0" sequenceCoverage="100" branchCoverage="100" crapScore="1" isConstructor="true" isStatic="false" isGetter="false" isSetter="false">
              <Summary numSequencePoints="3" visitedSequencePoints="3" numBranchPoints="1" visitedBranchPoints="1" sequenceCoverage="100" branchCoverage="100" maxCyclomaticComplexity="1" minCyclomaticComplexity="1" maxCrapScore="1" minCrapScore="1" visitedClasses="0" numClasses="0" visitedMethods="1" numMethods="1" />
              <MetadataToken>100663331</MetadataToken>
              <Name>System.Void Loterica.Domain.Features.Apostas.InvalidListApostaException::.ctor()</Name>
              <FileRef uid="12" />
              <SequencePoints>
                <SequencePoint vc="3" uspid="279" ordinal="0" offset="0" sl="12" sc="47" el="12" ec="95" bec="0" bev="0" fileid="12" />
                <SequencePoint vc="3" uspid="280" ordinal="1" offset="12" sl="13" sc="9" el="13" ec="10" bec="0" bev="0" fileid="12" />
                <SequencePoint vc="3" uspid="281" ordinal="2" offset="13" sl="14" sc="9" el="14" ec="10" bec="0" bev="0" fileid="12" />
              </SequencePoints>
              <BranchPoints />
              <MethodPoint xsi:type="SequencePoint" vc="3" uspid="279" ordinal="0" offset="0" sl="12" sc="47" el="12" ec="95" bec="0" bev="0" fileid="12" />
            </Method>
          </Methods>
        </Class>
        <Class>
          <Summary numSequencePoints="3" visitedSequencePoints="3" numBranchPoints="1" visitedBranchPoints="1" sequenceCoverage="100" branchCoverage="100" maxCyclomaticComplexity="1" minCyclomaticComplexity="1" maxCrapScore="1" minCrapScore="1" visitedClasses="1" numClasses="1" visitedMethods="1" numMethods="1" />
          <FullName>Loterica.Domain.Features.Apostas.InvalidNumberException</FullName>
          <Methods>
            <Method visited="true" cyclomaticComplexity="1" nPathComplexity="0" sequenceCoverage="100" branchCoverage="100" crapScore="1" isConstructor="true" isStatic="false" isGetter="false" isSetter="false">
              <Summary numSequencePoints="3" visitedSequencePoints="3" numBranchPoints="1" visitedBranchPoints="1" sequenceCoverage="100" branchCoverage="100" maxCyclomaticComplexity="1" minCyclomaticComplexity="1" maxCrapScore="1" minCrapScore="1" visitedClasses="0" numClasses="0" visitedMethods="1" numMethods="1" />
              <MetadataToken>100663332</MetadataToken>
              <Name>System.Void Loterica.Domain.Features.Apostas.InvalidNumberException::.ctor()</Name>
              <FileRef uid="13" />
              <SequencePoints>
                <SequencePoint vc="2" uspid="282" ordinal="0" offset="0" sl="12" sc="43" el="12" ec="79" bec="0" bev="0" fileid="13" />
                <SequencePoint vc="2" uspid="283" ordinal="1" offset="12" sl="13" sc="9" el="13" ec="10" bec="0" bev="0" fileid="13" />
                <SequencePoint vc="2" uspid="284" ordinal="2" offset="13" sl="14" sc="9" el="14" ec="10" bec="0" bev="0" fileid="13" />
              </SequencePoints>
              <BranchPoints />
              <MethodPoint xsi:type="SequencePoint" vc="2" uspid="282" ordinal="0" offset="0" sl="12" sc="43" el="12" ec="79" bec="0" bev="0" fileid="13" />
            </Method>
          </Methods>
        </Class>
        <Class>
          <Summary numSequencePoints="3" visitedSequencePoints="3" numBranchPoints="1" visitedBranchPoints="1" sequenceCoverage="100" branchCoverage="100" maxCyclomaticComplexity="1" minCyclomaticComplexity="1" maxCrapScore="1" minCrapScore="1" visitedClasses="1" numClasses="1" visitedMethods="1" numMethods="1" />
          <FullName>Loterica.Domain.Exceptions.UnsupportedOperationException</FullName>
          <Methods>
            <Method visited="true" cyclomaticComplexity="1" nPathComplexity="0" sequenceCoverage="100" branchCoverage="100" crapScore="1" isConstructor="true" isStatic="false" isGetter="false" isSetter="false">
              <Summary numSequencePoints="3" visitedSequencePoints="3" numBranchPoints="1" visitedBranchPoints="1" sequenceCoverage="100" branchCoverage="100" maxCyclomaticComplexity="1" minCyclomaticComplexity="1" maxCrapScore="1" minCrapScore="1" visitedClasses="0" numClasses="0" visitedMethods="1" numMethods="1" />
              <MetadataToken>100663333</MetadataToken>
              <Name>System.Void Loterica.Domain.Exceptions.UnsupportedOperationException::.ctor()</Name>
              <FileRef uid="14" />
              <SequencePoints>
                <SequencePoint vc="12" uspid="285" ordinal="0" offset="0" sl="11" sc="50" el="11" ec="80" bec="0" bev="0" fileid="14" />
                <SequencePoint vc="12" uspid="286" ordinal="1" offset="12" sl="12" sc="9" el="12" ec="10" bec="0" bev="0" fileid="14" />
[...]
              <Name>System.Void Loterica.Infra.Data.Features.Apostas.ApostaSQLRepository::Editar(Loterica.Domain.Features.Apostas.Aposta)</Name>
              <FileRef uid="97" />
              <SequencePoints>
                <SequencePoint vc="2" uspid="1111" ordinal="0" offset="0" sl="79" sc="9" el="79" ec="10" bec="0" bev="0" fileid="97" />
                <SequencePoint vc="2" uspid="1112" ordinal="1" offset="1" sl="81" sc="13" el="81" ec="55" bec="0" bev="0" fileid="97" />
              </SequencePoints>
              <BranchPoints />
              <MethodPoint xsi:type="SequencePoint" vc="2" uspid="1111" ordinal="0" offset="0" sl="79" sc="9" el="79" ec="10" bec="0" bev="0" fileid="97" />
            </Method>
            <Method visited="true" cyclomaticComplexity="1" nPathComplexity="0" sequenceCoverage="100" branchCoverage="100" crapScore="1" isConstructor="false" isStatic="false" isGetter="false" isSetter="false">
              <Summary numSequencePoints="2" visitedSequencePoints="2" numBranchPoints="1" visitedBranchPoints="1" sequenceCoverage="100" branchCoverage="100" maxCyclomaticComplexity="1" minCyclomaticComplexity="1" maxCrapScore="1" minCrapScore="1" visitedClasses="0" numClasses="0" visitedMethods="1" numMethods="1" />
              <MetadataToken>100663338</MetadataToken>
              <Name>System.Void Loterica.Infra.Data.Features.Apostas.ApostaSQLRepository::Excluir(System.Int32)</Name>
              <FileRef uid="97" />
              <SequencePoints>
                <SequencePoint vc="2" uspid="1113" ordinal="0" offset="0" sl="85" sc="9" el="85" ec="10" bec="0" bev="0" fileid="97" />
                <SequencePoint vc="2" uspid="1114" ordinal="1" offset="1" sl="86" sc="13" el="86" ec="55" bec="0" bev="0" fileid="97" />
              </SequencePoints>
              <BranchPoints />
              <MethodPoint xsi:type="SequencePoint" vc="2" uspid="1113" ordinal="0" offset="0" sl="85" sc="9" el="85" ec="10" bec="0" bev="0" fileid="97" />
            </Method>
            <Method visited="true" cyclomaticComplexity="1" nPathComplexity="0" sequenceCoverage="100" branchCoverage="100" crapScore="1" isConstructor="false" isStatic="false" isGetter="false" isSetter="false">
              <Summary numSequencePoints="3" visitedSequencePoints="3" numBranchPoints="1" visitedBranchPoints="1" sequenceCoverage="100" branchCoverage="100" maxCyclomaticComplexity="1" minCyclomaticComplexity="1" maxCrapScore="1" minCrapScore="1" visitedClasses="0" numClasses="0" visitedMethods="1" numMethods="1" />
              <MetadataToken>100663339</MetadataToken>
              <Name>System.Collections.Generic.List`1&lt;Loterica.Domain.Features.Apostas.Aposta&gt; Loterica.Infra.Data.Features.Apostas.ApostaSQLRepository::GetAll()</Name>
              <FileRef uid="97" />
              <SequencePoints>
                <SequencePoint vc="2" uspid="1115" ordinal="0" offset="0" sl="90" sc="9" el="90" ec="10" bec="0" bev="0" fileid="97" />
                <SequencePoint vc="2" uspid="1116" ordinal="1" offset="1" sl="91" sc="13" el="91" ec="48" bec="0" bev="0" fileid="97" />
                <SequencePoint vc="2" uspid="1117" ordinal="2" offset="28" sl="92" sc="9" el="92" ec="10" bec="0" bev="0" fileid="97" />
              </SequencePoints>
              <BranchPoints />
              <MethodPoint xsi:type="SequencePoint" vc="2" uspid="1115" ordinal="0" offset="0" sl="90" sc="9" el="90" ec="10" bec="0" bev="0" fileid="97" />
            </Method>
            <Method visited="true" cyclomaticComplexity="1" nPathComplexity="0" sequenceCoverage="100" branchCoverage="100" crapScore="1" isConstructor="false" isStatic="false" isGetter="false" isSetter="false">
              <Summary numSequencePoints="4" visitedSequencePoints="4" numBranchPoints="1" visitedBranchPoints="1" sequenceCoverage="100" branchCoverage="100" maxCyclomaticComplexity="1" minCyclomaticComplexity="1" maxCrapScore="1" minCrapScore="1" visitedClasses="0" numClasses="0" visitedMethods="1" numMethods="1" />
              <MetadataToken>100663340</MetadataToken>
              <Name>Loterica.Domain.Features.Apostas.Aposta Loterica.Infra.Data.Features.Apostas.ApostaSQLRepository::GetById(System.Int32)</Name>
              <FileRef uid="97" />
              <SequencePoints>
                <SequencePoint vc="3" uspid="1118" ordinal="0" offset="0" sl="95" sc="9" el="95" ec="10" bec="0" bev="0" fileid="97" />
                <SequencePoint vc="3" uspid="1119" ordinal="1" offset="1" sl="96" sc="13" el="96" ec="96" bec="0" bev="0" fileid="97" />
                <SequencePoint vc="3" uspid="1120" ordinal="2" offset="25" sl="97" sc="13" el="97" ec="53" bec="0" bev="0" fileid="97" />
                <SequencePoint vc="3" uspid="1121" ordinal="3" offset="52" sl="98" sc="9" el="98" ec="10" bec="0" bev="0" fileid="97" />
              </SequencePoints>
              <BranchPoints />
              <MethodPoint xsi:type="SequencePoint" vc="3" uspid="1118" ordinal="0" offset="0" sl="95" sc="9" el="95" ec="10" bec="0" bev="0" fileid="97" />
            </Method>
            <Method visited="true" cyclomaticComplexity="1" nPathComplexity="0" sequenceCoverage="100" branchCoverage="100" crapScore="1" isConstructor="false" isStatic="false" isGetter="false" isSetter="false">
              <Summary numSequencePoints="4" visitedSequencePoints="4" numBranchPoints="1" visitedBranchPoints="1" sequenceCoverage="100" branchCoverage="100" maxCyclomaticComplexity="1" minCyclomaticComplexity="1" maxCrapScore="1" minCrapScore="1" visitedClasses="0" numClasses="0" visitedMethods="1" numMethods="1" />
              <MetadataToken>100663341</MetadataToken>
              <Name>System.Collections.Generic.List`1&lt;Loterica.Domain.Features.Apostas.Aposta&gt; Loterica.Infra.Data.Features.Apostas.ApostaSQLRepository::GetByConcursoId(System.Int32)</Name>
              <FileRef uid="97" />
              <SequencePoints>
                <SequencePoint vc="4" uspid="1122" ordinal="0" offset="0" sl="101" sc="9" el="101" ec="10" bec="0" bev="0" fileid="97" />
                <SequencePoint vc="4" uspid="1123" ordinal="1" offset="1" sl="102" sc="13" el="102" ec="96" bec="0" bev="0" fileid="97" />
                <SequencePoint vc="4" uspid="1124" ordinal="2" offset="25" sl="103" sc="13" el="103" ec="64" bec="0" bev="0" fileid="97" />
                <SequencePoint vc="4" uspid="1125" ordinal="3" offset="52" sl="104" sc="9" el="104" ec="10" bec="0" bev="0" fileid="97" />
              </SequencePoints>
              <BranchPoints />
              <MethodPoint xsi:type="SequencePoint" vc="4" uspid="1122" ordinal="0" offset="0" sl="101" sc="9" el="101" ec="10" bec="0" bev="0" fileid="97" />
            </Method>
            <Method visited="true" cyclomaticComplexity="1" nPathComplexity="0" sequenceCoverage="100" branchCoverage="100" crapScore="1" isConstructor="false" isStatic="false" isGetter="false" isSetter="false">
              <Summary numSequencePoints="4" visitedSequencePoints="4" numBranchPoints="1" visitedBranchPoints="1" sequenceCoverage="100" branchCoverage="100" maxCyclomaticComplexity="1" minCyclomaticComplexity="1" maxCrapScore="1" minCrapScore="1" visitedClasses="0" numClasses="0" visitedMethods="1" numMethods="1" />
              <MetadataToken>100663342</MetadataToken>
              <Name>System.Collections.Generic.List`1&lt;Loterica.Domain.Features.Apostas.Aposta&gt; Loterica.Infra.Data.Features.Apostas.ApostaSQLRepository::GetByConcursoIdComBolao(System.Int32)</Name>
              <FileRef uid="97" />
              <SequencePoints>
                <SequencePoint vc="4" uspid="1126" ordinal="0" offset="0" sl="107" sc="9" el="107" ec="10" bec="0" bev="0" fileid="97" />
                <SequencePoint vc="4" uspid="1127" ordinal="1" offset="1" sl="108" sc="13" el="108" ec="96" bec="0" bev="0" fileid="97" />
                <SequencePoint vc="4" uspid="1128" ordinal="2" offset="25" sl="109" sc="13" el="109" ec="72" bec="0" bev="0" fileid="97" />
                <SequencePoint vc="4" uspid="1129" ordinal="3" offset="52" sl="110" sc="9" el="110" ec="10" bec="0" bev="0" fileid="97" />
              </SequencePoints>
              <BranchPoints />
              <MethodPoint xsi:type="SequencePoint" vc="4" uspid="1126" ordinal="0" offset="0" sl="107" sc="9" el="107" ec="10" bec="0" bev="0" fileid="97" />
            </Method>
            <Method visited="true" cyclomaticComplexity="1" nPathComplexity="0" sequenceCoverage="100" branchCoverage="100" crapScore="1" isConstructor="false" isStatic="false" isGetter="false" isSetter="false">
              <Summary numSequencePoints="4" visitedSequencePoints="4" numBranchPoints="1" visitedBranchPoints="1" sequenceCoverage="100" branchCoverage="100" maxCyclomaticComplexity="1" minCyclomaticComplexity="1" maxCrapScore="1" minCrapScore="1" visitedClasses="0" numClasses="0" visitedMethods="1" numMethods="1" />
              <MetadataToken>100663343</MetadataToken>
              <Name>System.Collections.Generic.List`1&lt;Loterica.Domain.Features.Apostas.Aposta&gt; Loterica.Infra.Data.Features.Apostas.ApostaSQLRepository::GetByBolaoId(System.Int32)</Name>
              <FileRef uid="97" />
              <SequencePoints>
                <SequencePoint vc="9" uspid="1130" ordinal="0" offset="0" sl="113" sc="9" el="113" ec="10" bec="0" bev="0" fileid="97" />
                <SequencePoint vc="9" uspid="1131" ordinal="1" offset="1" sl="114" sc="13" el="114" ec="96" bec="0" bev="0" fileid="97" />
                <SequencePoint vc="9" uspid="1132" ordinal="2" offset="25" sl="115" sc="13" el="115" ec="61" bec="0" bev="0" fileid="97" />
                <SequencePoint vc="9" uspid="1133" ordinal="3" offset="52" sl="116" sc="9" el="116" ec="10" bec="0" bev="0" fileid="97" />
              </SequencePoints>
              <BranchPoints />
              <MethodPoint xsi:type="SequencePoint" vc="9" uspid="1130" ordinal="0" offset="0" sl="113" sc="9" el="113" ec="10" bec="0" bev="0" fileid="97" />
            </Method>
            <Method visited="true" cyclomaticComplexity="1" nPathComplexity="0" sequenceCoverage="100" branchCoverage="100" crapScore="1" isConstructor="false" isStatic="false" isGetter="false" isSetter="false">
              <Summary numSequencePoints="3" visitedSequencePoints="3" numBranchPoints="1" visitedBranchPoints="1" sequenceCoverage="100" branchCoverage="100" maxCyclomaticComplexity="1" minCyclomaticComplexity="1" maxCrapScore="1" minCrapScore="1" visitedClasses="0" numClasses="0" visitedMethods="1" numMethods="1" />
              <MetadataToken>100663344</MetadataToken>
              <Name>System.Collections.Generic.Dictionary`2&lt;System.String,System.Object&gt; Loterica.Infra.Data.Features.Apostas.ApostaSQLRepository::Take(Loterica.Domain.Features.Apostas.Aposta)</Name>
              <FileRef uid="97" />
              <SequencePoints>
                <SequencePoint vc="78" uspid="1134" ordinal="0" offset="0" sl="120" sc="9" el="120" ec="10" bec="0" bev="0" fileid="97" />
                <SequencePoint vc="78" uspid="1135" ordinal="1" offset="1" sl="121" sc="13" el="126" ec="15" bec="0" bev="0" fileid="97" />
                <SequencePoint vc="78" uspid="1136" ordinal="2" offset="84" sl="127" sc="9" el="127" ec="10" bec="0" bev="0" fileid="97" />
              </SequencePoints>
              <BranchPoints />
              <MethodPoint xsi:type="SequencePoint" vc="78" uspid="1134" ordinal="0" offset="0" sl="120" sc="9" el="120" ec="10" bec="0" bev="0" fileid="97" />
            </Method>
            <Method visited="true" cyclomaticComplexity="1" nPathComplexity="0" sequenceCoverage="100" branchCoverage="100" crapScore="1" isConstructor="false" isStatic="false" isGetter="false" isSetter="false">
              <Summary numSequencePoints="9" visitedSequencePoints="9" numBranchPoints="1" visitedBranchPoints="1" sequenceCoverage="100" branchCoverage="100" maxCyclomaticComplexity="1" minCyclomaticComplexity="1" maxCrapScore="1" minCrapScore="1" visitedClasses="0" numClasses="0" visitedMethods="1" numMethods="1" />
              <MetadataToken>100663345</MetadataToken>
              <Name>Loterica.Domain.Features.Apostas.Aposta Loterica.Infra.Data.Features.Apostas.ApostaSQLRepository::Make(System.Data.IDataReader)</Name>
              <FileRef uid="97" />
              <SequencePoints>
                <SequencePoint vc="67" uspid="1137" ordinal="0" offset="0" sl="130" sc="9" el="130" ec="10" bec="0" bev="0" fileid="97" />
                <SequencePoint vc="67" uspid="1138" ordinal="1" offset="1" sl="131" sc="13" el="131" ec="56" bec="0" bev="0" fileid="97" />
                <SequencePoint vc="67" uspid="1139" ordinal="2" offset="12" sl="132" sc="13" el="132" ec="55" bec="0" bev="0" fileid="97" />
                <SequencePoint vc="67" uspid="1140" ordinal="3" offset="34" sl="133" sc="13" el="133" ec="121" bec="0" bev="0" fileid="97" />
                <SequencePoint vc="67" uspid="1141" ordinal="4" offset="62" sl="134" sc="13" el="134" ec="72" bec="0" bev="0" fileid="97" />
                <SequencePoint vc="67" uspid="1142" ordinal="5" offset="89" sl="135" sc="13" el="135" ec="91" bec="0" bev="0" fileid="97" />
                <SequencePoint vc="67" uspid="1143" ordinal="6" offset="116" sl="136" sc="13" el="136" ec="95" bec="0" bev="0" fileid="97" />
                <SequencePoint vc="67" uspid="1144" ordinal="7" offset="143" sl="137" sc="13" el="137" ec="27" bec="0" bev="0" fileid="97" />
                <SequencePoint vc="67" uspid="1145" ordinal="8" offset="147" sl="138" sc="9" el="138" ec="10" bec="0" bev="0" fileid="97" />
              </SequencePoints>
              <BranchPoints />
              <MethodPoint xsi:type="SequencePoint" vc="67" uspid="1137" ordinal="0" offset="0" sl="130" sc="9" el="130" ec="10" bec="0" bev="0" fileid="97" />
            </Method>
            <Method visited="true" cyclomaticComplexity="3" nPathComplexity="2" sequenceCoverage="100" branchCoverage="100" crapScore="3" isConstructor="false" isStatic="false" isGetter="false" isSetter="false">
              <Summary numSequencePoints="13" visitedSequencePoints="13" numBranchPoints="3" visitedBranchPoints="3" sequenceCoverage="100" branchCoverage="100" maxCyclomaticComplexity="3" minCyclomaticComplexity="3" maxCrapScore="3" minCrapScore="3" visitedClasses="0" numClasses="0" visitedMethods="1" numMethods="1" />
              <MetadataToken>100663346</MetadataToken>
              <Name>System.String Loterica.Infra.Data.Features.Apostas.ApostaSQLRepository::ConverterNumerosApostadosParaString(System.Collections.Generic.List`1&lt;System.Int32&gt;)</Name>
              <FileRef uid="97" />
              <SequencePoints>
                <SequencePoint vc="78" uspid="1146" ordinal="0" offset="0" sl="141" sc="9" el="141" ec="10" bec="0" bev="0" fileid="97" />
                <SequencePoint vc="78" uspid="1147" ordinal="1" offset="1" sl="142" sc="13" el="142" ec="43" bec="0" bev="0" fileid="97" />
                <SequencePoint vc="78" uspid="1148" ordinal="2" offset="7" sl="143" sc="13" el="143" ec="20" bec="0" bev="0" fileid="97" />
                <SequencePoint vc="78" uspid="1149" ordinal="3" offset="8" sl="143" sc="34" el="143" ec="47" bec="0" bev="0" fileid="97" />
                <SequencePoint vc="468" uspid="1150" ordinal="4" offset="17" sl="143" sc="22" el="143" ec="30" bec="0" bev="0" fileid="97" />
                <SequencePoint vc="468" uspid="1151" ordinal="5" offset="25" sl="144" sc="13" el="144" ec="14" bec="0" bev="0" fileid="97" />
                <SequencePoint vc="468" uspid="1152" ordinal="6" offset="26" sl="145" sc="17" el="145" ec="45" bec="2" bev="2" fileid="97" />
                <SequencePoint vc="78" uspid="1153" ordinal="7" offset="41" sl="146" sc="21" el="146" ec="47" bec="0" bev="0" fileid="97" />
                <SequencePoint vc="390" uspid="1154" ordinal="8" offset="51" sl="148" sc="21" el="148" ec="63" bec="0" bev="0" fileid="97" />
                <SequencePoint vc="468" uspid="1155" ordinal="9" offset="70" sl="149" sc="13" el="149" ec="14" bec="0" bev="0" fileid="97" />
                <SequencePoint vc="546" uspid="1156" ordinal="10" offset="71" sl="143" sc="31" el="143" ec="33" bec="0" bev="0" fileid="97" />
                <SequencePoint vc="78" uspid="1157" ordinal="11" offset="97" sl="150" sc="13" el="150" ec="28" bec="0" bev="0" fileid="97" />
                <SequencePoint vc="78" uspid="1158" ordinal="12" offset="102" sl="151" sc="9" el="151" ec="10" bec="0" bev="0" fileid="97" />
              </SequencePoints>
              <BranchPoints>
                <BranchPoint vc="78" uspid="1159" ordinal="0" offset="39" sl="145" path="0" offsetend="41" fileid="97" />
                <BranchPoint vc="390" uspid="1160" ordinal="1" offset="39" sl="145" path="1" offsetend="51" fileid="97" />
              </BranchPoints>
              <MethodPoint xsi:type="SequencePoint" vc="78" uspid="1146" ordinal="0" offset="0" sl="141" sc="9" el="141" ec="10" bec="0" bev="0" fileid="97" />
            </Method>
            <Method visited="true" cyclomaticComplexity="2" nPathComplexity="0" sequenceCoverage="100" branchCoverage="100" crapScore="2" isConstructor="false" isStatic="false" isGetter="false" isSetter="false">
              <Summary numSequencePoints="12" visitedSequencePoints="12" numBranchPoints="1" visitedBranchPoints="1" sequenceCoverage="100" branchCoverage="100" maxCyclomaticComplexity="2" minCyclomaticComplexity="2" maxCrapScore="2" minCrapScore="2" visitedClasses="0" numClasses="0" visitedMethods="1" numMethods="1" />
              <MetadataToken>100663347</MetadataToken>
              <Name>System.Collections.Generic.List`1&lt;System.Int32&gt; Loterica.Infra.Data.Features.Apostas.ApostaSQLRepository::ConverterStringParaNumerosApostados(System.String)</Name>
              <FileRef uid="97" />
              <SequencePoints>
                <SequencePoint vc="67" uspid="1163" ordinal="0" offset="0" sl="154" sc="9" el="154" ec="10" bec="0" bev="0" fileid="97" />
                <SequencePoint vc="67" uspid="1164" ordinal="1" offset="1" sl="155" sc="13" el="155" ec="44" bec="0" bev="0" fileid="97" />
                <SequencePoint vc="67" uspid="1165" ordinal="2" offset="19" sl="156" sc="13" el="156" ec="55" bec="0" bev="0" fileid="97" />
                <SequencePoint vc="67" uspid="1166" ordinal="3" offset="25" sl="157" sc="13" el="157" ec="20" bec="0" bev="0" fileid="97" />
                <SequencePoint vc="67" uspid="1167" ordinal="4" offset="26" sl="157" sc="34" el="157" ec="41" bec="0" bev="0" fileid="97" />
                <SequencePoint vc="402" uspid="1168" ordinal="5" offset="32" sl="157" sc="22" el="157" ec="30" bec="0" bev="0" fileid="97" />
                <SequencePoint vc="402" uspid="1169" ordinal="6" offset="37" sl="158" sc="13" el="158" ec="14" bec="0" bev="0" fileid="97" />
                <SequencePoint vc="402" uspid="1170" ordinal="7" offset="38" sl="159" sc="17" el="159" ec="58" bec="0" bev="0" fileid="97" />
                <SequencePoint vc="402" uspid="1171" ordinal="8" offset="52" sl="160" sc="13" el="160" ec="14" bec="0" bev="0" fileid="97" />
                <SequencePoint vc="469" uspid="1172" ordinal="9" offset="57" sl="157" sc="31" el="157" ec="33" bec="0" bev="0" fileid="97" />
                <SequencePoint vc="67" uspid="1173" ordinal="10" offset="63" sl="161" sc="13" el="161" ec="34" bec="0" bev="0" fileid="97" />
                <SequencePoint vc="67" uspid="1174" ordinal="11" offset="68" sl="162" sc="9" el="162" ec="10" bec="0" bev="0" fileid="97" />
              </SequencePoints>
              <BranchPoints />
              <MethodPoint xsi:type="SequencePoint" vc="67" uspid="1163" ordinal="0" offset="0" sl="154" sc="9" el="154" ec="10" bec="0" bev="0" fileid="97" />
            </Method>
          </Methods>
        </Class>
      </Classes>
    </Module>
  </Modules>
</CoverageSession>